Microsoft Windows [版本 10.0.22631.3737]
(c) Microsoft Corporation。保留所有权利。

C:\Users\chang\Downloads\katago tensorrt>make
[  0%] Generating program/gitinfoupdated.h
[  1%] Building CXX object CMakeFiles/katago.dir/core/global.cpp.obj
In file included from C:/cygwin64/usr/x86_64-w64-mingw32/sys-root/mingw/include/pthread.h:64,
                 from /usr/lib/gcc/x86_64-pc-cygwin/11/include/c++/x86_64-pc-cygwin/bits/gthr-default.h:35,
                 from /usr/lib/gcc/x86_64-pc-cygwin/11/include/c++/x86_64-pc-cygwin/bits/gthr.h:148,
                 from /usr/lib/gcc/x86_64-pc-cygwin/11/include/c++/ext/atomicity.h:35,
                 from /usr/lib/gcc/x86_64-pc-cygwin/11/include/c++/bits/ios_base.h:39,
                 from /usr/lib/gcc/x86_64-pc-cygwin/11/include/c++/ios:42,
                 from /usr/lib/gcc/x86_64-pc-cygwin/11/include/c++/ostream:38,
                 from /usr/lib/gcc/x86_64-pc-cygwin/11/include/c++/iostream:39,
                 from C:/Users/chang/OneDrive/Documents/GitHub/KataGo/cpp/core/../core/global.h:14,
                 from C:/Users/chang/OneDrive/Documents/GitHub/KataGo/cpp/core/global.cpp:1:
C:/cygwin64/usr/x86_64-w64-mingw32/sys-root/mingw/include/sys/types.h:10:2: error: #error Only Win32 target is supported!
   10 | #error Only Win32 target is supported!
      |  ^~~~~
In file included from C:/cygwin64/usr/x86_64-w64-mingw32/sys-root/mingw/include/pthread.h:69,
                 from /usr/lib/gcc/x86_64-pc-cygwin/11/include/c++/x86_64-pc-cygwin/bits/gthr-default.h:35,
                 from /usr/lib/gcc/x86_64-pc-cygwin/11/include/c++/x86_64-pc-cygwin/bits/gthr.h:148,
                 from /usr/lib/gcc/x86_64-pc-cygwin/11/include/c++/ext/atomicity.h:35,
                 from /usr/lib/gcc/x86_64-pc-cygwin/11/include/c++/bits/ios_base.h:39,
                 from /usr/lib/gcc/x86_64-pc-cygwin/11/include/c++/ios:42,
                 from /usr/lib/gcc/x86_64-pc-cygwin/11/include/c++/ostream:38,
                 from /usr/lib/gcc/x86_64-pc-cygwin/11/include/c++/iostream:39,
                 from C:/Users/chang/OneDrive/Documents/GitHub/KataGo/cpp/core/../core/global.h:14,
                 from C:/Users/chang/OneDrive/Documents/GitHub/KataGo/cpp/core/global.cpp:1:
C:/cygwin64/usr/x86_64-w64-mingw32/sys-root/mingw/include/time.h:12:2: error: #error Only Win32 target is supported!
   12 | #error Only Win32 target is supported!
      |  ^~~~~
In file included from C:/cygwin64/usr/x86_64-w64-mingw32/sys-root/mingw/include/time.h:25,
                 from C:/cygwin64/usr/x86_64-w64-mingw32/sys-root/mingw/include/pthread.h:69,
                 from /usr/lib/gcc/x86_64-pc-cygwin/11/include/c++/x86_64-pc-cygwin/bits/gthr-default.h:35,
                 from /usr/lib/gcc/x86_64-pc-cygwin/11/include/c++/x86_64-pc-cygwin/bits/gthr.h:148,
                 from /usr/lib/gcc/x86_64-pc-cygwin/11/include/c++/ext/atomicity.h:35,
                 from /usr/lib/gcc/x86_64-pc-cygwin/11/include/c++/bits/ios_base.h:39,
                 from /usr/lib/gcc/x86_64-pc-cygwin/11/include/c++/ios:42,
                 from /usr/lib/gcc/x86_64-pc-cygwin/11/include/c++/ostream:38,
                 from /usr/lib/gcc/x86_64-pc-cygwin/11/include/c++/iostream:39,
                 from C:/Users/chang/OneDrive/Documents/GitHub/KataGo/cpp/core/../core/global.h:14,
                 from C:/Users/chang/OneDrive/Documents/GitHub/KataGo/cpp/core/global.cpp:1:
C:/cygwin64/usr/x86_64-w64-mingw32/sys-root/mingw/include/sys/timeb.h:12:2: error: #error Only Win32 target is supported!
   12 | #error Only Win32 target is supported!
      |  ^~~~~
In file included from /usr/lib/gcc/x86_64-pc-cygwin/11/include/c++/cwctype:50,
                 from /usr/lib/gcc/x86_64-pc-cygwin/11/include/c++/bits/locale_facets.h:39,
                 from /usr/lib/gcc/x86_64-pc-cygwin/11/include/c++/bits/basic_ios.h:37,
                 from /usr/lib/gcc/x86_64-pc-cygwin/11/include/c++/ios:44,
                 from /usr/lib/gcc/x86_64-pc-cygwin/11/include/c++/ostream:38,
                 from /usr/lib/gcc/x86_64-pc-cygwin/11/include/c++/iostream:39,
                 from C:/Users/chang/OneDrive/Documents/GitHub/KataGo/cpp/core/../core/global.h:14,
                 from C:/Users/chang/OneDrive/Documents/GitHub/KataGo/cpp/core/global.cpp:1:
C:/cygwin64/usr/x86_64-w64-mingw32/sys-root/mingw/include/wctype.h:10:2: error: #error Only Win32 target is supported!
   10 | #error Only Win32 target is supported!
      |  ^~~~~
In file included from C:/cygwin64/usr/x86_64-w64-mingw32/sys-root/mingw/include/stdarg.h:140,
                 from /usr/lib/gcc/x86_64-pc-cygwin/11/include/c++/cstdarg:43,
                 from C:/Users/chang/OneDrive/Documents/GitHub/KataGo/cpp/core/global.cpp:10:
C:/cygwin64/usr/x86_64-w64-mingw32/sys-root/mingw/include/_mingw_stdarg.h:11:2: error: #error Only Win32 target is supported!
   11 | #error Only Win32 target is supported!
      |  ^~~~~
In file included from /usr/x86_64-w64-mingw32/sys-root/mingw/include/_cygwin.h:14,
                 from C:/cygwin64/usr/x86_64-w64-mingw32/sys-root/mingw/include/_mingw.h:15,
                 from C:/cygwin64/usr/x86_64-w64-mingw32/sys-root/mingw/include/corecrt.h:10,
                 from C:/cygwin64/usr/x86_64-w64-mingw32/sys-root/mingw/include/crtdefs.h:10,
                 from C:/cygwin64/usr/x86_64-w64-mingw32/sys-root/mingw/include/stddef.h:7,
                 from /usr/include/stdlib.h:16,
                 from /usr/lib/gcc/x86_64-pc-cygwin/11/include/c++/cstdlib:75,
                 from /usr/lib/gcc/x86_64-pc-cygwin/11/include/c++/bits/stl_algo.h:59,
                 from /usr/lib/gcc/x86_64-pc-cygwin/11/include/c++/algorithm:62,
                 from C:/Users/chang/OneDrive/Documents/GitHub/KataGo/cpp/core/../core/global.h:11,
                 from C:/Users/chang/OneDrive/Documents/GitHub/KataGo/cpp/core/global.cpp:1:
C:/cygwin64/usr/x86_64-w64-mingw32/sys-root/mingw/include/stddef.h:18:3: error: '_CRTIMP' does not name a type
   18 |   _CRTIMP extern int *__cdecl _errno(void);
      |   ^~~~~~~
C:/cygwin64/usr/x86_64-w64-mingw32/sys-root/mingw/include/stddef.h:20:3: error: 'errno_t' does not name a type; did you mean 'errno'?
   20 |   errno_t __cdecl _set_errno(int _Value);
      |   ^~~~~~~
      |   errno
C:/cygwin64/usr/x86_64-w64-mingw32/sys-root/mingw/include/stddef.h:21:3: error: 'errno_t' does not name a type; did you mean 'errno'?
   21 |   errno_t __cdecl _get_errno(int *_Value);
      |   ^~~~~~~
      |   errno
C:/cygwin64/usr/x86_64-w64-mingw32/sys-root/mingw/include/stddef.h:24:3: error: '_CRTIMP' does not name a type
   24 |   _CRTIMP extern unsigned long __cdecl __threadid(void);
      |   ^~~~~~~
C:/cygwin64/usr/x86_64-w64-mingw32/sys-root/mingw/include/stddef.h:26:3: error: '_CRTIMP' does not name a type
   26 |   _CRTIMP extern uintptr_t __cdecl __threadhandle(void);
      |   ^~~~~~~
In file included from /usr/include/sys/reent.h:16,
                 from /usr/include/stdlib.h:18,
                 from /usr/lib/gcc/x86_64-pc-cygwin/11/include/c++/cstdlib:75,
                 from /usr/lib/gcc/x86_64-pc-cygwin/11/include/c++/bits/stl_algo.h:59,
                 from /usr/lib/gcc/x86_64-pc-cygwin/11/include/c++/algorithm:62,
                 from C:/Users/chang/OneDrive/Documents/GitHub/KataGo/cpp/core/../core/global.h:11,
                 from C:/Users/chang/OneDrive/Documents/GitHub/KataGo/cpp/core/global.cpp:1:
/usr/include/sys/_types.h:167:5: error: 'wint_t' does not name a type
  167 |     wint_t __wch;
      |     ^~~~~~
In file included from /usr/lib/gcc/x86_64-pc-cygwin/11/include/c++/cstdlib:75,
                 from /usr/lib/gcc/x86_64-pc-cygwin/11/include/c++/bits/stl_algo.h:59,
                 from /usr/lib/gcc/x86_64-pc-cygwin/11/include/c++/algorithm:62,
                 from C:/Users/chang/OneDrive/Documents/GitHub/KataGo/cpp/core/../core/global.h:11,
                 from C:/Users/chang/OneDrive/Documents/GitHub/KataGo/cpp/core/global.cpp:1:
/usr/include/stdlib.h:90:33: error: expected initializer before '__malloc_like'
   90 | void    *calloc(size_t, size_t) __malloc_like __result_use_check
      |                                 ^~~~~~~~~~~~~
/usr/include/stdlib.h:108:25: error: expected initializer before '__malloc_like'
  108 | void    *malloc(size_t) __malloc_like __result_use_check __alloc_size(1) _NOTHROW;
      |                         ^~~~~~~~~~~~~
In file included from /usr/lib/gcc/x86_64-pc-cygwin/11/include/c++/cstdlib:75,
                 from /usr/lib/gcc/x86_64-pc-cygwin/11/include/c++/bits/stl_algo.h:59,
                 from /usr/lib/gcc/x86_64-pc-cygwin/11/include/c++/algorithm:62,
                 from C:/Users/chang/OneDrive/Documents/GitHub/KataGo/cpp/core/../core/global.h:11,
                 from C:/Users/chang/OneDrive/Documents/GitHub/KataGo/cpp/core/global.cpp:1:
/usr/include/stdlib.h:145:34: error: expected initializer before '__result_use_check'
  145 | void    *realloc(void *, size_t) __result_use_check __alloc_size(2) _NOTHROW;
      |                                  ^~~~~~~~~~~~~~~~~~
/usr/include/stdlib.h:147:47: error: expected initializer before '__result_use_check'
  147 | void    *reallocarray(void *, size_t, size_t) __result_use_check __alloc_size2(2, 3);
      |                                               ^~~~~~~~~~~~~~~~~~
/usr/include/stdlib.h:148:35: error: expected initializer before '__result_use_check'
  148 | void    *reallocf(void *, size_t) __result_use_check __alloc_size(2);
      |                                   ^~~~~~~~~~~~~~~~~~
/usr/include/stdlib.h:290:50: error: expected initializer before '__nonnull'
  290 | int     posix_memalign (void **, size_t, size_t) __nonnull((1))
      |                                                  ^~~~~~~~~
/usr/include/stdlib.h:315:23: error: expected string-literal before '__ASMNAME'
  315 |              __asm__ (__ASMNAME ("__bsd_qsort_r"));
      |                       ^~~~~~~~~
/usr/include/stdlib.h:315:23: error: expected ')' before '__ASMNAME'
  315 |              __asm__ (__ASMNAME ("__bsd_qsort_r"));
      |                      ~^~~~~~~~~
      |                       )
/usr/include/stdlib.h:315:23: error: expected initializer before '__ASMNAME'
  315 |              __asm__ (__ASMNAME ("__bsd_qsort_r"));
      |                       ^~~~~~~~~
/usr/include/stdlib.h:334:39: error: expected initializer before '__malloc_like'
  334 | void *  aligned_alloc(size_t, size_t) __malloc_like __alloc_align(1)
      |                                       ^~~~~~~~~~~~~
/usr/include/stdlib.h:337:1: error: '_Noreturn' does not name a type
  337 | _Noreturn void
      | ^~~~~~~~~
In file included from /usr/lib/gcc/x86_64-pc-cygwin/11/include/c++/bits/stl_algo.h:59,
                 from /usr/lib/gcc/x86_64-pc-cygwin/11/include/c++/algorithm:62,
                 from C:/Users/chang/OneDrive/Documents/GitHub/KataGo/cpp/core/../core/global.h:11,
                 from C:/Users/chang/OneDrive/Documents/GitHub/KataGo/cpp/core/global.cpp:1:
/usr/lib/gcc/x86_64-pc-cygwin/11/include/c++/cstdlib:144:11: error: 'calloc' has not been declared in '::'
  144 |   using ::calloc;
      |           ^~~~~~
/usr/lib/gcc/x86_64-pc-cygwin/11/include/c++/cstdlib:151:11: error: 'malloc' has not been declared in '::'
  151 |   using ::malloc;
      |           ^~~~~~
/usr/lib/gcc/x86_64-pc-cygwin/11/include/c++/cstdlib:160:11: error: 'quick_exit' has not been declared in '::'
  160 |   using ::quick_exit;
      |           ^~~~~~~~~~
/usr/lib/gcc/x86_64-pc-cygwin/11/include/c++/cstdlib:164:11: error: 'realloc' has not been declared in '::'
  164 |   using ::realloc;
      |           ^~~~~~~
In file included from C:/cygwin64/usr/x86_64-w64-mingw32/sys-root/mingw/include/assert.h:17,
                 from /usr/lib/gcc/x86_64-pc-cygwin/11/include/c++/cassert:44,
                 from C:/Users/chang/OneDrive/Documents/GitHub/KataGo/cpp/core/../core/global.h:12,
                 from C:/Users/chang/OneDrive/Documents/GitHub/KataGo/cpp/core/global.cpp:1:
C:/cygwin64/usr/x86_64-w64-mingw32/sys-root/mingw/include/stdlib.h:63:5: error: conflicting declaration 'typedef struct _div_t div_t'
   63 |   } div_t;
      |     ^~~~~
In file included from /usr/lib/gcc/x86_64-pc-cygwin/11/include/c++/cstdlib:75,
                 from /usr/lib/gcc/x86_64-pc-cygwin/11/include/c++/bits/stl_algo.h:59,
                 from /usr/lib/gcc/x86_64-pc-cygwin/11/include/c++/algorithm:62,
                 from C:/Users/chang/OneDrive/Documents/GitHub/KataGo/cpp/core/../core/global.h:11,
                 from C:/Users/chang/OneDrive/Documents/GitHub/KataGo/cpp/core/global.cpp:1:
/usr/include/stdlib.h:39:3: note: previous declaration as 'typedef struct div_t div_t'
   39 | } div_t;
      |   ^~~~~
In file included from C:/cygwin64/usr/x86_64-w64-mingw32/sys-root/mingw/include/assert.h:17,
                 from /usr/lib/gcc/x86_64-pc-cygwin/11/include/c++/cassert:44,
                 from C:/Users/chang/OneDrive/Documents/GitHub/KataGo/cpp/core/../core/global.h:12,
                 from C:/Users/chang/OneDrive/Documents/GitHub/KataGo/cpp/core/global.cpp:1:
C:/cygwin64/usr/x86_64-w64-mingw32/sys-root/mingw/include/stdlib.h:68:5: error: conflicting declaration 'typedef struct _ldiv_t ldiv_t'
   68 |   } ldiv_t;
      |     ^~~~~~
In file included from /usr/lib/gcc/x86_64-pc-cygwin/11/include/c++/cstdlib:75,
                 from /usr/lib/gcc/x86_64-pc-cygwin/11/include/c++/bits/stl_algo.h:59,
                 from /usr/lib/gcc/x86_64-pc-cygwin/11/include/c++/algorithm:62,
                 from C:/Users/chang/OneDrive/Documents/GitHub/KataGo/cpp/core/../core/global.h:11,
                 from C:/Users/chang/OneDrive/Documents/GitHub/KataGo/cpp/core/global.cpp:1:
/usr/include/stdlib.h:45:3: note: previous declaration as 'typedef struct ldiv_t ldiv_t'
   45 | } ldiv_t;
      |   ^~~~~~
In file included from C:/cygwin64/usr/x86_64-w64-mingw32/sys-root/mingw/include/assert.h:17,
                 from /usr/lib/gcc/x86_64-pc-cygwin/11/include/c++/cassert:44,
                 from C:/Users/chang/OneDrive/Documents/GitHub/KataGo/cpp/core/../core/global.h:12,
                 from C:/Users/chang/OneDrive/Documents/GitHub/KataGo/cpp/core/global.cpp:1:
C:/cygwin64/usr/x86_64-w64-mingw32/sys-root/mingw/include/stdlib.h:148:115: error: 'uintptr_t' has not been declared
  148 |   typedef void (__cdecl *_invalid_parameter_handler)(const wchar_t *,const wchar_t *,const wchar_t *,unsigned int,uintptr_t);
      |
  ^~~~~~~~~
In file included from C:/cygwin64/usr/x86_64-w64-mingw32/sys-root/mingw/include/assert.h:17,
                 from /usr/lib/gcc/x86_64-pc-cygwin/11/include/c++/cassert:44,
                 from C:/Users/chang/OneDrive/Documents/GitHub/KataGo/cpp/core/../core/global.h:12,
                 from C:/Users/chang/OneDrive/Documents/GitHub/KataGo/cpp/core/global.cpp:1:
C:/cygwin64/usr/x86_64-w64-mingw32/sys-root/mingw/include/stdlib.h:715:15: error: conflicting declaration of C function 'int putenv(const char*)'
  715 |   int __cdecl putenv(const char *_EnvString) __MINGW_ATTRIB_DEPRECATED_MSVC2005;
      |               ^~~~~~
In file included from /usr/lib/gcc/x86_64-pc-cygwin/11/include/c++/cstdlib:75,
                 from /usr/lib/gcc/x86_64-pc-cygwin/11/include/c++/bits/stl_algo.h:59,
                 from /usr/lib/gcc/x86_64-pc-cygwin/11/include/c++/algorithm:62,
                 from C:/Users/chang/OneDrive/Documents/GitHub/KataGo/cpp/core/../core/global.h:11,
                 from C:/Users/chang/OneDrive/Documents/GitHub/KataGo/cpp/core/global.cpp:1:
/usr/include/stdlib.h:205:9: note: previous declaration 'int putenv(char*)'
  205 | int     putenv (char *__string);
      |         ^~~~~~
In file included from C:/cygwin64/usr/x86_64-w64-mingw32/sys-root/mingw/include/assert.h:17,
                 from /usr/lib/gcc/x86_64-pc-cygwin/11/include/c++/cassert:44,
                 from C:/Users/chang/OneDrive/Documents/GitHub/KataGo/cpp/core/../core/global.h:12,
                 from C:/Users/chang/OneDrive/Documents/GitHub/KataGo/cpp/core/global.cpp:1:
C:/cygwin64/usr/x86_64-w64-mingw32/sys-root/mingw/include/stdlib.h:729:61: error: conflicting declaration 'typedef struct lldiv_t lldiv_t'
  729 |   typedef struct { __MINGW_EXTENSION long long quot, rem; } lldiv_t;
      |                                                             ^~~~~~~
In file included from /usr/lib/gcc/x86_64-pc-cygwin/11/include/c++/cstdlib:75,
                 from /usr/lib/gcc/x86_64-pc-cygwin/11/include/c++/bits/stl_algo.h:59,
                 from /usr/lib/gcc/x86_64-pc-cygwin/11/include/c++/algorithm:62,
                 from C:/Users/chang/OneDrive/Documents/GitHub/KataGo/cpp/core/../core/global.h:11,
                 from C:/Users/chang/OneDrive/Documents/GitHub/KataGo/cpp/core/global.cpp:1:
/usr/include/stdlib.h:52:3: note: previous declaration as 'typedef struct lldiv_t lldiv_t'
   52 | } lldiv_t;
      |   ^~~~~~~
In file included from /usr/x86_64-w64-mingw32/sys-root/mingw/include/_cygwin.h:14,
                 from C:/cygwin64/usr/x86_64-w64-mingw32/sys-root/mingw/include/_mingw.h:15,
                 from C:/cygwin64/usr/x86_64-w64-mingw32/sys-root/mingw/include/corecrt.h:10,
                 from C:/cygwin64/usr/x86_64-w64-mingw32/sys-root/mingw/include/crtdefs.h:10,
                 from C:/cygwin64/usr/x86_64-w64-mingw32/sys-root/mingw/include/stddef.h:7,
                 from /usr/include/stdlib.h:16,
                 from /usr/lib/gcc/x86_64-pc-cygwin/11/include/c++/cstdlib:75,
                 from /usr/lib/gcc/x86_64-pc-cygwin/11/include/c++/bits/stl_algo.h:59,
                 from /usr/lib/gcc/x86_64-pc-cygwin/11/include/c++/algorithm:62,
                 from C:/Users/chang/OneDrive/Documents/GitHub/KataGo/cpp/core/../core/global.h:11,
                 from C:/Users/chang/OneDrive/Documents/GitHub/KataGo/cpp/core/global.cpp:1:
/usr/lib/gcc/x86_64-pc-cygwin/11/include/mm_malloc.h: In function 'void* _mm_malloc(size_t, size_t)':
/usr/lib/gcc/x86_64-pc-cygwin/11/include/mm_malloc.h:42:7: error: '_errno' was not declared in this scope; did you mean 'errno'?
   42 |       errno = EINVAL;
      |       ^~~~~
In file included from C:/cygwin64/usr/x86_64-w64-mingw32/sys-root/mingw/include/stdlib.h:770,
                 from C:/cygwin64/usr/x86_64-w64-mingw32/sys-root/mingw/include/assert.h:17,
                 from /usr/lib/gcc/x86_64-pc-cygwin/11/include/c++/cassert:44,
                 from C:/Users/chang/OneDrive/Documents/GitHub/KataGo/cpp/core/../core/global.h:12,
                 from C:/Users/chang/OneDrive/Documents/GitHub/KataGo/cpp/core/global.cpp:1:
C:/cygwin64/usr/x86_64-w64-mingw32/sys-root/mingw/include/malloc.h: At global scope:
C:/cygwin64/usr/x86_64-w64-mingw32/sys-root/mingw/include/malloc.h:112:11: error: 'intptr_t' does not name a type
  112 |   _CRTIMP intptr_t __cdecl _get_heap_handle(void);
      |           ^~~~~~~~
C:/cygwin64/usr/x86_64-w64-mingw32/sys-root/mingw/include/malloc.h:85:1: note: 'intptr_t' is defined in header '<cstdint>'; did you forget to '#include <cstdint>'?
   84 | #include <mm_malloc.h>
  +++ |+#include <cstdint>
   85 | #endif
In file included from /usr/lib/gcc/x86_64-pc-cygwin/11/include/c++/cwchar:44,
                 from /usr/lib/gcc/x86_64-pc-cygwin/11/include/c++/bits/postypes.h:40,
                 from /usr/lib/gcc/x86_64-pc-cygwin/11/include/c++/iosfwd:40,
                 from /usr/lib/gcc/x86_64-pc-cygwin/11/include/c++/ios:38,
                 from /usr/lib/gcc/x86_64-pc-cygwin/11/include/c++/ostream:38,
                 from /usr/lib/gcc/x86_64-pc-cygwin/11/include/c++/iostream:39,
                 from C:/Users/chang/OneDrive/Documents/GitHub/KataGo/cpp/core/../core/global.h:14,
                 from C:/Users/chang/OneDrive/Documents/GitHub/KataGo/cpp/core/global.cpp:1:
C:/cygwin64/usr/x86_64-w64-mingw32/sys-root/mingw/include/wchar.h:241:24: error: 'wint_t' was not declared in this scope
  241 |   int __cdecl iswalpha(wint_t _C);
      |                        ^~~~~~
C:/cygwin64/usr/x86_64-w64-mingw32/sys-root/mingw/include/wchar.h:242:23: error: variable '_iswalpha_l' definition is marked dllimport
  242 |   _CRTIMP int __cdecl _iswalpha_l(wint_t _C,_locale_t _Locale);
      |                       ^~~~~~~~~~~
C:/cygwin64/usr/x86_64-w64-mingw32/sys-root/mingw/include/wchar.h:242:35: error: 'wint_t' was not declared in this scope
  242 |   _CRTIMP int __cdecl _iswalpha_l(wint_t _C,_locale_t _Locale);
      |                                   ^~~~~~
C:/cygwin64/usr/x86_64-w64-mingw32/sys-root/mingw/include/wchar.h:242:55: error: expected primary-expression before '_Locale'
  242 |   _CRTIMP int __cdecl _iswalpha_l(wint_t _C,_locale_t _Locale);
      |                                                       ^~~~~~~
C:/cygwin64/usr/x86_64-w64-mingw32/sys-root/mingw/include/wchar.h:242:62: error: expression list treated as compound expression in initializer [-fpermissive]
  242 |   _CRTIMP int __cdecl _iswalpha_l(wint_t _C,_locale_t _Locale);
      |                                                              ^
C:/cygwin64/usr/x86_64-w64-mingw32/sys-root/mingw/include/wchar.h:243:24: error: 'wint_t' was not declared in this scope
  243 |   int __cdecl iswupper(wint_t _C);
      |                        ^~~~~~
C:/cygwin64/usr/x86_64-w64-mingw32/sys-root/mingw/include/wchar.h:244:23: error: variable '_iswupper_l' definition is marked dllimport
  244 |   _CRTIMP int __cdecl _iswupper_l(wint_t _C,_locale_t _Locale);
      |                       ^~~~~~~~~~~
C:/cygwin64/usr/x86_64-w64-mingw32/sys-root/mingw/include/wchar.h:244:35: error: 'wint_t' was not declared in this scope
  244 |   _CRTIMP int __cdecl _iswupper_l(wint_t _C,_locale_t _Locale);
      |                                   ^~~~~~
C:/cygwin64/usr/x86_64-w64-mingw32/sys-root/mingw/include/wchar.h:244:55: error: expected primary-expression before '_Locale'
  244 |   _CRTIMP int __cdecl _iswupper_l(wint_t _C,_locale_t _Locale);
      |                                                       ^~~~~~~
C:/cygwin64/usr/x86_64-w64-mingw32/sys-root/mingw/include/wchar.h:244:62: error: expression list treated as compound expression in initializer [-fpermissive]
  244 |   _CRTIMP int __cdecl _iswupper_l(wint_t _C,_locale_t _Locale);
      |                                                              ^
C:/cygwin64/usr/x86_64-w64-mingw32/sys-root/mingw/include/wchar.h:245:24: error: 'wint_t' was not declared in this scope
  245 |   int __cdecl iswlower(wint_t _C);
      |                        ^~~~~~
C:/cygwin64/usr/x86_64-w64-mingw32/sys-root/mingw/include/wchar.h:246:23: error: variable '_iswlower_l' definition is marked dllimport
  246 |   _CRTIMP int __cdecl _iswlower_l(wint_t _C,_locale_t _Locale);
      |                       ^~~~~~~~~~~
C:/cygwin64/usr/x86_64-w64-mingw32/sys-root/mingw/include/wchar.h:246:35: error: 'wint_t' was not declared in this scope
  246 |   _CRTIMP int __cdecl _iswlower_l(wint_t _C,_locale_t _Locale);
      |                                   ^~~~~~
C:/cygwin64/usr/x86_64-w64-mingw32/sys-root/mingw/include/wchar.h:246:55: error: expected primary-expression before '_Locale'
  246 |   _CRTIMP int __cdecl _iswlower_l(wint_t _C,_locale_t _Locale);
      |                                                       ^~~~~~~
C:/cygwin64/usr/x86_64-w64-mingw32/sys-root/mingw/include/wchar.h:246:62: error: expression list treated as compound expression in initializer [-fpermissive]
  246 |   _CRTIMP int __cdecl _iswlower_l(wint_t _C,_locale_t _Locale);
      |                                                              ^
C:/cygwin64/usr/x86_64-w64-mingw32/sys-root/mingw/include/wchar.h:247:24: error: 'wint_t' was not declared in this scope
  247 |   int __cdecl iswdigit(wint_t _C);
      |                        ^~~~~~
C:/cygwin64/usr/x86_64-w64-mingw32/sys-root/mingw/include/wchar.h:248:23: error: variable '_iswdigit_l' definition is marked dllimport
  248 |   _CRTIMP int __cdecl _iswdigit_l(wint_t _C,_locale_t _Locale);
      |                       ^~~~~~~~~~~
C:/cygwin64/usr/x86_64-w64-mingw32/sys-root/mingw/include/wchar.h:248:35: error: 'wint_t' was not declared in this scope
  248 |   _CRTIMP int __cdecl _iswdigit_l(wint_t _C,_locale_t _Locale);
      |                                   ^~~~~~
C:/cygwin64/usr/x86_64-w64-mingw32/sys-root/mingw/include/wchar.h:248:55: error: expected primary-expression before '_Locale'
  248 |   _CRTIMP int __cdecl _iswdigit_l(wint_t _C,_locale_t _Locale);
      |                                                       ^~~~~~~
C:/cygwin64/usr/x86_64-w64-mingw32/sys-root/mingw/include/wchar.h:248:62: error: expression list treated as compound expression in initializer [-fpermissive]
  248 |   _CRTIMP int __cdecl _iswdigit_l(wint_t _C,_locale_t _Locale);
      |                                                              ^
C:/cygwin64/usr/x86_64-w64-mingw32/sys-root/mingw/include/wchar.h:249:25: error: 'wint_t' was not declared in this scope
  249 |   int __cdecl iswxdigit(wint_t _C);
      |                         ^~~~~~
C:/cygwin64/usr/x86_64-w64-mingw32/sys-root/mingw/include/wchar.h:250:23: error: variable '_iswxdigit_l' definition is marked dllimport
  250 |   _CRTIMP int __cdecl _iswxdigit_l(wint_t _C,_locale_t _Locale);
      |                       ^~~~~~~~~~~~
C:/cygwin64/usr/x86_64-w64-mingw32/sys-root/mingw/include/wchar.h:250:36: error: 'wint_t' was not declared in this scope
  250 |   _CRTIMP int __cdecl _iswxdigit_l(wint_t _C,_locale_t _Locale);
      |                                    ^~~~~~
C:/cygwin64/usr/x86_64-w64-mingw32/sys-root/mingw/include/wchar.h:250:56: error: expected primary-expression before '_Locale'
  250 |   _CRTIMP int __cdecl _iswxdigit_l(wint_t _C,_locale_t _Locale);
      |                                                        ^~~~~~~
C:/cygwin64/usr/x86_64-w64-mingw32/sys-root/mingw/include/wchar.h:250:63: error: expression list treated as compound expression in initializer [-fpermissive]
  250 |   _CRTIMP int __cdecl _iswxdigit_l(wint_t _C,_locale_t _Locale);
      |                                                               ^
C:/cygwin64/usr/x86_64-w64-mingw32/sys-root/mingw/include/wchar.h:251:24: error: 'wint_t' was not declared in this scope
  251 |   int __cdecl iswspace(wint_t _C);
      |                        ^~~~~~
C:/cygwin64/usr/x86_64-w64-mingw32/sys-root/mingw/include/wchar.h:252:23: error: variable '_iswspace_l' definition is marked dllimport
  252 |   _CRTIMP int __cdecl _iswspace_l(wint_t _C,_locale_t _Locale);
      |                       ^~~~~~~~~~~
C:/cygwin64/usr/x86_64-w64-mingw32/sys-root/mingw/include/wchar.h:252:35: error: 'wint_t' was not declared in this scope
  252 |   _CRTIMP int __cdecl _iswspace_l(wint_t _C,_locale_t _Locale);
      |                                   ^~~~~~
C:/cygwin64/usr/x86_64-w64-mingw32/sys-root/mingw/include/wchar.h:252:55: error: expected primary-expression before '_Locale'
  252 |   _CRTIMP int __cdecl _iswspace_l(wint_t _C,_locale_t _Locale);
      |                                                       ^~~~~~~
C:/cygwin64/usr/x86_64-w64-mingw32/sys-root/mingw/include/wchar.h:252:62: error: expression list treated as compound expression in initializer [-fpermissive]
  252 |   _CRTIMP int __cdecl _iswspace_l(wint_t _C,_locale_t _Locale);
      |                                                              ^
C:/cygwin64/usr/x86_64-w64-mingw32/sys-root/mingw/include/wchar.h:253:24: error: 'wint_t' was not declared in this scope
  253 |   int __cdecl iswpunct(wint_t _C);
      |                        ^~~~~~
C:/cygwin64/usr/x86_64-w64-mingw32/sys-root/mingw/include/wchar.h:254:23: error: variable '_iswpunct_l' definition is marked dllimport
  254 |   _CRTIMP int __cdecl _iswpunct_l(wint_t _C,_locale_t _Locale);
      |                       ^~~~~~~~~~~
C:/cygwin64/usr/x86_64-w64-mingw32/sys-root/mingw/include/wchar.h:254:35: error: 'wint_t' was not declared in this scope
  254 |   _CRTIMP int __cdecl _iswpunct_l(wint_t _C,_locale_t _Locale);
      |                                   ^~~~~~
C:/cygwin64/usr/x86_64-w64-mingw32/sys-root/mingw/include/wchar.h:254:55: error: expected primary-expression before '_Locale'
  254 |   _CRTIMP int __cdecl _iswpunct_l(wint_t _C,_locale_t _Locale);
      |                                                       ^~~~~~~
C:/cygwin64/usr/x86_64-w64-mingw32/sys-root/mingw/include/wchar.h:254:62: error: expression list treated as compound expression in initializer [-fpermissive]
  254 |   _CRTIMP int __cdecl _iswpunct_l(wint_t _C,_locale_t _Locale);
      |                                                              ^
C:/cygwin64/usr/x86_64-w64-mingw32/sys-root/mingw/include/wchar.h:255:24: error: 'wint_t' was not declared in this scope
  255 |   int __cdecl iswalnum(wint_t _C);
      |                        ^~~~~~
C:/cygwin64/usr/x86_64-w64-mingw32/sys-root/mingw/include/wchar.h:256:23: error: variable '_iswalnum_l' definition is marked dllimport
  256 |   _CRTIMP int __cdecl _iswalnum_l(wint_t _C,_locale_t _Locale);
      |                       ^~~~~~~~~~~
C:/cygwin64/usr/x86_64-w64-mingw32/sys-root/mingw/include/wchar.h:256:35: error: 'wint_t' was not declared in this scope
  256 |   _CRTIMP int __cdecl _iswalnum_l(wint_t _C,_locale_t _Locale);
      |                                   ^~~~~~
C:/cygwin64/usr/x86_64-w64-mingw32/sys-root/mingw/include/wchar.h:256:55: error: expected primary-expression before '_Locale'
  256 |   _CRTIMP int __cdecl _iswalnum_l(wint_t _C,_locale_t _Locale);
      |                                                       ^~~~~~~
C:/cygwin64/usr/x86_64-w64-mingw32/sys-root/mingw/include/wchar.h:256:62: error: expression list treated as compound expression in initializer [-fpermissive]
  256 |   _CRTIMP int __cdecl _iswalnum_l(wint_t _C,_locale_t _Locale);
      |                                                              ^
C:/cygwin64/usr/x86_64-w64-mingw32/sys-root/mingw/include/wchar.h:257:24: error: 'wint_t' was not declared in this scope
  257 |   int __cdecl iswprint(wint_t _C);
      |                        ^~~~~~
C:/cygwin64/usr/x86_64-w64-mingw32/sys-root/mingw/include/wchar.h:258:23: error: variable '_iswprint_l' definition is marked dllimport
  258 |   _CRTIMP int __cdecl _iswprint_l(wint_t _C,_locale_t _Locale);
      |                       ^~~~~~~~~~~
C:/cygwin64/usr/x86_64-w64-mingw32/sys-root/mingw/include/wchar.h:258:35: error: 'wint_t' was not declared in this scope
  258 |   _CRTIMP int __cdecl _iswprint_l(wint_t _C,_locale_t _Locale);
      |                                   ^~~~~~
C:/cygwin64/usr/x86_64-w64-mingw32/sys-root/mingw/include/wchar.h:258:55: error: expected primary-expression before '_Locale'
  258 |   _CRTIMP int __cdecl _iswprint_l(wint_t _C,_locale_t _Locale);
      |                                                       ^~~~~~~
C:/cygwin64/usr/x86_64-w64-mingw32/sys-root/mingw/include/wchar.h:258:62: error: expression list treated as compound expression in initializer [-fpermissive]
  258 |   _CRTIMP int __cdecl _iswprint_l(wint_t _C,_locale_t _Locale);
      |                                                              ^
C:/cygwin64/usr/x86_64-w64-mingw32/sys-root/mingw/include/wchar.h:259:24: error: 'wint_t' was not declared in this scope
  259 |   int __cdecl iswgraph(wint_t _C);
      |                        ^~~~~~
C:/cygwin64/usr/x86_64-w64-mingw32/sys-root/mingw/include/wchar.h:260:23: error: variable '_iswgraph_l' definition is marked dllimport
  260 |   _CRTIMP int __cdecl _iswgraph_l(wint_t _C,_locale_t _Locale);
      |                       ^~~~~~~~~~~
C:/cygwin64/usr/x86_64-w64-mingw32/sys-root/mingw/include/wchar.h:260:35: error: 'wint_t' was not declared in this scope
  260 |   _CRTIMP int __cdecl _iswgraph_l(wint_t _C,_locale_t _Locale);
      |                                   ^~~~~~
C:/cygwin64/usr/x86_64-w64-mingw32/sys-root/mingw/include/wchar.h:260:55: error: expected primary-expression before '_Locale'
  260 |   _CRTIMP int __cdecl _iswgraph_l(wint_t _C,_locale_t _Locale);
      |                                                       ^~~~~~~
C:/cygwin64/usr/x86_64-w64-mingw32/sys-root/mingw/include/wchar.h:260:62: error: expression list treated as compound expression in initializer [-fpermissive]
  260 |   _CRTIMP int __cdecl _iswgraph_l(wint_t _C,_locale_t _Locale);
      |                                                              ^
C:/cygwin64/usr/x86_64-w64-mingw32/sys-root/mingw/include/wchar.h:261:24: error: 'wint_t' was not declared in this scope
  261 |   int __cdecl iswcntrl(wint_t _C);
      |                        ^~~~~~
C:/cygwin64/usr/x86_64-w64-mingw32/sys-root/mingw/include/wchar.h:262:23: error: variable '_iswcntrl_l' definition is marked dllimport
  262 |   _CRTIMP int __cdecl _iswcntrl_l(wint_t _C,_locale_t _Locale);
      |                       ^~~~~~~~~~~
C:/cygwin64/usr/x86_64-w64-mingw32/sys-root/mingw/include/wchar.h:262:35: error: 'wint_t' was not declared in this scope
  262 |   _CRTIMP int __cdecl _iswcntrl_l(wint_t _C,_locale_t _Locale);
      |                                   ^~~~~~
C:/cygwin64/usr/x86_64-w64-mingw32/sys-root/mingw/include/wchar.h:262:55: error: expected primary-expression before '_Locale'
  262 |   _CRTIMP int __cdecl _iswcntrl_l(wint_t _C,_locale_t _Locale);
      |                                                       ^~~~~~~
C:/cygwin64/usr/x86_64-w64-mingw32/sys-root/mingw/include/wchar.h:262:62: error: expression list treated as compound expression in initializer [-fpermissive]
  262 |   _CRTIMP int __cdecl _iswcntrl_l(wint_t _C,_locale_t _Locale);
      |                                                              ^
C:/cygwin64/usr/x86_64-w64-mingw32/sys-root/mingw/include/wchar.h:263:24: error: 'wint_t' was not declared in this scope
  263 |   int __cdecl iswascii(wint_t _C);
      |                        ^~~~~~
C:/cygwin64/usr/x86_64-w64-mingw32/sys-root/mingw/include/wchar.h:268:3: error: 'wint_t' does not name a type
  268 |   wint_t __cdecl towupper(wint_t _C);
      |   ^~~~~~
C:/cygwin64/usr/x86_64-w64-mingw32/sys-root/mingw/include/wchar.h:269:11: error: 'wint_t' does not name a type
  269 |   _CRTIMP wint_t __cdecl _towupper_l(wint_t _C,_locale_t _Locale);
      |           ^~~~~~
C:/cygwin64/usr/x86_64-w64-mingw32/sys-root/mingw/include/wchar.h:270:3: error: 'wint_t' does not name a type
  270 |   wint_t __cdecl towlower(wint_t _C);
      |   ^~~~~~
C:/cygwin64/usr/x86_64-w64-mingw32/sys-root/mingw/include/wchar.h:271:11: error: 'wint_t' does not name a type
  271 |   _CRTIMP wint_t __cdecl _towlower_l(wint_t _C,_locale_t _Locale);
      |           ^~~~~~
C:/cygwin64/usr/x86_64-w64-mingw32/sys-root/mingw/include/wchar.h:272:24: error: 'wint_t' was not declared in this scope
  272 |   int __cdecl iswctype(wint_t _C,wctype_t _Type);
      |                        ^~~~~~
C:/cygwin64/usr/x86_64-w64-mingw32/sys-root/mingw/include/wchar.h:272:34: error: 'wctype_t' was not declared in this scope
  272 |   int __cdecl iswctype(wint_t _C,wctype_t _Type);
      |                                  ^~~~~~~~
C:/cygwin64/usr/x86_64-w64-mingw32/sys-root/mingw/include/wchar.h:272:48: error: expression list treated as compound expression in initializer [-fpermissive]
  272 |   int __cdecl iswctype(wint_t _C,wctype_t _Type);
      |                                                ^
C:/cygwin64/usr/x86_64-w64-mingw32/sys-root/mingw/include/wchar.h:281:25: error: 'wint_t' was not declared in this scope
  281 |   int __cdecl is_wctype(wint_t _C,wctype_t _Type);
      |                         ^~~~~~
C:/cygwin64/usr/x86_64-w64-mingw32/sys-root/mingw/include/wchar.h:281:35: error: 'wctype_t' was not declared in this scope
  281 |   int __cdecl is_wctype(wint_t _C,wctype_t _Type);
      |                                   ^~~~~~~~
C:/cygwin64/usr/x86_64-w64-mingw32/sys-root/mingw/include/wchar.h:281:49: error: expression list treated as compound expression in initializer [-fpermissive]
  281 |   int __cdecl is_wctype(wint_t _C,wctype_t _Type);
      |                                                 ^
C:/cygwin64/usr/x86_64-w64-mingw32/sys-root/mingw/include/wchar.h:285:24: error: 'wint_t' was not declared in this scope
  285 |   int __cdecl iswblank(wint_t _C);
      |                        ^~~~~~
C:/cygwin64/usr/x86_64-w64-mingw32/sys-root/mingw/include/wchar.h:309:11: error: 'intptr_t' does not name a type
  309 |   _CRTIMP intptr_t __cdecl _wfindfirst32(const wchar_t *_Filename,struct _wfinddata32_t *_FindData);
      |           ^~~~~~~~
C:/cygwin64/usr/x86_64-w64-mingw32/sys-root/mingw/include/wchar.h:11:1: note: 'intptr_t' is defined in header '<cstdint'; did you forget to '#include <cstdint>'?
   10 | #include <corecrt_stdio_config.h>
  +++ |+#include <cstdint>
   11 | #include <corecrt_wstdlib.h>
C:/cygwin64/usr/x86_64-w64-mingw32/sys-root/mingw/include/wchar.h:310:23: error: variable '_wfindnext32' definition is marked dllimport
  310 |   _CRTIMP int __cdecl _wfindnext32(intptr_t _FindHandle,struct _wfinddata32_t *_FindData);
      |                       ^~~~~~~~~~~~
C:/cygwin64/usr/x86_64-w64-mingw32/sys-root/mingw/include/wchar.h:310:36: error: 'intptr_t' was not declared in this scope
  310 |   _CRTIMP int __cdecl _wfindnext32(intptr_t _FindHandle,struct _wfinddata32_t *_FindData);
      |                                    ^~~~~~~~
C:/cygwin64/usr/x86_64-w64-mingw32/sys-root/mingw/include/wchar.h:310:36: note: 'intptr_t' is defined in header '<cstdint>'; did you forget to '#include <cstdint>'?
C:/cygwin64/usr/x86_64-w64-mingw32/sys-root/mingw/include/wchar.h:310:57: error: expected primary-expression before 'struct'
  310 |   _CRTIMP int __cdecl _wfindnext32(intptr_t _FindHandle,struct _wfinddata32_t *_FindData);
      |                                                         ^~~~~~
C:/cygwin64/usr/x86_64-w64-mingw32/sys-root/mingw/include/wchar.h:310:89: error: expression list treated as compound expression in initializer [-fpermissive]
  310 |   _CRTIMP int __cdecl _wfindnext32(intptr_t _FindHandle,struct _wfinddata32_t *_FindData);
      |                                                                                         ^
C:/cygwin64/usr/x86_64-w64-mingw32/sys-root/mingw/include/wchar.h:314:11: error: 'intptr_t' does not name a type
  314 |   _CRTIMP intptr_t __cdecl _wfindfirst32i64(const wchar_t *_Filename,struct _wfinddata32i64_t *_FindData);
      |           ^~~~~~~~
C:/cygwin64/usr/x86_64-w64-mingw32/sys-root/mingw/include/wchar.h:314:11: note: 'intptr_t' is defined in header '<cstdint>'; did you forget to '#include <cstdint>'?
C:/cygwin64/usr/x86_64-w64-mingw32/sys-root/mingw/include/wchar.h:315:3: error: 'intptr_t' does not name a type
  315 |   intptr_t __cdecl _wfindfirst64i32(const wchar_t *_Filename,struct _wfinddata64i32_t *_FindData);
      |   ^~~~~~~~
C:/cygwin64/usr/x86_64-w64-mingw32/sys-root/mingw/include/wchar.h:315:3: note: 'intptr_t' is defined in header '<cstdint>'; did you forget to '#include <cstdint>'?
C:/cygwin64/usr/x86_64-w64-mingw32/sys-root/mingw/include/wchar.h:316:11: error: 'intptr_t' does not name a type
  316 |   _CRTIMP intptr_t __cdecl _wfindfirst64(const wchar_t *_Filename,struct _wfinddata64_t *_FindData);
      |           ^~~~~~~~
C:/cygwin64/usr/x86_64-w64-mingw32/sys-root/mingw/include/wchar.h:316:11: note: 'intptr_t' is defined in header '<cstdint>'; did you forget to '#include <cstdint>'?
C:/cygwin64/usr/x86_64-w64-mingw32/sys-root/mingw/include/wchar.h:317:23: error: variable '_wfindnext32i64' definition is marked dllimport
  317 |   _CRTIMP int __cdecl _wfindnext32i64(intptr_t _FindHandle,struct _wfinddata32i64_t *_FindData);
      |                       ^~~~~~~~~~~~~~~
C:/cygwin64/usr/x86_64-w64-mingw32/sys-root/mingw/include/wchar.h:317:39: error: 'intptr_t' was not declared in this scope
  317 |   _CRTIMP int __cdecl _wfindnext32i64(intptr_t _FindHandle,struct _wfinddata32i64_t *_FindData);
      |                                       ^~~~~~~~
C:/cygwin64/usr/x86_64-w64-mingw32/sys-root/mingw/include/wchar.h:317:39: note: 'intptr_t' is defined in header '<cstdint>'; did you forget to '#include <cstdint>'?
C:/cygwin64/usr/x86_64-w64-mingw32/sys-root/mingw/include/wchar.h:317:60: error: expected primary-expression before 'struct'
  317 |   _CRTIMP int __cdecl _wfindnext32i64(intptr_t _FindHandle,struct _wfinddata32i64_t *_FindData);
      |                                                            ^~~~~~
C:/cygwin64/usr/x86_64-w64-mingw32/sys-root/mingw/include/wchar.h:317:95: error: expression list treated as compound expression in initializer [-fpermissive]
  317 |   _CRTIMP int __cdecl _wfindnext32i64(intptr_t _FindHandle,struct _wfinddata32i64_t *_FindData);
      |                                                                                               ^
C:/cygwin64/usr/x86_64-w64-mingw32/sys-root/mingw/include/wchar.h:318:31: error: 'intptr_t' was not declared in this scope
  318 |   int __cdecl _wfindnext64i32(intptr_t _FindHandle,struct _wfinddata64i32_t *_FindData);
      |                               ^~~~~~~~
C:/cygwin64/usr/x86_64-w64-mingw32/sys-root/mingw/include/wchar.h:318:31: note: 'intptr_t' is defined in header '<cstdint>'; did you forget to '#include <cstdint>'?
C:/cygwin64/usr/x86_64-w64-mingw32/sys-root/mingw/include/wchar.h:318:52: error: expected primary-expression before 'struct'
  318 |   int __cdecl _wfindnext64i32(intptr_t _FindHandle,struct _wfinddata64i32_t *_FindData);
      |                                                    ^~~~~~
C:/cygwin64/usr/x86_64-w64-mingw32/sys-root/mingw/include/wchar.h:318:87: error: expression list treated as compound expression in initializer [-fpermissive]
  318 |   int __cdecl _wfindnext64i32(intptr_t _FindHandle,struct _wfinddata64i32_t *_FindData);
      |                                                                                       ^
C:/cygwin64/usr/x86_64-w64-mingw32/sys-root/mingw/include/wchar.h:319:23: error: variable '_wfindnext64' definition is marked dllimport
  319 |   _CRTIMP int __cdecl _wfindnext64(intptr_t _FindHandle,struct _wfinddata64_t *_FindData);
      |                       ^~~~~~~~~~~~
C:/cygwin64/usr/x86_64-w64-mingw32/sys-root/mingw/include/wchar.h:319:36: error: 'intptr_t' was not declared in this scope
  319 |   _CRTIMP int __cdecl _wfindnext64(intptr_t _FindHandle,struct _wfinddata64_t *_FindData);
      |                                    ^~~~~~~~
C:/cygwin64/usr/x86_64-w64-mingw32/sys-root/mingw/include/wchar.h:319:36: note: 'intptr_t' is defined in header '<cstdint>'; did you forget to '#include <cstdint>'?
C:/cygwin64/usr/x86_64-w64-mingw32/sys-root/mingw/include/wchar.h:319:57: error: expected primary-expression before 'struct'
  319 |   _CRTIMP int __cdecl _wfindnext64(intptr_t _FindHandle,struct _wfinddata64_t *_FindData);
      |                                                         ^~~~~~
C:/cygwin64/usr/x86_64-w64-mingw32/sys-root/mingw/include/wchar.h:319:89: error: expression list treated as compound expression in initializer [-fpermissive]
  319 |   _CRTIMP int __cdecl _wfindnext64(intptr_t _FindHandle,struct _wfinddata64_t *_FindData);
      |                                                                                         ^
In file included from /usr/lib/gcc/x86_64-pc-cygwin/11/include/c++/cwchar:44,
                 from /usr/lib/gcc/x86_64-pc-cygwin/11/include/c++/bits/postypes.h:40,
                 from /usr/lib/gcc/x86_64-pc-cygwin/11/include/c++/iosfwd:40,
                 from /usr/lib/gcc/x86_64-pc-cygwin/11/include/c++/ios:38,
                 from /usr/lib/gcc/x86_64-pc-cygwin/11/include/c++/ostream:38,
                 from /usr/lib/gcc/x86_64-pc-cygwin/11/include/c++/iostream:39,
                 from C:/Users/chang/OneDrive/Documents/GitHub/KataGo/cpp/core/../core/global.h:14,
                 from C:/Users/chang/OneDrive/Documents/GitHub/KataGo/cpp/core/global.cpp:1:
C:/cygwin64/usr/x86_64-w64-mingw32/sys-root/mingw/include/wchar.h:333:11: error: 'intptr_t' does not name a type
  333 |   _CRTIMP intptr_t __cdecl _wexecl(const wchar_t *_Filename,const wchar_t *_ArgList,...);
      |           ^~~~~~~~
C:/cygwin64/usr/x86_64-w64-mingw32/sys-root/mingw/include/wchar.h:333:11: note: 'intptr_t' is defined in header '<cstdint>'; did you forget to '#include <cstdint>'?
C:/cygwin64/usr/x86_64-w64-mingw32/sys-root/mingw/include/wchar.h:334:11: error: 'intptr_t' does not name a type
  334 |   _CRTIMP intptr_t __cdecl _wexecle(const wchar_t *_Filename,const wchar_t *_ArgList,...);
      |           ^~~~~~~~
C:/cygwin64/usr/x86_64-w64-mingw32/sys-root/mingw/include/wchar.h:334:11: note: 'intptr_t' is defined in header '<cstdint>'; did you forget to '#include <cstdint>'?
C:/cygwin64/usr/x86_64-w64-mingw32/sys-root/mingw/include/wchar.h:335:11: error: 'intptr_t' does not name a type
  335 |   _CRTIMP intptr_t __cdecl _wexeclp(const wchar_t *_Filename,const wchar_t *_ArgList,...);
      |           ^~~~~~~~
C:/cygwin64/usr/x86_64-w64-mingw32/sys-root/mingw/include/wchar.h:335:11: note: 'intptr_t' is defined in header '<cstdint>'; did you forget to '#include <cstdint>'?
C:/cygwin64/usr/x86_64-w64-mingw32/sys-root/mingw/include/wchar.h:336:11: error: 'intptr_t' does not name a type
  336 |   _CRTIMP intptr_t __cdecl _wexeclpe(const wchar_t *_Filename,const wchar_t *_ArgList,...);
      |           ^~~~~~~~
C:/cygwin64/usr/x86_64-w64-mingw32/sys-root/mingw/include/wchar.h:336:11: note: 'intptr_t' is defined in header '<cstdint>'; did you forget to '#include <cstdint>'?
C:/cygwin64/usr/x86_64-w64-mingw32/sys-root/mingw/include/wchar.h:337:11: error: 'intptr_t' does not name a type
  337 |   _CRTIMP intptr_t __cdecl _wexecv(const wchar_t *_Filename,const wchar_t *const *_ArgList);
      |           ^~~~~~~~
C:/cygwin64/usr/x86_64-w64-mingw32/sys-root/mingw/include/wchar.h:337:11: note: 'intptr_t' is defined in header '<cstdint>'; did you forget to '#include <cstdint>'?
C:/cygwin64/usr/x86_64-w64-mingw32/sys-root/mingw/include/wchar.h:338:11: error: 'intptr_t' does not name a type
  338 |   _CRTIMP intptr_t __cdecl _wexecve(const wchar_t *_Filename,const wchar_t *const *_ArgList,const wchar_t *const *_Env);
      |           ^~~~~~~~
C:/cygwin64/usr/x86_64-w64-mingw32/sys-root/mingw/include/wchar.h:338:11: note: 'intptr_t' is defined in header '<cstdint>'; did you forget to '#include <cstdint>'?
C:/cygwin64/usr/x86_64-w64-mingw32/sys-root/mingw/include/wchar.h:339:11: error: 'intptr_t' does not name a type
  339 |   _CRTIMP intptr_t __cdecl _wexecvp(const wchar_t *_Filename,const wchar_t *const *_ArgList);
      |           ^~~~~~~~
C:/cygwin64/usr/x86_64-w64-mingw32/sys-root/mingw/include/wchar.h:339:11: note: 'intptr_t' is defined in header '<cstdint>'; did you forget to '#include <cstdint>'?
C:/cygwin64/usr/x86_64-w64-mingw32/sys-root/mingw/include/wchar.h:340:11: error: 'intptr_t' does not name a type
  340 |   _CRTIMP intptr_t __cdecl _wexecvpe(const wchar_t *_Filename,const wchar_t *const *_ArgList,const wchar_t *const *_Env);
      |           ^~~~~~~~
C:/cygwin64/usr/x86_64-w64-mingw32/sys-root/mingw/include/wchar.h:340:11: note: 'intptr_t' is defined in header '<cstdint>'; did you forget to '#include <cstdint>'?
C:/cygwin64/usr/x86_64-w64-mingw32/sys-root/mingw/include/wchar.h:345:11: error: 'intptr_t' does not name a type
  345 |   _CRTIMP intptr_t __cdecl _wspawnl(int _Mode,const wchar_t *_Filename,const wchar_t *_ArgList,...);
      |           ^~~~~~~~
C:/cygwin64/usr/x86_64-w64-mingw32/sys-root/mingw/include/wchar.h:345:11: note: 'intptr_t' is defined in header '<cstdint>'; did you forget to '#include <cstdint>'?
C:/cygwin64/usr/x86_64-w64-mingw32/sys-root/mingw/include/wchar.h:346:11: error: 'intptr_t' does not name a type
  346 |   _CRTIMP intptr_t __cdecl _wspawnle(int _Mode,const wchar_t *_Filename,const wchar_t *_ArgList,...);
      |           ^~~~~~~~
C:/cygwin64/usr/x86_64-w64-mingw32/sys-root/mingw/include/wchar.h:346:11: note: 'intptr_t' is defined in header '<cstdint>'; did you forget to '#include <cstdint>'?
C:/cygwin64/usr/x86_64-w64-mingw32/sys-root/mingw/include/wchar.h:347:11: error: 'intptr_t' does not name a type
  347 |   _CRTIMP intptr_t __cdecl _wspawnlp(int _Mode,const wchar_t *_Filename,const wchar_t *_ArgList,...);
      |           ^~~~~~~~
C:/cygwin64/usr/x86_64-w64-mingw32/sys-root/mingw/include/wchar.h:347:11: note: 'intptr_t' is defined in header '<cstdint>'; did you forget to '#include <cstdint>'?
C:/cygwin64/usr/x86_64-w64-mingw32/sys-root/mingw/include/wchar.h:348:11: error: 'intptr_t' does not name a type
  348 |   _CRTIMP intptr_t __cdecl _wspawnlpe(int _Mode,const wchar_t *_Filename,const wchar_t *_ArgList,...);
      |           ^~~~~~~~
C:/cygwin64/usr/x86_64-w64-mingw32/sys-root/mingw/include/wchar.h:348:11: note: 'intptr_t' is defined in header '<cstdint>'; did you forget to '#include <cstdint>'?
C:/cygwin64/usr/x86_64-w64-mingw32/sys-root/mingw/include/wchar.h:349:11: error: 'intptr_t' does not name a type
  349 |   _CRTIMP intptr_t __cdecl _wspawnv(int _Mode,const wchar_t *_Filename,const wchar_t *const *_ArgList);
      |           ^~~~~~~~
C:/cygwin64/usr/x86_64-w64-mingw32/sys-root/mingw/include/wchar.h:349:11: note: 'intptr_t' is defined in header '<cstdint>'; did you forget to '#include <cstdint>'?
C:/cygwin64/usr/x86_64-w64-mingw32/sys-root/mingw/include/wchar.h:350:11: error: 'intptr_t' does not name a type
  350 |   _CRTIMP intptr_t __cdecl _wspawnve(int _Mode,const wchar_t *_Filename,const wchar_t *const *_ArgList,const wchar_t *const *_Env);
      |           ^~~~~~~~
C:/cygwin64/usr/x86_64-w64-mingw32/sys-root/mingw/include/wchar.h:350:11: note: 'intptr_t' is defined in header '<cstdint>'; did you forget to '#include <cstdint>'?
C:/cygwin64/usr/x86_64-w64-mingw32/sys-root/mingw/include/wchar.h:351:11: error: 'intptr_t' does not name a type
  351 |   _CRTIMP intptr_t __cdecl _wspawnvp(int _Mode,const wchar_t *_Filename,const wchar_t *const *_ArgList);
      |           ^~~~~~~~
C:/cygwin64/usr/x86_64-w64-mingw32/sys-root/mingw/include/wchar.h:351:11: note: 'intptr_t' is defined in header '<cstdint>'; did you forget to '#include <cstdint>'?
C:/cygwin64/usr/x86_64-w64-mingw32/sys-root/mingw/include/wchar.h:352:11: error: 'intptr_t' does not name a type
  352 |   _CRTIMP intptr_t __cdecl _wspawnvpe(int _Mode,const wchar_t *_Filename,const wchar_t *const *_ArgList,const wchar_t *const *_Env);
      |           ^~~~~~~~
C:/cygwin64/usr/x86_64-w64-mingw32/sys-root/mingw/include/wchar.h:352:11: note: 'intptr_t' is defined in header '<cstdint>'; did you forget to '#include <cstdint>'?
In file included from C:/cygwin64/usr/x86_64-w64-mingw32/sys-root/mingw/include/wchar.h:413,
                 from /usr/lib/gcc/x86_64-pc-cygwin/11/include/c++/cwchar:44,
                 from /usr/lib/gcc/x86_64-pc-cygwin/11/include/c++/bits/postypes.h:40,
                 from /usr/lib/gcc/x86_64-pc-cygwin/11/include/c++/iosfwd:40,
                 from /usr/lib/gcc/x86_64-pc-cygwin/11/include/c++/ios:38,
                 from /usr/lib/gcc/x86_64-pc-cygwin/11/include/c++/ostream:38,
                 from /usr/lib/gcc/x86_64-pc-cygwin/11/include/c++/iostream:39,
                 from C:/Users/chang/OneDrive/Documents/GitHub/KataGo/cpp/core/../core/global.h:14,
                 from C:/Users/chang/OneDrive/Documents/GitHub/KataGo/cpp/core/global.cpp:1:
C:/cygwin64/usr/x86_64-w64-mingw32/sys-root/mingw/include/_mingw_stat64.h:49:5: error: 'time_t' does not name a type; did you mean 'size_t'?
   49 |     time_t st_atime;
      |     ^~~~~~
      |     size_t
C:/cygwin64/usr/x86_64-w64-mingw32/sys-root/mingw/include/_mingw_stat64.h:50:5: error: 'time_t' does not name a type; did you mean 'size_t'?
   50 |     time_t st_mtime;
      |     ^~~~~~
      |     size_t
C:/cygwin64/usr/x86_64-w64-mingw32/sys-root/mingw/include/_mingw_stat64.h:51:5: error: 'time_t' does not name a type; did you mean 'size_t'?
   51 |     time_t st_ctime;
      |     ^~~~~~
      |     size_t
In file included from /usr/lib/gcc/x86_64-pc-cygwin/11/include/c++/cwchar:44,
                 from /usr/lib/gcc/x86_64-pc-cygwin/11/include/c++/bits/postypes.h:40,
                 from /usr/lib/gcc/x86_64-pc-cygwin/11/include/c++/iosfwd:40,
                 from /usr/lib/gcc/x86_64-pc-cygwin/11/include/c++/ios:38,
                 from /usr/lib/gcc/x86_64-pc-cygwin/11/include/c++/ostream:38,
                 from /usr/lib/gcc/x86_64-pc-cygwin/11/include/c++/iostream:39,
                 from C:/Users/chang/OneDrive/Documents/GitHub/KataGo/cpp/core/../core/global.h:14,
                 from C:/Users/chang/OneDrive/Documents/GitHub/KataGo/cpp/core/global.cpp:1:
C:/cygwin64/usr/x86_64-w64-mingw32/sys-root/mingw/include/wchar.h:433:11: error: 'wint_t' does not name a type; did you mean 'ino_t'?
  433 |   _CRTIMP wint_t __cdecl _getwch(void);
      |           ^~~~~~
      |           ino_t
C:/cygwin64/usr/x86_64-w64-mingw32/sys-root/mingw/include/wchar.h:434:11: error: 'wint_t' does not name a type; did you mean 'ino_t'?
  434 |   _CRTIMP wint_t __cdecl _getwche(void);
      |           ^~~~~~
      |           ino_t
C:/cygwin64/usr/x86_64-w64-mingw32/sys-root/mingw/include/wchar.h:435:11: error: 'wint_t' does not name a type; did you mean 'ino_t'?
  435 |   _CRTIMP wint_t __cdecl _putwch(wchar_t _WCh);
      |           ^~~~~~
      |           ino_t
C:/cygwin64/usr/x86_64-w64-mingw32/sys-root/mingw/include/wchar.h:436:11: error: 'wint_t' does not name a type; did you mean 'ino_t'?
  436 |   _CRTIMP wint_t __cdecl _ungetwch(wint_t _WCh);
      |           ^~~~~~
      |           ino_t
In file included from /usr/lib/gcc/x86_64-pc-cygwin/11/include/c++/cwchar:44,
                 from /usr/lib/gcc/x86_64-pc-cygwin/11/include/c++/bits/postypes.h:40,
                 from /usr/lib/gcc/x86_64-pc-cygwin/11/include/c++/iosfwd:40,
                 from /usr/lib/gcc/x86_64-pc-cygwin/11/include/c++/ios:38,
                 from /usr/lib/gcc/x86_64-pc-cygwin/11/include/c++/ostream:38,
                 from /usr/lib/gcc/x86_64-pc-cygwin/11/include/c++/iostream:39,
                 from C:/Users/chang/OneDrive/Documents/GitHub/KataGo/cpp/core/../core/global.h:14,
                 from C:/Users/chang/OneDrive/Documents/GitHub/KataGo/cpp/core/global.cpp:1:
C:/cygwin64/usr/x86_64-w64-mingw32/sys-root/mingw/include/wchar.h:765:3: error: 'wint_t' does not name a type; did you mean 'ino_t'?
  765 |   wint_t __cdecl fgetwc(FILE *_File);
      |   ^~~~~~
      |   ino_t
C:/cygwin64/usr/x86_64-w64-mingw32/sys-root/mingw/include/wchar.h:766:11: error: 'wint_t' does not name a type; did you mean 'ino_t'?
  766 |   _CRTIMP wint_t __cdecl _fgetwchar(void);
      |           ^~~~~~
      |           ino_t
C:/cygwin64/usr/x86_64-w64-mingw32/sys-root/mingw/include/wchar.h:767:3: error: 'wint_t' does not name a type; did you mean 'ino_t'?
  767 |   wint_t __cdecl fputwc(wchar_t _Ch,FILE *_File);
      |   ^~~~~~
      |   ino_t
C:/cygwin64/usr/x86_64-w64-mingw32/sys-root/mingw/include/wchar.h:768:11: error: 'wint_t' does not name a type; did you mean 'ino_t'?
  768 |   _CRTIMP wint_t __cdecl _fputwchar(wchar_t _Ch);
      |           ^~~~~~
      |           ino_t
C:/cygwin64/usr/x86_64-w64-mingw32/sys-root/mingw/include/wchar.h:769:3: error: 'wint_t' does not name a type; did you mean 'ino_t'?
  769 |   wint_t __cdecl getwc(FILE *_File);
      |   ^~~~~~
      |   ino_t
C:/cygwin64/usr/x86_64-w64-mingw32/sys-root/mingw/include/wchar.h:770:3: error: 'wint_t' does not name a type; did you mean 'ino_t'?
  770 |   wint_t __cdecl getwchar(void);
      |   ^~~~~~
      |   ino_t
C:/cygwin64/usr/x86_64-w64-mingw32/sys-root/mingw/include/wchar.h:771:3: error: 'wint_t' does not name a type; did you mean 'ino_t'?
  771 |   wint_t __cdecl putwc(wchar_t _Ch,FILE *_File);
      |   ^~~~~~
      |   ino_t
C:/cygwin64/usr/x86_64-w64-mingw32/sys-root/mingw/include/wchar.h:772:3: error: 'wint_t' does not name a type; did you mean 'ino_t'?
  772 |   wint_t __cdecl putwchar(wchar_t _Ch);
      |   ^~~~~~
      |   ino_t
C:/cygwin64/usr/x86_64-w64-mingw32/sys-root/mingw/include/wchar.h:773:3: error: 'wint_t' does not name a type; did you mean 'ino_t'?
  773 |   wint_t __cdecl ungetwc(wint_t _Ch,FILE *_File);
      |   ^~~~~~
      |   ino_t
In file included from /usr/lib/gcc/x86_64-pc-cygwin/11/include/c++/cwchar:44,
                 from /usr/lib/gcc/x86_64-pc-cygwin/11/include/c++/bits/postypes.h:40,
                 from /usr/lib/gcc/x86_64-pc-cygwin/11/include/c++/iosfwd:40,
                 from /usr/lib/gcc/x86_64-pc-cygwin/11/include/c++/ios:38,
                 from /usr/lib/gcc/x86_64-pc-cygwin/11/include/c++/ostream:38,
                 from /usr/lib/gcc/x86_64-pc-cygwin/11/include/c++/iostream:39,
                 from C:/Users/chang/OneDrive/Documents/GitHub/KataGo/cpp/core/../core/global.h:14,
                 from C:/Users/chang/OneDrive/Documents/GitHub/KataGo/cpp/core/global.cpp:1:
C:/cygwin64/usr/x86_64-w64-mingw32/sys-root/mingw/include/wchar.h:1213:16: error: 'wint_t' does not name a type; did you mean 'ino_t'?
 1213 |   __CRT_INLINE wint_t __cdecl getwchar() {return (fgetwc(stdin)); }
      |                ^~~~~~
      |                ino_t
C:/cygwin64/usr/x86_64-w64-mingw32/sys-root/mingw/include/wchar.h:1214:16: error: 'wint_t' does not name a type; did you mean 'ino_t'?
 1214 |   __CRT_INLINE wint_t __cdecl putwchar(wchar_t _C) {return (fputwc(_C,stdout)); }
      |                ^~~~~~
      |                ino_t
C:/cygwin64/usr/x86_64-w64-mingw32/sys-root/mingw/include/wchar.h:1389:34: error: 'time_t' does not name a type; did you mean 'size_t'?
 1389 |   wchar_t *__cdecl _wctime(const time_t *_Time) __MINGW_ATTRIB_DEPRECATED_SEC_WARN;
      |                                  ^~~~~~
      |                                  size_t
C:/cygwin64/usr/x86_64-w64-mingw32/sys-root/mingw/include/wchar.h:1392:47: error: 'time_t' does not name a type; did you mean 'size_t'?
 1392 |   __CRT_INLINE wchar_t *__cdecl _wctime(const time_t *_Time) { return _wctime64(_Time); }
      |                                               ^~~~~~
      |                                               size_t
C:/cygwin64/usr/x86_64-w64-mingw32/sys-root/mingw/include/wchar.h: In function 'wchar_t* _wctime(const int*)':
C:/cygwin64/usr/x86_64-w64-mingw32/sys-root/mingw/include/wchar.h:1392:81: error: cannot convert 'const int*' to 'const __time64_t*' {aka 'const long long int*'}
 1392 |   __CRT_INLINE wchar_t *__cdecl _wctime(const time_t *_Time) { return _wctime64(_Time); }
      |                                                                                 ^~~~~
      |                                                                                 |
      |                                                                                 const int*
C:/cygwin64/usr/x86_64-w64-mingw32/sys-root/mingw/include/wchar.h:1384:56: note:   initializing argument 1 of 'wchar_t* _wctime64(const __time64_t*)'
 1384 |   _CRTIMP wchar_t *__cdecl _wctime64(const __time64_t *_Time) __MINGW_ATTRIB_DEPRECATED_SEC_WARN;
      |                                      ~~~~~~~~~~~~~~~~~~^~~~~
C:/cygwin64/usr/x86_64-w64-mingw32/sys-root/mingw/include/wchar.h: At global scope:
C:/cygwin64/usr/x86_64-w64-mingw32/sys-root/mingw/include/wchar.h:1401:54: error: 'time_t' does not name a type; did you mean 'size_t'?
 1401 |   errno_t __cdecl _wctime_s(wchar_t *, size_t, const time_t *);
      |                                                      ^~~~~~
      |                                                      size_t
C:/cygwin64/usr/x86_64-w64-mingw32/sys-root/mingw/include/wchar.h:1404:86: error: 'time_t' does not name a type; did you mean 'size_t'?
 1404 |   __CRT_INLINE errno_t __cdecl _wctime_s (wchar_t *_Buffer,size_t _SizeInWords,const time_t *_Time) { return _wctime64_s (_Buffer,_SizeInWords,_Time); }
      |                                                                                      ^~~~~~
      |                                                                                      size_t
C:/cygwin64/usr/x86_64-w64-mingw32/sys-root/mingw/include/wchar.h: In function 'errno_t _wctime_s(wchar_t*, size_t, const int*)':
C:/cygwin64/usr/x86_64-w64-mingw32/sys-root/mingw/include/wchar.h:1404:144: error: cannot convert 'const int*' to 'const __time64_t*' {aka 'const long long int*'}
 1404 |   __CRT_INLINE errno_t __cdecl _wctime_s (wchar_t *_Buffer,size_t _SizeInWords,const time_t *_Time) { return _wctime64_s (_Buffer,_SizeInWords,_Time); }
      |
                               ^~~~~
      |
                               |
      |
                               const int*
C:/cygwin64/usr/x86_64-w64-mingw32/sys-root/mingw/include/wchar.h:1385:92: note:   initializing argument 3 of 'errno_t _wctime64_s(wchar_t*, size_t, const __time64_t*)'
 1385 |   _SECIMP errno_t __cdecl _wctime64_s (wchar_t *_Buf,size_t _SizeInWords,const __time64_t *_Time);
      |                                                                          ~~~~~~~~~~~~~~~~~~^~~~~
C:/cygwin64/usr/x86_64-w64-mingw32/sys-root/mingw/include/wchar.h: At global scope:
C:/cygwin64/usr/x86_64-w64-mingw32/sys-root/mingw/include/wchar.h:1424:3: error: 'wint_t' does not name a type; did you mean 'ino_t'?
 1424 |   wint_t __cdecl btowc(int);
      |   ^~~~~~
      |   ino_t
C:/cygwin64/usr/x86_64-w64-mingw32/sys-root/mingw/include/wchar.h:1430:21: error: 'wint_t' was not declared in this scope; did you mean 'ino_t'?
 1430 |   int __cdecl wctob(wint_t _WCh);
      |                     ^~~~~~
      |                     ino_t
In file included from /usr/lib/gcc/x86_64-pc-cygwin/11/include/c++/bits/postypes.h:40,
                 from /usr/lib/gcc/x86_64-pc-cygwin/11/include/c++/iosfwd:40,
                 from /usr/lib/gcc/x86_64-pc-cygwin/11/include/c++/ios:38,
                 from /usr/lib/gcc/x86_64-pc-cygwin/11/include/c++/ostream:38,
                 from /usr/lib/gcc/x86_64-pc-cygwin/11/include/c++/iostream:39,
                 from C:/Users/chang/OneDrive/Documents/GitHub/KataGo/cpp/core/../core/global.h:14,
                 from C:/Users/chang/OneDrive/Documents/GitHub/KataGo/cpp/core/global.cpp:1:
/usr/lib/gcc/x86_64-pc-cygwin/11/include/c++/cwchar:141:11: error: 'wint_t' has not been declared in '::'
  141 |   using ::wint_t;
      |           ^~~~~~
/usr/lib/gcc/x86_64-pc-cygwin/11/include/c++/cwchar:143:11: error: 'btowc' has not been declared in '::'
  143 |   using ::btowc;
      |           ^~~~~
/usr/lib/gcc/x86_64-pc-cygwin/11/include/c++/cwchar:144:11: error: 'fgetwc' has not been declared in '::'
  144 |   using ::fgetwc;
      |           ^~~~~~
/usr/lib/gcc/x86_64-pc-cygwin/11/include/c++/cwchar:146:11: error: 'fputwc' has not been declared in '::'
  146 |   using ::fputwc;
      |           ^~~~~~
/usr/lib/gcc/x86_64-pc-cygwin/11/include/c++/cwchar:151:11: error: 'getwc' has not been declared in '::'
  151 |   using ::getwc;
      |           ^~~~~
/usr/lib/gcc/x86_64-pc-cygwin/11/include/c++/cwchar:152:11: error: 'getwchar' has not been declared in '::'
  152 |   using ::getwchar;
      |           ^~~~~~~~
/usr/lib/gcc/x86_64-pc-cygwin/11/include/c++/cwchar:157:11: error: 'putwc' has not been declared in '::'
  157 |   using ::putwc;
      |           ^~~~~
/usr/lib/gcc/x86_64-pc-cygwin/11/include/c++/cwchar:158:11: error: 'putwchar' has not been declared in '::'
  158 |   using ::putwchar;
      |           ^~~~~~~~
/usr/lib/gcc/x86_64-pc-cygwin/11/include/c++/cwchar:163:11: error: 'ungetwc' has not been declared in '::'
  163 |   using ::ungetwc;
      |           ^~~~~~~
In file included from /usr/lib/gcc/x86_64-pc-cygwin/11/include/c++/ios:40,
                 from /usr/lib/gcc/x86_64-pc-cygwin/11/include/c++/ostream:38,
                 from /usr/lib/gcc/x86_64-pc-cygwin/11/include/c++/iostream:39,
                 from C:/Users/chang/OneDrive/Documents/GitHub/KataGo/cpp/core/../core/global.h:14,
                 from C:/Users/chang/OneDrive/Documents/GitHub/KataGo/cpp/core/global.cpp:1:
/usr/lib/gcc/x86_64-pc-cygwin/11/include/c++/bits/char_traits.h:482:15: error: 'wint_t' does not name a type; did you mean 'ino_t'?
  482 |       typedef wint_t            int_type;
      |               ^~~~~~
      |               ino_t
/usr/lib/gcc/x86_64-pc-cygwin/11/include/c++/bits/char_traits.h:577:26: error: 'int_type' does not name a type
  577 |       to_char_type(const int_type& __c) _GLIBCXX_NOEXCEPT
      |                          ^~~~~~~~
/usr/lib/gcc/x86_64-pc-cygwin/11/include/c++/bits/char_traits.h:580:33: error: 'int_type' does not name a type
  580 |       static _GLIBCXX_CONSTEXPR int_type
      |                                 ^~~~~~~~
/usr/lib/gcc/x86_64-pc-cygwin/11/include/c++/bits/char_traits.h:585:25: error: 'int_type' does not name a type
  585 |       eq_int_type(const int_type& __c1, const int_type& __c2) _GLIBCXX_NOEXCEPT
      |                         ^~~~~~~~
/usr/lib/gcc/x86_64-pc-cygwin/11/include/c++/bits/char_traits.h:585:47: error: 'int_type' does not name a type
  585 |       eq_int_type(const int_type& __c1, const int_type& __c2) _GLIBCXX_NOEXCEPT
      |                                               ^~~~~~~~
/usr/lib/gcc/x86_64-pc-cygwin/11/include/c++/bits/char_traits.h:588:33: error: 'int_type' does not name a type
  588 |       static _GLIBCXX_CONSTEXPR int_type
      |                                 ^~~~~~~~
/usr/lib/gcc/x86_64-pc-cygwin/11/include/c++/bits/char_traits.h:592:33: error: 'int_type' does not name a type
  592 |       static _GLIBCXX_CONSTEXPR int_type
      |                                 ^~~~~~~~
In file included from /usr/lib/gcc/x86_64-pc-cygwin/11/include/c++/bits/char_traits.h:727,
                 from /usr/lib/gcc/x86_64-pc-cygwin/11/include/c++/ios:40,
                 from /usr/lib/gcc/x86_64-pc-cygwin/11/include/c++/ostream:38,
                 from /usr/lib/gcc/x86_64-pc-cygwin/11/include/c++/iostream:39,
                 from C:/Users/chang/OneDrive/Documents/GitHub/KataGo/cpp/core/../core/global.h:14,
                 from C:/Users/chang/OneDrive/Documents/GitHub/KataGo/cpp/core/global.cpp:1:
/usr/lib/gcc/x86_64-pc-cygwin/11/include/c++/cstdint:63:11: error: 'intptr_t' has not been declared in '::'
   63 |   using ::intptr_t;
      |           ^~~~~~~~
/usr/lib/gcc/x86_64-pc-cygwin/11/include/c++/cstdint:81:11: error: 'uintptr_t' has not been declared in '::'
   81 |   using ::uintptr_t;
      |           ^~~~~~~~~
In file included from C:/cygwin64/usr/x86_64-w64-mingw32/sys-root/mingw/include/locale.h:12,
                 from /usr/lib/gcc/x86_64-pc-cygwin/11/include/c++/clocale:42,
                 from /usr/lib/gcc/x86_64-pc-cygwin/11/include/c++/x86_64-pc-cygwin/bits/c++locale.h:41,
                 from /usr/lib/gcc/x86_64-pc-cygwin/11/include/c++/bits/localefwd.h:40,
                 from /usr/lib/gcc/x86_64-pc-cygwin/11/include/c++/ios:41,
                 from /usr/lib/gcc/x86_64-pc-cygwin/11/include/c++/ostream:38,
                 from /usr/lib/gcc/x86_64-pc-cygwin/11/include/c++/iostream:39,
                 from C:/Users/chang/OneDrive/Documents/GitHub/KataGo/cpp/core/../core/global.h:14,
                 from C:/Users/chang/OneDrive/Documents/GitHub/KataGo/cpp/core/global.cpp:1:
C:/cygwin64/usr/x86_64-w64-mingw32/sys-root/mingw/include/stdio.h:1586:11: error: 'intptr_t' does not name a type
 1586 |   _CRTIMP intptr_t __cdecl _spawnv(int _Mode,const char *_Filename,const char *const *_ArgList);
      |           ^~~~~~~~
In file included from C:/cygwin64/usr/x86_64-w64-mingw32/sys-root/mingw/include/locale.h:12,
                 from /usr/lib/gcc/x86_64-pc-cygwin/11/include/c++/clocale:42,
                 from /usr/lib/gcc/x86_64-pc-cygwin/11/include/c++/x86_64-pc-cygwin/bits/c++locale.h:41,
                 from /usr/lib/gcc/x86_64-pc-cygwin/11/include/c++/bits/localefwd.h:40,
                 from /usr/lib/gcc/x86_64-pc-cygwin/11/include/c++/ios:41,
                 from /usr/lib/gcc/x86_64-pc-cygwin/11/include/c++/ostream:38,
                 from /usr/lib/gcc/x86_64-pc-cygwin/11/include/c++/iostream:39,
                 from C:/Users/chang/OneDrive/Documents/GitHub/KataGo/cpp/core/../core/global.h:14,
                 from C:/Users/chang/OneDrive/Documents/GitHub/KataGo/cpp/core/global.cpp:1:
C:/cygwin64/usr/x86_64-w64-mingw32/sys-root/mingw/include/stdio.h:1:1: note: 'intptr_t' is defined in header '<cstdint>'; did you forget to '#include <cstdint>'?
  +++ |+#include <cstdint>
    1 | /**
In file included from C:/cygwin64/usr/x86_64-w64-mingw32/sys-root/mingw/include/locale.h:12,
                 from /usr/lib/gcc/x86_64-pc-cygwin/11/include/c++/clocale:42,
                 from /usr/lib/gcc/x86_64-pc-cygwin/11/include/c++/x86_64-pc-cygwin/bits/c++locale.h:41,
                 from /usr/lib/gcc/x86_64-pc-cygwin/11/include/c++/bits/localefwd.h:40,
                 from /usr/lib/gcc/x86_64-pc-cygwin/11/include/c++/ios:41,
                 from /usr/lib/gcc/x86_64-pc-cygwin/11/include/c++/ostream:38,
                 from /usr/lib/gcc/x86_64-pc-cygwin/11/include/c++/iostream:39,
                 from C:/Users/chang/OneDrive/Documents/GitHub/KataGo/cpp/core/../core/global.h:14,
                 from C:/Users/chang/OneDrive/Documents/GitHub/KataGo/cpp/core/global.cpp:1:
C:/cygwin64/usr/x86_64-w64-mingw32/sys-root/mingw/include/stdio.h:1587:11: error: 'intptr_t' does not name a type
 1587 |   _CRTIMP intptr_t __cdecl _spawnve(int _Mode,const char *_Filename,const char *const *_ArgList,const char *const *_Env);
      |           ^~~~~~~~
C:/cygwin64/usr/x86_64-w64-mingw32/sys-root/mingw/include/stdio.h:1587:11: note: 'intptr_t' is defined in header '<cstdint>'; did you forget to '#include <cstdint>'?
C:/cygwin64/usr/x86_64-w64-mingw32/sys-root/mingw/include/stdio.h:1588:11: error: 'intptr_t' does not name a type
 1588 |   _CRTIMP intptr_t __cdecl _spawnvp(int _Mode,const char *_Filename,const char *const *_ArgList);
      |           ^~~~~~~~
C:/cygwin64/usr/x86_64-w64-mingw32/sys-root/mingw/include/stdio.h:1588:11: note: 'intptr_t' is defined in header '<cstdint>'; did you forget to '#include <cstdint>'?
C:/cygwin64/usr/x86_64-w64-mingw32/sys-root/mingw/include/stdio.h:1589:11: error: 'intptr_t' does not name a type
 1589 |   _CRTIMP intptr_t __cdecl _spawnvpe(int _Mode,const char *_Filename,const char *const *_ArgList,const char *const *_Env);
      |           ^~~~~~~~
C:/cygwin64/usr/x86_64-w64-mingw32/sys-root/mingw/include/stdio.h:1589:11: note: 'intptr_t' is defined in header '<cstdint>'; did you forget to '#include <cstdint>'?
In file included from C:/cygwin64/usr/x86_64-w64-mingw32/sys-root/mingw/include/pthread.h:64,
                 from /usr/lib/gcc/x86_64-pc-cygwin/11/include/c++/x86_64-pc-cygwin/bits/gthr-default.h:35,
                 from /usr/lib/gcc/x86_64-pc-cygwin/11/include/c++/x86_64-pc-cygwin/bits/gthr.h:148,
                 from /usr/lib/gcc/x86_64-pc-cygwin/11/include/c++/ext/atomicity.h:35,
                 from /usr/lib/gcc/x86_64-pc-cygwin/11/include/c++/bits/ios_base.h:39,
                 from /usr/lib/gcc/x86_64-pc-cygwin/11/include/c++/ios:42,
                 from /usr/lib/gcc/x86_64-pc-cygwin/11/include/c++/ostream:38,
                 from /usr/lib/gcc/x86_64-pc-cygwin/11/include/c++/iostream:39,
                 from C:/Users/chang/OneDrive/Documents/GitHub/KataGo/cpp/core/../core/global.h:14,
                 from C:/Users/chang/OneDrive/Documents/GitHub/KataGo/cpp/core/global.cpp:1:
C:/cygwin64/usr/x86_64-w64-mingw32/sys-root/mingw/include/sys/types.h:90:3: error: 'time_t' does not name a type; did you mean 'size_t'?
   90 |   time_t  tv_sec;       /* Seconds */
      |   ^~~~~~
      |   size_t
In file included from C:/cygwin64/usr/x86_64-w64-mingw32/sys-root/mingw/include/pthread.h:66,
                 from /usr/lib/gcc/x86_64-pc-cygwin/11/include/c++/x86_64-pc-cygwin/bits/gthr-default.h:35,
                 from /usr/lib/gcc/x86_64-pc-cygwin/11/include/c++/x86_64-pc-cygwin/bits/gthr.h:148,
                 from /usr/lib/gcc/x86_64-pc-cygwin/11/include/c++/ext/atomicity.h:35,
                 from /usr/lib/gcc/x86_64-pc-cygwin/11/include/c++/bits/ios_base.h:39,
                 from /usr/lib/gcc/x86_64-pc-cygwin/11/include/c++/ios:42,
                 from /usr/lib/gcc/x86_64-pc-cygwin/11/include/c++/ostream:38,
                 from /usr/lib/gcc/x86_64-pc-cygwin/11/include/c++/iostream:39,
                 from C:/Users/chang/OneDrive/Documents/GitHub/KataGo/cpp/core/../core/global.h:14,
                 from C:/Users/chang/OneDrive/Documents/GitHub/KataGo/cpp/core/global.cpp:1:
C:/cygwin64/usr/x86_64-w64-mingw32/sys-root/mingw/include/process.h:35:11: error: 'uintptr_t' does not name a type
   35 |   _CRTIMP uintptr_t __cdecl _beginthread(_beginthread_proc_type _StartAddress,unsigned _StackSize,void *_ArgList);
      |           ^~~~~~~~~
C:/cygwin64/usr/x86_64-w64-mingw32/sys-root/mingw/include/process.h:11:1: note: 'uintptr_t' is defined in header '<cstdint>'; did you forget to '#include <cstdint>'?
   10 | #include <corecrt_startup.h>
  +++ |+#include <cstdint>
   11 |
C:/cygwin64/usr/x86_64-w64-mingw32/sys-root/mingw/include/process.h:37:11: error: 'uintptr_t' does not name a type
   37 |   _CRTIMP uintptr_t __cdecl _beginthreadex(void *_Security,unsigned _StackSize,_beginthreadex_proc_type _StartAddress,void *_ArgList,unsigned _InitFlag,unsigned *_ThrdAddr);
      |           ^~~~~~~~~
C:/cygwin64/usr/x86_64-w64-mingw32/sys-root/mingw/include/process.h:37:11: note: 'uintptr_t' is defined in header '<cstdint>'; did you forget to '#include <cstdint>'?
In file included from C:/cygwin64/usr/x86_64-w64-mingw32/sys-root/mingw/include/pthread.h:66,
                 from /usr/lib/gcc/x86_64-pc-cygwin/11/include/c++/x86_64-pc-cygwin/bits/gthr-default.h:35,
                 from /usr/lib/gcc/x86_64-pc-cygwin/11/include/c++/x86_64-pc-cygwin/bits/gthr.h:148,
                 from /usr/lib/gcc/x86_64-pc-cygwin/11/include/c++/ext/atomicity.h:35,
                 from /usr/lib/gcc/x86_64-pc-cygwin/11/include/c++/bits/ios_base.h:39,
                 from /usr/lib/gcc/x86_64-pc-cygwin/11/include/c++/ios:42,
                 from /usr/lib/gcc/x86_64-pc-cygwin/11/include/c++/ostream:38,
                 from /usr/lib/gcc/x86_64-pc-cygwin/11/include/c++/iostream:39,
                 from C:/Users/chang/OneDrive/Documents/GitHub/KataGo/cpp/core/../core/global.h:14,
                 from C:/Users/chang/OneDrive/Documents/GitHub/KataGo/cpp/core/global.cpp:1:
C:/cygwin64/usr/x86_64-w64-mingw32/sys-root/mingw/include/process.h:71:11: error: 'intptr_t' does not name a type
   71 |   _CRTIMP intptr_t __cdecl _cwait(int *_TermStat,intptr_t _ProcHandle,int _Action);
      |           ^~~~~~~~
C:/cygwin64/usr/x86_64-w64-mingw32/sys-root/mingw/include/process.h:71:11: note: 'intptr_t' is defined in header '<cstdint>'; did you forget to '#include <cstdint>'?
C:/cygwin64/usr/x86_64-w64-mingw32/sys-root/mingw/include/process.h:72:11: error: 'intptr_t' does not name a type
   72 |   _CRTIMP intptr_t __cdecl _execl(const char *_Filename,const char *_ArgList,...);
      |           ^~~~~~~~
C:/cygwin64/usr/x86_64-w64-mingw32/sys-root/mingw/include/process.h:72:11: note: 'intptr_t' is defined in header '<cstdint>'; did you forget to '#include <cstdint>'?
C:/cygwin64/usr/x86_64-w64-mingw32/sys-root/mingw/include/process.h:73:11: error: 'intptr_t' does not name a type
   73 |   _CRTIMP intptr_t __cdecl _execle(const char *_Filename,const char *_ArgList,...);
      |           ^~~~~~~~
C:/cygwin64/usr/x86_64-w64-mingw32/sys-root/mingw/include/process.h:73:11: note: 'intptr_t' is defined in header '<cstdint>'; did you forget to '#include <cstdint>'?
C:/cygwin64/usr/x86_64-w64-mingw32/sys-root/mingw/include/process.h:74:11: error: 'intptr_t' does not name a type
   74 |   _CRTIMP intptr_t __cdecl _execlp(const char *_Filename,const char *_ArgList,...);
      |           ^~~~~~~~
C:/cygwin64/usr/x86_64-w64-mingw32/sys-root/mingw/include/process.h:74:11: note: 'intptr_t' is defined in header '<cstdint>'; did you forget to '#include <cstdint>'?
C:/cygwin64/usr/x86_64-w64-mingw32/sys-root/mingw/include/process.h:75:11: error: 'intptr_t' does not name a type
   75 |   _CRTIMP intptr_t __cdecl _execlpe(const char *_Filename,const char *_ArgList,...);
      |           ^~~~~~~~
C:/cygwin64/usr/x86_64-w64-mingw32/sys-root/mingw/include/process.h:75:11: note: 'intptr_t' is defined in header '<cstdint>'; did you forget to '#include <cstdint>'?
C:/cygwin64/usr/x86_64-w64-mingw32/sys-root/mingw/include/process.h:76:11: error: 'intptr_t' does not name a type
   76 |   _CRTIMP intptr_t __cdecl _execv(const char *_Filename,const char *const *_ArgList);
      |           ^~~~~~~~
C:/cygwin64/usr/x86_64-w64-mingw32/sys-root/mingw/include/process.h:76:11: note: 'intptr_t' is defined in header '<cstdint>'; did you forget to '#include <cstdint>'?
C:/cygwin64/usr/x86_64-w64-mingw32/sys-root/mingw/include/process.h:77:11: error: 'intptr_t' does not name a type
   77 |   _CRTIMP intptr_t __cdecl _execve(const char *_Filename,const char *const *_ArgList,const char *const *_Env);
      |           ^~~~~~~~
C:/cygwin64/usr/x86_64-w64-mingw32/sys-root/mingw/include/process.h:77:11: note: 'intptr_t' is defined in header '<cstdint>'; did you forget to '#include <cstdint>'?
C:/cygwin64/usr/x86_64-w64-mingw32/sys-root/mingw/include/process.h:78:11: error: 'intptr_t' does not name a type
   78 |   _CRTIMP intptr_t __cdecl _execvp(const char *_Filename,const char *const *_ArgList);
      |           ^~~~~~~~
C:/cygwin64/usr/x86_64-w64-mingw32/sys-root/mingw/include/process.h:78:11: note: 'intptr_t' is defined in header '<cstdint>'; did you forget to '#include <cstdint>'?
C:/cygwin64/usr/x86_64-w64-mingw32/sys-root/mingw/include/process.h:79:11: error: 'intptr_t' does not name a type
   79 |   _CRTIMP intptr_t __cdecl _execvpe(const char *_Filename,const char *const *_ArgList,const char *const *_Env);
      |           ^~~~~~~~
C:/cygwin64/usr/x86_64-w64-mingw32/sys-root/mingw/include/process.h:79:11: note: 'intptr_t' is defined in header '<cstdint>'; did you forget to '#include <cstdint>'?
C:/cygwin64/usr/x86_64-w64-mingw32/sys-root/mingw/include/process.h:80:11: error: 'intptr_t' does not name a type
   80 |   _CRTIMP intptr_t __cdecl _spawnl(int _Mode,const char *_Filename,const char *_ArgList,...);
      |           ^~~~~~~~
C:/cygwin64/usr/x86_64-w64-mingw32/sys-root/mingw/include/process.h:80:11: note: 'intptr_t' is defined in header '<cstdint>'; did you forget to '#include <cstdint>'?
C:/cygwin64/usr/x86_64-w64-mingw32/sys-root/mingw/include/process.h:81:11: error: 'intptr_t' does not name a type
   81 |   _CRTIMP intptr_t __cdecl _spawnle(int _Mode,const char *_Filename,const char *_ArgList,...);
      |           ^~~~~~~~
C:/cygwin64/usr/x86_64-w64-mingw32/sys-root/mingw/include/process.h:81:11: note: 'intptr_t' is defined in header '<cstdint>'; did you forget to '#include <cstdint>'?
C:/cygwin64/usr/x86_64-w64-mingw32/sys-root/mingw/include/process.h:82:11: error: 'intptr_t' does not name a type
   82 |   _CRTIMP intptr_t __cdecl _spawnlp(int _Mode,const char *_Filename,const char *_ArgList,...);
      |           ^~~~~~~~
C:/cygwin64/usr/x86_64-w64-mingw32/sys-root/mingw/include/process.h:82:11: note: 'intptr_t' is defined in header '<cstdint>'; did you forget to '#include <cstdint>'?
C:/cygwin64/usr/x86_64-w64-mingw32/sys-root/mingw/include/process.h:83:11: error: 'intptr_t' does not name a type
   83 |   _CRTIMP intptr_t __cdecl _spawnlpe(int _Mode,const char *_Filename,const char *_ArgList,...);
      |           ^~~~~~~~
C:/cygwin64/usr/x86_64-w64-mingw32/sys-root/mingw/include/process.h:83:11: note: 'intptr_t' is defined in header '<cstdint>'; did you forget to '#include <cstdint>'?
C:/cygwin64/usr/x86_64-w64-mingw32/sys-root/mingw/include/process.h:129:3: error: 'intptr_t' does not name a type
  129 |   intptr_t __cdecl _loaddll(char *_Filename);
      |   ^~~~~~~~
C:/cygwin64/usr/x86_64-w64-mingw32/sys-root/mingw/include/process.h:129:3: note: 'intptr_t' is defined in header '<cstdint>'; did you forget to '#include <cstdint>'?
C:/cygwin64/usr/x86_64-w64-mingw32/sys-root/mingw/include/process.h:130:26: error: 'intptr_t' was not declared in this scope
  130 |   int __cdecl _unloaddll(intptr_t _Handle);
      |                          ^~~~~~~~
C:/cygwin64/usr/x86_64-w64-mingw32/sys-root/mingw/include/process.h:130:26: note: 'intptr_t' is defined in header '<cstdint>'; did you forget to '#include <cstdint>'?
C:/cygwin64/usr/x86_64-w64-mingw32/sys-root/mingw/include/process.h:131:40: error: expected ')' before '(' token
  131 |   int (__cdecl *__cdecl _getdllprocaddr(intptr_t _Handle,char *_ProcedureName,intptr_t _Ordinal))(void);
      |       ~                                ^
      |                                        )
C:/cygwin64/usr/x86_64-w64-mingw32/sys-root/mingw/include/process.h:165:3: error: 'intptr_t' does not name a type
  165 |   intptr_t __cdecl cwait(int *_TermStat,intptr_t _ProcHandle,int _Action) __MINGW_ATTRIB_DEPRECATED_MSVC2005;
      |   ^~~~~~~~
C:/cygwin64/usr/x86_64-w64-mingw32/sys-root/mingw/include/process.h:165:3: note: 'intptr_t' is defined in header '<cstdint>'; did you forget to '#include <cstdint>'?
C:/cygwin64/usr/x86_64-w64-mingw32/sys-root/mingw/include/process.h:177:3: error: 'intptr_t' does not name a type
  177 |   intptr_t __cdecl spawnl(int,const char *_Filename,const char *_ArgList,...) __MINGW_ATTRIB_DEPRECATED_MSVC2005;
      |   ^~~~~~~~
C:/cygwin64/usr/x86_64-w64-mingw32/sys-root/mingw/include/process.h:177:3: note: 'intptr_t' is defined in header '<cstdint>'; did you forget to '#include <cstdint>'?
C:/cygwin64/usr/x86_64-w64-mingw32/sys-root/mingw/include/process.h:178:3: error: 'intptr_t' does not name a type
  178 |   intptr_t __cdecl spawnle(int,const char *_Filename,const char *_ArgList,...) __MINGW_ATTRIB_DEPRECATED_MSVC2005;
      |   ^~~~~~~~
C:/cygwin64/usr/x86_64-w64-mingw32/sys-root/mingw/include/process.h:178:3: note: 'intptr_t' is defined in header '<cstdint>'; did you forget to '#include <cstdint>'?
C:/cygwin64/usr/x86_64-w64-mingw32/sys-root/mingw/include/process.h:179:3: error: 'intptr_t' does not name a type
  179 |   intptr_t __cdecl spawnlp(int,const char *_Filename,const char *_ArgList,...) __MINGW_ATTRIB_DEPRECATED_MSVC2005;
      |   ^~~~~~~~
C:/cygwin64/usr/x86_64-w64-mingw32/sys-root/mingw/include/process.h:179:3: note: 'intptr_t' is defined in header '<cstdint>'; did you forget to '#include <cstdint>'?
C:/cygwin64/usr/x86_64-w64-mingw32/sys-root/mingw/include/process.h:180:3: error: 'intptr_t' does not name a type
  180 |   intptr_t __cdecl spawnlpe(int,const char *_Filename,const char *_ArgList,...) __MINGW_ATTRIB_DEPRECATED_MSVC2005;
      |   ^~~~~~~~
C:/cygwin64/usr/x86_64-w64-mingw32/sys-root/mingw/include/process.h:180:3: note: 'intptr_t' is defined in header '<cstdint>'; did you forget to '#include <cstdint>'?
C:/cygwin64/usr/x86_64-w64-mingw32/sys-root/mingw/include/process.h:196:11: error: 'intptr_t' does not name a type
  196 |   _CRTIMP intptr_t __cdecl spawnv(int,const char *_Filename,char *const _ArgList[]) __MINGW_ATTRIB_DEPRECATED_MSVC2005;
      |           ^~~~~~~~
C:/cygwin64/usr/x86_64-w64-mingw32/sys-root/mingw/include/process.h:196:11: note: 'intptr_t' is defined in header '<cstdint>'; did you forget to '#include <cstdint>'?
C:/cygwin64/usr/x86_64-w64-mingw32/sys-root/mingw/include/process.h:197:11: error: 'intptr_t' does not name a type
  197 |   _CRTIMP intptr_t __cdecl spawnve(int,const char *_Filename,char *const _ArgList[],char *const _Env[]) __MINGW_ATTRIB_DEPRECATED_MSVC2005;
      |           ^~~~~~~~
C:/cygwin64/usr/x86_64-w64-mingw32/sys-root/mingw/include/process.h:197:11: note: 'intptr_t' is defined in header '<cstdint>'; did you forget to '#include <cstdint>'?
C:/cygwin64/usr/x86_64-w64-mingw32/sys-root/mingw/include/process.h:198:11: error: 'intptr_t' does not name a type
  198 |   _CRTIMP intptr_t __cdecl spawnvp(int,const char *_Filename,char *const _ArgList[]) __MINGW_ATTRIB_DEPRECATED_MSVC2005;
      |           ^~~~~~~~
C:/cygwin64/usr/x86_64-w64-mingw32/sys-root/mingw/include/process.h:198:11: note: 'intptr_t' is defined in header '<cstdint>'; did you forget to '#include <cstdint>'?
C:/cygwin64/usr/x86_64-w64-mingw32/sys-root/mingw/include/process.h:199:11: error: 'intptr_t' does not name a type
  199 |   _CRTIMP intptr_t __cdecl spawnvpe(int,const char *_Filename,char *const _ArgList[],char *const _Env[]) __MINGW_ATTRIB_DEPRECATED_MSVC2005;
      |           ^~~~~~~~
C:/cygwin64/usr/x86_64-w64-mingw32/sys-root/mingw/include/process.h:199:11: note: 'intptr_t' is defined in header '<cstdint>'; did you forget to '#include <cstdint>'?
In file included from C:/cygwin64/usr/x86_64-w64-mingw32/sys-root/mingw/include/time.h:25,
                 from C:/cygwin64/usr/x86_64-w64-mingw32/sys-root/mingw/include/pthread.h:69,
                 from /usr/lib/gcc/x86_64-pc-cygwin/11/include/c++/x86_64-pc-cygwin/bits/gthr-default.h:35,
                 from /usr/lib/gcc/x86_64-pc-cygwin/11/include/c++/x86_64-pc-cygwin/bits/gthr.h:148,
                 from /usr/lib/gcc/x86_64-pc-cygwin/11/include/c++/ext/atomicity.h:35,
                 from /usr/lib/gcc/x86_64-pc-cygwin/11/include/c++/bits/ios_base.h:39,
                 from /usr/lib/gcc/x86_64-pc-cygwin/11/include/c++/ios:42,
                 from /usr/lib/gcc/x86_64-pc-cygwin/11/include/c++/ostream:38,
                 from /usr/lib/gcc/x86_64-pc-cygwin/11/include/c++/iostream:39,
                 from C:/Users/chang/OneDrive/Documents/GitHub/KataGo/cpp/core/../core/global.h:14,
                 from C:/Users/chang/OneDrive/Documents/GitHub/KataGo/cpp/core/global.cpp:1:
C:/cygwin64/usr/x86_64-w64-mingw32/sys-root/mingw/include/sys/timeb.h:62:5: error: 'time_t' does not name a type; did you mean 'timeb'?
   62 |     time_t time;
      |     ^~~~~~
      |     timeb
In file included from C:/cygwin64/usr/x86_64-w64-mingw32/sys-root/mingw/include/pthread.h:69,
                 from /usr/lib/gcc/x86_64-pc-cygwin/11/include/c++/x86_64-pc-cygwin/bits/gthr-default.h:35,
                 from /usr/lib/gcc/x86_64-pc-cygwin/11/include/c++/x86_64-pc-cygwin/bits/gthr.h:148,
                 from /usr/lib/gcc/x86_64-pc-cygwin/11/include/c++/ext/atomicity.h:35,
                 from /usr/lib/gcc/x86_64-pc-cygwin/11/include/c++/bits/ios_base.h:39,
                 from /usr/lib/gcc/x86_64-pc-cygwin/11/include/c++/ios:42,
                 from /usr/lib/gcc/x86_64-pc-cygwin/11/include/c++/ostream:38,
                 from /usr/lib/gcc/x86_64-pc-cygwin/11/include/c++/iostream:39,
                 from C:/Users/chang/OneDrive/Documents/GitHub/KataGo/cpp/core/../core/global.h:14,
                 from C:/Users/chang/OneDrive/Documents/GitHub/KataGo/cpp/core/global.cpp:1:
C:/cygwin64/usr/x86_64-w64-mingw32/sys-root/mingw/include/time.h:252:1: error: 'time_t' does not name a type; did you mean 'timeb'?
  252 | time_t __CRTDECL time(time_t *_Time) __MINGW_ASM_CALL(_time64);
      | ^~~~~~
      | timeb
C:/cygwin64/usr/x86_64-w64-mingw32/sys-root/mingw/include/time.h:256:27: error: 'time_t' was not declared in this scope; did you mean 'timeb'?
  256 | double __CRTDECL difftime(time_t _Time1,time_t _Time2) __MINGW_ASM_CALL(_difftime64);
      |                           ^~~~~~
      |                           timeb
C:/cygwin64/usr/x86_64-w64-mingw32/sys-root/mingw/include/time.h:256:41: error: 'time_t' was not declared in this scope; did you mean 'timeb'?
  256 | double __CRTDECL difftime(time_t _Time1,time_t _Time2) __MINGW_ASM_CALL(_difftime64);
      |                                         ^~~~~~
      |                                         timeb
C:/cygwin64/usr/x86_64-w64-mingw32/sys-root/mingw/include/time.h:256:54: error: expression list treated as compound expression in initializer [-fpermissive]
  256 | double __CRTDECL difftime(time_t _Time1,time_t _Time2) __MINGW_ASM_CALL(_difftime64);
      |                                                      ^
C:/cygwin64/usr/x86_64-w64-mingw32/sys-root/mingw/include/time.h:257:38: error: 'time_t' does not name a type; did you mean 'timeb'?
  257 | struct tm *__CRTDECL localtime(const time_t *_Time) __MINGW_ASM_CALL(_localtime64);
      |                                      ^~~~~~
      |                                      timeb
C:/cygwin64/usr/x86_64-w64-mingw32/sys-root/mingw/include/time.h:258:52: error: 'time_t' does not name a type; did you mean 'timeb'?
  258 | errno_t __CRTDECL localtime_s(struct tm *_Tm,const time_t *_Time) __MINGW_ASM_CALL(_localtime64_s);
      |                                                    ^~~~~~
      |                                                    timeb
C:/cygwin64/usr/x86_64-w64-mingw32/sys-root/mingw/include/time.h:259:35: error: 'time_t' does not name a type; did you mean 'timeb'?
  259 | struct tm *__CRTDECL gmtime(const time_t *_Time) __MINGW_ASM_CALL(_gmtime64);
      |                                   ^~~~~~
      |                                   timeb
C:/cygwin64/usr/x86_64-w64-mingw32/sys-root/mingw/include/time.h:260:50: error: 'time_t' does not name a type; did you mean 'timeb'?
  260 | errno_t __CRTDECL gmtime_s(struct tm *_Tm, const time_t *_Time) __MINGW_ASM_CALL(_gmtime64_s);
      |                                                  ^~~~~~
      |                                                  timeb
C:/cygwin64/usr/x86_64-w64-mingw32/sys-root/mingw/include/time.h:261:29: error: 'time_t' does not name a type; did you mean 'timeb'?
  261 | char *__CRTDECL ctime(const time_t *_Time) __MINGW_ASM_CALL(_ctime64);
      |                             ^~~~~~
      |                             timeb
C:/cygwin64/usr/x86_64-w64-mingw32/sys-root/mingw/include/time.h:262:64: error: 'time_t' does not name a type; did you mean 'timeb'?
  262 | errno_t __CRTDECL ctime_s(char *_Buf,size_t _SizeInBytes,const time_t *_Time) __MINGW_ASM_CALL(_ctime64_s);
      |                                                                ^~~~~~
      |                                                                timeb
C:/cygwin64/usr/x86_64-w64-mingw32/sys-root/mingw/include/time.h:263:1: error: 'time_t' does not name a type; did you mean 'timeb'?
  263 | time_t __CRTDECL mktime(struct tm *_Tm) __MINGW_ASM_CALL(_mktime64);
      | ^~~~~~
      | timeb
C:/cygwin64/usr/x86_64-w64-mingw32/sys-root/mingw/include/time.h:264:1: error: 'time_t' does not name a type; did you mean 'timeb'?
  264 | time_t __CRTDECL _mkgmtime(struct tm *_Tm) __MINGW_ASM_CALL(_mkgmtime64);
      | ^~~~~~
      | timeb
In file included from C:/cygwin64/usr/x86_64-w64-mingw32/sys-root/mingw/include/pthread.h:69,
                 from /usr/lib/gcc/x86_64-pc-cygwin/11/include/c++/x86_64-pc-cygwin/bits/gthr-default.h:35,
                 from /usr/lib/gcc/x86_64-pc-cygwin/11/include/c++/x86_64-pc-cygwin/bits/gthr.h:148,
                 from /usr/lib/gcc/x86_64-pc-cygwin/11/include/c++/ext/atomicity.h:35,
                 from /usr/lib/gcc/x86_64-pc-cygwin/11/include/c++/bits/ios_base.h:39,
                 from /usr/lib/gcc/x86_64-pc-cygwin/11/include/c++/ios:42,
                 from /usr/lib/gcc/x86_64-pc-cygwin/11/include/c++/ostream:38,
                 from /usr/lib/gcc/x86_64-pc-cygwin/11/include/c++/iostream:39,
                 from C:/Users/chang/OneDrive/Documents/GitHub/KataGo/cpp/core/../core/global.h:14,
                 from C:/Users/chang/OneDrive/Documents/GitHub/KataGo/cpp/core/global.cpp:1:
C:/cygwin64/usr/x86_64-w64-mingw32/sys-root/mingw/include/time.h:306:54: error: 'time_t' does not name a type; did you mean 'timeb'?
  306 | __forceinline struct tm *__CRTDECL localtime_r(const time_t *_Time, struct tm *_Tm) {
      |                                                      ^~~~~~
      |                                                      timeb
C:/cygwin64/usr/x86_64-w64-mingw32/sys-root/mingw/include/time.h:309:51: error: 'time_t' does not name a type; did you mean 'timeb'?
  309 | __forceinline struct tm *__CRTDECL gmtime_r(const time_t *_Time, struct tm *_Tm) {
      |                                                   ^~~~~~
      |                                                   timeb
C:/cygwin64/usr/x86_64-w64-mingw32/sys-root/mingw/include/time.h:312:45: error: 'time_t' does not name a type; did you mean 'timeb'?
  312 | __forceinline char *__CRTDECL ctime_r(const time_t *_Time, char *_Str) {
      |                                             ^~~~~~
      |                                             timeb
In file included from /usr/lib/gcc/x86_64-pc-cygwin/11/include/c++/x86_64-pc-cygwin/bits/gthr-default.h:35,
                 from /usr/lib/gcc/x86_64-pc-cygwin/11/include/c++/x86_64-pc-cygwin/bits/gthr.h:148,
                 from /usr/lib/gcc/x86_64-pc-cygwin/11/include/c++/ext/atomicity.h:35,
                 from /usr/lib/gcc/x86_64-pc-cygwin/11/include/c++/bits/ios_base.h:39,
                 from /usr/lib/gcc/x86_64-pc-cygwin/11/include/c++/ios:42,
                 from /usr/lib/gcc/x86_64-pc-cygwin/11/include/c++/ostream:38,
                 from /usr/lib/gcc/x86_64-pc-cygwin/11/include/c++/iostream:39,
                 from C:/Users/chang/OneDrive/Documents/GitHub/KataGo/cpp/core/../core/global.h:14,
                 from C:/Users/chang/OneDrive/Documents/GitHub/KataGo/cpp/core/global.cpp:1:
C:/cygwin64/usr/x86_64-w64-mingw32/sys-root/mingw/include/pthread.h:201:9: error: 'uintptr_t' does not name a type
  201 | typedef uintptr_t pthread_t;
      |         ^~~~~~~~~
C:/cygwin64/usr/x86_64-w64-mingw32/sys-root/mingw/include/pthread.h:74:1: note: 'uintptr_t' is defined in header '<cstdint>'; did you forget to '#include <cstdint>'?
   73 | #include "pthread_compat.h"
  +++ |+#include <cstdint>
   74 |
C:/cygwin64/usr/x86_64-w64-mingw32/sys-root/mingw/include/pthread.h:268:42: error: 'pthread_t' was not declared in this scope; did you mean '_threadid'?
  268 | WINPTHREAD_API int pthread_getschedparam(pthread_t thread, int *pol, struct sched_param *param);
      |                                          ^~~~~~~~~
      |                                          _threadid
C:/cygwin64/usr/x86_64-w64-mingw32/sys-root/mingw/include/pthread.h:268:60: error: expected primary-expression before 'int'
  268 | WINPTHREAD_API int pthread_getschedparam(pthread_t thread, int *pol, struct sched_param *param);
      |                                                            ^~~
C:/cygwin64/usr/x86_64-w64-mingw32/sys-root/mingw/include/pthread.h:268:70: error: expected primary-expression before 'struct'
  268 | WINPTHREAD_API int pthread_getschedparam(pthread_t thread, int *pol, struct sched_param *param);
      |                                                                      ^~~~~~
C:/cygwin64/usr/x86_64-w64-mingw32/sys-root/mingw/include/pthread.h:268:95: error: expression list treated as compound expression in initializer [-fpermissive]
  268 | WINPTHREAD_API int pthread_getschedparam(pthread_t thread, int *pol, struct sched_param *param);
      |                                                                                               ^
C:/cygwin64/usr/x86_64-w64-mingw32/sys-root/mingw/include/pthread.h:269:42: error: 'pthread_t' was not declared in this scope; did you mean '_threadid'?
  269 | WINPTHREAD_API int pthread_setschedparam(pthread_t thread, int pol, const struct sched_param *param);
      |                                          ^~~~~~~~~
      |                                          _threadid
C:/cygwin64/usr/x86_64-w64-mingw32/sys-root/mingw/include/pthread.h:269:60: error: expected primary-expression before 'int'
  269 | WINPTHREAD_API int pthread_setschedparam(pthread_t thread, int pol, const struct sched_param *param);
      |                                                            ^~~
C:/cygwin64/usr/x86_64-w64-mingw32/sys-root/mingw/include/pthread.h:269:69: error: expected primary-expression before 'const'
  269 | WINPTHREAD_API int pthread_setschedparam(pthread_t thread, int pol, const struct sched_param *param);
      |                                                                     ^~~~~
C:/cygwin64/usr/x86_64-w64-mingw32/sys-root/mingw/include/pthread.h:269:100: error: expression list treated as compound expression in initializer [-fpermissive]
  269 | WINPTHREAD_API int pthread_setschedparam(pthread_t thread, int pol, const struct sched_param *param);
      |                                                                                                    ^
C:/cygwin64/usr/x86_64-w64-mingw32/sys-root/mingw/include/pthread.h:274:9: error: 'intptr_t' does not name a type
  274 | typedef intptr_t pthread_spinlock_t;
      |         ^~~~~~~~
C:/cygwin64/usr/x86_64-w64-mingw32/sys-root/mingw/include/pthread.h:274:9: note: 'intptr_t' is defined in header '<cstdint>'; did you forget to '#include <cstdint>'?
C:/cygwin64/usr/x86_64-w64-mingw32/sys-root/mingw/include/pthread.h:275:9: error: 'intptr_t' does not name a type
  275 | typedef intptr_t pthread_mutex_t;
      |         ^~~~~~~~
C:/cygwin64/usr/x86_64-w64-mingw32/sys-root/mingw/include/pthread.h:275:9: note: 'intptr_t' is defined in header '<cstdint>'; did you forget to '#include <cstdint>'?
C:/cygwin64/usr/x86_64-w64-mingw32/sys-root/mingw/include/pthread.h:276:9: error: 'intptr_t' does not name a type
  276 | typedef intptr_t pthread_cond_t;
      |         ^~~~~~~~
C:/cygwin64/usr/x86_64-w64-mingw32/sys-root/mingw/include/pthread.h:276:9: note: 'intptr_t' is defined in header '<cstdint>'; did you forget to '#include <cstdint>'?
C:/cygwin64/usr/x86_64-w64-mingw32/sys-root/mingw/include/pthread.h:277:9: error: 'intptr_t' does not name a type
  277 | typedef intptr_t pthread_rwlock_t;
      |         ^~~~~~~~
C:/cygwin64/usr/x86_64-w64-mingw32/sys-root/mingw/include/pthread.h:277:9: note: 'intptr_t' is defined in header '<cstdint>'; did you forget to '#include <cstdint>'?
C:/cygwin64/usr/x86_64-w64-mingw32/sys-root/mingw/include/pthread.h:303:16: error: 'pthread_t' does not name a type; did you mean '_threadid'?
  303 | WINPTHREAD_API pthread_t pthread_self(void);
      |                ^~~~~~~~~
      |                _threadid
C:/cygwin64/usr/x86_64-w64-mingw32/sys-root/mingw/include/pthread.h:306:40: error: 'pthread_t' was not declared in this scope; did you mean '_threadid'?
  306 | WINPTHREAD_API int       pthread_equal(pthread_t t1, pthread_t t2);
      |                                        ^~~~~~~~~
      |                                        _threadid
C:/cygwin64/usr/x86_64-w64-mingw32/sys-root/mingw/include/pthread.h:306:54: error: 'pthread_t' was not declared in this scope; did you mean '_threadid'?
  306 | WINPTHREAD_API int       pthread_equal(pthread_t t1, pthread_t t2);
      |                                                      ^~~~~~~~~
      |                                                      _threadid
C:/cygwin64/usr/x86_64-w64-mingw32/sys-root/mingw/include/pthread.h:306:66: error: expression list treated as compound expression in initializer [-fpermissive]
  306 | WINPTHREAD_API int       pthread_equal(pthread_t t1, pthread_t t2);
      |                                                                  ^
C:/cygwin64/usr/x86_64-w64-mingw32/sys-root/mingw/include/pthread.h:308:26: error: variable or field '_pthread_cleanup_dest' declared void
  308 | WINPTHREAD_API void      _pthread_cleanup_dest(pthread_t t);
      |                          ^~~~~~~~~~~~~~~~~~~~~
C:/cygwin64/usr/x86_64-w64-mingw32/sys-root/mingw/include/pthread.h:308:48: error: 'pthread_t' was not declared in this scope; did you mean '_threadid'?
  308 | WINPTHREAD_API void      _pthread_cleanup_dest(pthread_t t);
      |                                                ^~~~~~~~~
      |                                                _threadid
C:/cygwin64/usr/x86_64-w64-mingw32/sys-root/mingw/include/pthread.h:313:41: error: 'pthread_t' was not declared in this scope; did you mean 'pthread_exit'?
  313 | WINPTHREAD_API int       pthread_cancel(pthread_t t);
      |                                         ^~~~~~~~~
      |                                         pthread_exit
C:/cygwin64/usr/x86_64-w64-mingw32/sys-root/mingw/include/pthread.h:314:39: error: 'pthread_t' was not declared in this scope; did you mean 'pthread_exit'?
  314 | WINPTHREAD_API int       pthread_kill(pthread_t t, int sig);
      |                                       ^~~~~~~~~
      |                                       pthread_exit
C:/cygwin64/usr/x86_64-w64-mingw32/sys-root/mingw/include/pthread.h:314:52: error: expected primary-expression before 'int'
  314 | WINPTHREAD_API int       pthread_kill(pthread_t t, int sig);
      |                                                    ^~~
C:/cygwin64/usr/x86_64-w64-mingw32/sys-root/mingw/include/pthread.h:314:59: error: expression list treated as compound expression in initializer [-fpermissive]
  314 | WINPTHREAD_API int       pthread_kill(pthread_t t, int sig);
      |                                                           ^
C:/cygwin64/usr/x86_64-w64-mingw32/sys-root/mingw/include/pthread.h:320:41: error: 'pthread_t' was not declared in this scope; did you mean 'pthread_exit'?
  320 | WINPTHREAD_API int       pthread_create(pthread_t *th, const pthread_attr_t *attr, void *(* func)(void *), void *arg);
      |                                         ^~~~~~~~~
      |                                         pthread_exit
C:/cygwin64/usr/x86_64-w64-mingw32/sys-root/mingw/include/pthread.h:320:52: error: 'th' was not declared in this scope; did you mean 'tm'?
  320 | WINPTHREAD_API int       pthread_create(pthread_t *th, const pthread_attr_t *attr, void *(* func)(void *), void *arg);
      |                                                    ^~
      |                                                    tm
C:/cygwin64/usr/x86_64-w64-mingw32/sys-root/mingw/include/pthread.h:320:56: error: expected primary-expression before 'const'
  320 | WINPTHREAD_API int       pthread_create(pthread_t *th, const pthread_attr_t *attr, void *(* func)(void *), void *arg);
      |                                                        ^~~~~
C:/cygwin64/usr/x86_64-w64-mingw32/sys-root/mingw/include/pthread.h:320:84: error: expected primary-expression before 'void'
  320 | WINPTHREAD_API int       pthread_create(pthread_t *th, const pthread_attr_t *attr, void *(* func)(void *), void *arg);
      |                                                                                    ^~~~
C:/cygwin64/usr/x86_64-w64-mingw32/sys-root/mingw/include/pthread.h:320:108: error: expected primary-expression before void'
  320 | WINPTHREAD_API int       pthread_create(pthread_t *th, const pthread_attr_t *attr, void *(* func)(void *), void *arg);
      |                                                                                                            ^~~~
C:/cygwin64/usr/x86_64-w64-mingw32/sys-root/mingw/include/pthread.h:320:117: error: expression list treated as compound expression in initializer [-fpermissive]
  320 | WINPTHREAD_API int       pthread_create(pthread_t *th, const pthread_attr_t *attr, void *(* func)(void *), void *arg);
      |
    ^
C:/cygwin64/usr/x86_64-w64-mingw32/sys-root/mingw/include/pthread.h:321:39: error: 'pthread_t' was not declared in this scope; did you mean 'pthread_exit'?
  321 | WINPTHREAD_API int       pthread_join(pthread_t t, void **res);
      |                                       ^~~~~~~~~
      |                                       pthread_exit
C:/cygwin64/usr/x86_64-w64-mingw32/sys-root/mingw/include/pthread.h:321:52: error: expected primary-expression before 'void'
  321 | WINPTHREAD_API int       pthread_join(pthread_t t, void **res);
      |                                                    ^~~~
C:/cygwin64/usr/x86_64-w64-mingw32/sys-root/mingw/include/pthread.h:321:62: error: expression list treated as compound expression in initializer [-fpermissive]
  321 | WINPTHREAD_API int       pthread_join(pthread_t t, void **res);
      |                                                              ^
C:/cygwin64/usr/x86_64-w64-mingw32/sys-root/mingw/include/pthread.h:322:41: error: 'pthread_t' was not declared in this scope; did you mean 'pthread_exit'?
  322 | WINPTHREAD_API int       pthread_detach(pthread_t t);
      |                                         ^~~~~~~~~
      |                                         pthread_exit
C:/cygwin64/usr/x86_64-w64-mingw32/sys-root/mingw/include/pthread.h:323:45: error: 'pthread_t' was not declared in this scope; did you mean 'pthread_exit'?
  323 | WINPTHREAD_API int       pthread_setname_np(pthread_t thread, const char *name);
      |                                             ^~~~~~~~~
      |                                             pthread_exit
C:/cygwin64/usr/x86_64-w64-mingw32/sys-root/mingw/include/pthread.h:323:63: error: expected primary-expression before 'const'
  323 | WINPTHREAD_API int       pthread_setname_np(pthread_t thread, const char *name);
      |                                                               ^~~~~
C:/cygwin64/usr/x86_64-w64-mingw32/sys-root/mingw/include/pthread.h:323:79: error: expression list treated as compound expression in initializer [-fpermissive]
  323 | WINPTHREAD_API int       pthread_setname_np(pthread_t thread, const char *name);
      |                                                                               ^
C:/cygwin64/usr/x86_64-w64-mingw32/sys-root/mingw/include/pthread.h:324:45: error: 'pthread_t' was not declared in this scope; did you mean 'pthread_exit'?
  324 | WINPTHREAD_API int       pthread_getname_np(pthread_t thread, char *name, size_t len);
      |                                             ^~~~~~~~~
      |                                             pthread_exit
C:/cygwin64/usr/x86_64-w64-mingw32/sys-root/mingw/include/pthread.h:324:63: error: expected primary-expression before 'char'
  324 | WINPTHREAD_API int       pthread_getname_np(pthread_t thread, char *name, size_t len);
      |                                                               ^~~~
C:/cygwin64/usr/x86_64-w64-mingw32/sys-root/mingw/include/pthread.h:324:82: error: expected primary-expression before 'len'
  324 | WINPTHREAD_API int       pthread_getname_np(pthread_t thread, char *name, size_t len);
      |                                                                                  ^~~
C:/cygwin64/usr/x86_64-w64-mingw32/sys-root/mingw/include/pthread.h:324:85: error: expression list treated as compound expression in initializer [-fpermissive]
  324 | WINPTHREAD_API int       pthread_getname_np(pthread_t thread, char *name, size_t len);
      |                                                                                     ^
C:/cygwin64/usr/x86_64-w64-mingw32/sys-root/mingw/include/pthread.h:327:40: error: 'pthread_rwlock_t' was not declared in this scope; did you mean 'pthread_rwlock_init'?
  327 | WINPTHREAD_API int pthread_rwlock_init(pthread_rwlock_t *rwlock_, const pthread_rwlockattr_t *attr);
      |                                        ^~~~~~~~~~~~~~~~
      |                                        pthread_rwlock_init
C:/cygwin64/usr/x86_64-w64-mingw32/sys-root/mingw/include/pthread.h:327:58: error: 'rwlock_' was not declared in this scope
  327 | WINPTHREAD_API int pthread_rwlock_init(pthread_rwlock_t *rwlock_, const pthread_rwlockattr_t *attr);
      |                                                          ^~~~~~~
C:/cygwin64/usr/x86_64-w64-mingw32/sys-root/mingw/include/pthread.h:327:67: error: expected primary-expression before 'const'
  327 | WINPTHREAD_API int pthread_rwlock_init(pthread_rwlock_t *rwlock_, const pthread_rwlockattr_t *attr);
      |                                                                   ^~~~~
C:/cygwin64/usr/x86_64-w64-mingw32/sys-root/mingw/include/pthread.h:327:99: error: expression list treated as compound expression in initializer [-fpermissive]
  327 | WINPTHREAD_API int pthread_rwlock_init(pthread_rwlock_t *rwlock_, const pthread_rwlockattr_t *attr);
      |                                                                                                   ^
C:/cygwin64/usr/x86_64-w64-mingw32/sys-root/mingw/include/pthread.h:328:42: error: 'pthread_rwlock_t' was not declared in this scope; did you mean 'pthread_rwlock_init'?
  328 | WINPTHREAD_API int pthread_rwlock_wrlock(pthread_rwlock_t *l);
      |                                          ^~~~~~~~~~~~~~~~
      |                                          pthread_rwlock_init
C:/cygwin64/usr/x86_64-w64-mingw32/sys-root/mingw/include/pthread.h:328:60: error: 'l' was not declared in this scope
  328 | WINPTHREAD_API int pthread_rwlock_wrlock(pthread_rwlock_t *l);
      |                                                            ^
C:/cygwin64/usr/x86_64-w64-mingw32/sys-root/mingw/include/pthread.h:329:47: error: 'pthread_rwlock_t' was not declared in this scope; did you mean 'pthread_rwlock_init'?
  329 | WINPTHREAD_API int pthread_rwlock_timedwrlock(pthread_rwlock_t *rwlock, const struct timespec *ts);
      |                                               ^~~~~~~~~~~~~~~~
      |                                               pthread_rwlock_init
C:/cygwin64/usr/x86_64-w64-mingw32/sys-root/mingw/include/pthread.h:329:65: error: 'rwlock' was not declared in this scope; did you mean 'clock'?
  329 | WINPTHREAD_API int pthread_rwlock_timedwrlock(pthread_rwlock_t *rwlock, const struct timespec *ts);
      |                                                                 ^~~~~~
      |                                                                 clock
C:/cygwin64/usr/x86_64-w64-mingw32/sys-root/mingw/include/pthread.h:329:73: error: expected primary-expression before 'const'
  329 | WINPTHREAD_API int pthread_rwlock_timedwrlock(pthread_rwlock_t *rwlock, const struct timespec *ts);
      |                                                                         ^~~~~
C:/cygwin64/usr/x86_64-w64-mingw32/sys-root/mingw/include/pthread.h:329:98: error: expression list treated as compound expression in initializer [-fpermissive]
  329 | WINPTHREAD_API int pthread_rwlock_timedwrlock(pthread_rwlock_t *rwlock, const struct timespec *ts);
      |                                                                                                  ^
C:/cygwin64/usr/x86_64-w64-mingw32/sys-root/mingw/include/pthread.h:330:42: error: 'pthread_rwlock_t' was not declared in this scope; did you mean 'pthread_rwlock_init'?
  330 | WINPTHREAD_API int pthread_rwlock_rdlock(pthread_rwlock_t *l);
      |                                          ^~~~~~~~~~~~~~~~
      |                                          pthread_rwlock_init
C:/cygwin64/usr/x86_64-w64-mingw32/sys-root/mingw/include/pthread.h:330:60: error: 'l' was not declared in this scope
  330 | WINPTHREAD_API int pthread_rwlock_rdlock(pthread_rwlock_t *l);
      |                                                            ^
C:/cygwin64/usr/x86_64-w64-mingw32/sys-root/mingw/include/pthread.h:331:47: error: 'pthread_rwlock_t' was not declared in this scope; did you mean 'pthread_rwlock_init'?
  331 | WINPTHREAD_API int pthread_rwlock_timedrdlock(pthread_rwlock_t *l, const struct timespec *ts);
      |                                               ^~~~~~~~~~~~~~~~
      |                                               pthread_rwlock_init
C:/cygwin64/usr/x86_64-w64-mingw32/sys-root/mingw/include/pthread.h:331:65: error: 'l' was not declared in this scope
  331 | WINPTHREAD_API int pthread_rwlock_timedrdlock(pthread_rwlock_t *l, const struct timespec *ts);
      |                                                                 ^
C:/cygwin64/usr/x86_64-w64-mingw32/sys-root/mingw/include/pthread.h:331:68: error: expected primary-expression before 'const'
  331 | WINPTHREAD_API int pthread_rwlock_timedrdlock(pthread_rwlock_t *l, const struct timespec *ts);
      |                                                                    ^~~~~
C:/cygwin64/usr/x86_64-w64-mingw32/sys-root/mingw/include/pthread.h:331:93: error: expression list treated as compound expression in initializer [-fpermissive]
  331 | WINPTHREAD_API int pthread_rwlock_timedrdlock(pthread_rwlock_t *l, const struct timespec *ts);
      |                                                                                             ^
C:/cygwin64/usr/x86_64-w64-mingw32/sys-root/mingw/include/pthread.h:332:42: error: 'pthread_rwlock_t' was not declared in this scope; did you mean 'pthread_rwlock_init'?
  332 | WINPTHREAD_API int pthread_rwlock_unlock(pthread_rwlock_t *l);
      |                                          ^~~~~~~~~~~~~~~~
      |                                          pthread_rwlock_init
C:/cygwin64/usr/x86_64-w64-mingw32/sys-root/mingw/include/pthread.h:332:60: error: 'l' was not declared in this scope
  332 | WINPTHREAD_API int pthread_rwlock_unlock(pthread_rwlock_t *l);
      |                                                            ^
C:/cygwin64/usr/x86_64-w64-mingw32/sys-root/mingw/include/pthread.h:333:45: error: 'pthread_rwlock_t' was not declared in this scope; did you mean 'pthread_rwlock_init'?
  333 | WINPTHREAD_API int pthread_rwlock_tryrdlock(pthread_rwlock_t *l);
      |                                             ^~~~~~~~~~~~~~~~
      |                                             pthread_rwlock_init
C:/cygwin64/usr/x86_64-w64-mingw32/sys-root/mingw/include/pthread.h:333:63: error: 'l' was not declared in this scope
  333 | WINPTHREAD_API int pthread_rwlock_tryrdlock(pthread_rwlock_t *l);
      |                                                               ^
C:/cygwin64/usr/x86_64-w64-mingw32/sys-root/mingw/include/pthread.h:334:45: error: 'pthread_rwlock_t' was not declared in this scope; did you mean 'pthread_rwlock_init'?
  334 | WINPTHREAD_API int pthread_rwlock_trywrlock(pthread_rwlock_t *l);
      |                                             ^~~~~~~~~~~~~~~~
      |                                             pthread_rwlock_init
C:/cygwin64/usr/x86_64-w64-mingw32/sys-root/mingw/include/pthread.h:334:63: error: 'l' was not declared in this scope
  334 | WINPTHREAD_API int pthread_rwlock_trywrlock(pthread_rwlock_t *l);
      |                                                               ^
C:/cygwin64/usr/x86_64-w64-mingw32/sys-root/mingw/include/pthread.h:335:44: error: 'pthread_rwlock_t' was not declared in this scope; did you mean 'pthread_rwlock_init'?
  335 | WINPTHREAD_API int pthread_rwlock_destroy (pthread_rwlock_t *l);
      |                                            ^~~~~~~~~~~~~~~~
      |                                            pthread_rwlock_init
C:/cygwin64/usr/x86_64-w64-mingw32/sys-root/mingw/include/pthread.h:335:62: error: 'l' was not declared in this scope
  335 | WINPTHREAD_API int pthread_rwlock_destroy (pthread_rwlock_t *l);
      |                                                              ^
C:/cygwin64/usr/x86_64-w64-mingw32/sys-root/mingw/include/pthread.h:337:38: error: 'pthread_cond_t' was not declared in this scope; did you mean 'pthread_once_t'?
  337 | WINPTHREAD_API int pthread_cond_init(pthread_cond_t *cv, const pthread_condattr_t *a);
      |                                      ^~~~~~~~~~~~~~
      |                                      pthread_once_t
C:/cygwin64/usr/x86_64-w64-mingw32/sys-root/mingw/include/pthread.h:337:54: error: 'cv' was not declared in this scope
  337 | WINPTHREAD_API int pthread_cond_init(pthread_cond_t *cv, const pthread_condattr_t *a);
      |                                                      ^~
C:/cygwin64/usr/x86_64-w64-mingw32/sys-root/mingw/include/pthread.h:337:58: error: expected primary-expression before 'const'
  337 | WINPTHREAD_API int pthread_cond_init(pthread_cond_t *cv, const pthread_condattr_t *a);
      |                                                          ^~~~~
C:/cygwin64/usr/x86_64-w64-mingw32/sys-root/mingw/include/pthread.h:337:85: error: expression list treated as compound expression in initializer [-fpermissive]
  337 | WINPTHREAD_API int pthread_cond_init(pthread_cond_t *cv, const pthread_condattr_t *a);
      |                                                                                     ^
C:/cygwin64/usr/x86_64-w64-mingw32/sys-root/mingw/include/pthread.h:338:41: error: 'pthread_cond_t' was not declared in this scope; did you mean 'pthread_once_t'?
  338 | WINPTHREAD_API int pthread_cond_destroy(pthread_cond_t *cv);
      |                                         ^~~~~~~~~~~~~~
      |                                         pthread_once_t
C:/cygwin64/usr/x86_64-w64-mingw32/sys-root/mingw/include/pthread.h:338:57: error: 'cv' was not declared in this scope
  338 | WINPTHREAD_API int pthread_cond_destroy(pthread_cond_t *cv);
      |                                                         ^~
C:/cygwin64/usr/x86_64-w64-mingw32/sys-root/mingw/include/pthread.h:339:41: error: 'pthread_cond_t' was not declared in this scope; did you mean 'pthread_once_t'?
  339 | WINPTHREAD_API int pthread_cond_signal (pthread_cond_t *cv);
      |                                         ^~~~~~~~~~~~~~
      |                                         pthread_once_t
C:/cygwin64/usr/x86_64-w64-mingw32/sys-root/mingw/include/pthread.h:339:57: error: 'cv' was not declared in this scope
  339 | WINPTHREAD_API int pthread_cond_signal (pthread_cond_t *cv);
      |                                                         ^~
C:/cygwin64/usr/x86_64-w64-mingw32/sys-root/mingw/include/pthread.h:340:44: error: 'pthread_cond_t' was not declared in this scope; did you mean 'pthread_once_t'?
  340 | WINPTHREAD_API int pthread_cond_broadcast (pthread_cond_t *cv);
      |                                            ^~~~~~~~~~~~~~
      |                                            pthread_once_t
C:/cygwin64/usr/x86_64-w64-mingw32/sys-root/mingw/include/pthread.h:340:60: error: 'cv' was not declared in this scope
  340 | WINPTHREAD_API int pthread_cond_broadcast (pthread_cond_t *cv);
      |                                                            ^~
C:/cygwin64/usr/x86_64-w64-mingw32/sys-root/mingw/include/pthread.h:341:39: error: 'pthread_cond_t' was not declared in this scope; did you mean 'pthread_once_t'?
  341 | WINPTHREAD_API int pthread_cond_wait (pthread_cond_t *cv, pthread_mutex_t *external_mutex);
      |                                       ^~~~~~~~~~~~~~
      |                                       pthread_once_t
C:/cygwin64/usr/x86_64-w64-mingw32/sys-root/mingw/include/pthread.h:341:55: error: 'cv' was not declared in this scope
  341 | WINPTHREAD_API int pthread_cond_wait (pthread_cond_t *cv, pthread_mutex_t *external_mutex);
      |                                                       ^~
C:/cygwin64/usr/x86_64-w64-mingw32/sys-root/mingw/include/pthread.h:341:59: error: 'pthread_mutex_t' was not declared in this scope; did you mean 'pthread_once_t'?
  341 | WINPTHREAD_API int pthread_cond_wait (pthread_cond_t *cv, pthread_mutex_t *external_mutex);
      |                                                           ^~~~~~~~~~~~~~~
      |                                                           pthread_once_t
C:/cygwin64/usr/x86_64-w64-mingw32/sys-root/mingw/include/pthread.h:341:76: error: 'external_mutex' was not declared in this scope
  341 | WINPTHREAD_API int pthread_cond_wait (pthread_cond_t *cv, pthread_mutex_t *external_mutex);
      |                                                                            ^~~~~~~~~~~~~~
C:/cygwin64/usr/x86_64-w64-mingw32/sys-root/mingw/include/pthread.h:341:90: error: expression list treated as compound expression in initializer [-fpermissive]
  341 | WINPTHREAD_API int pthread_cond_wait (pthread_cond_t *cv, pthread_mutex_t *external_mutex);
      |                                                                                          ^
C:/cygwin64/usr/x86_64-w64-mingw32/sys-root/mingw/include/pthread.h:342:43: error: 'pthread_cond_t' was not declared in this scope; did you mean 'pthread_once_t'?
  342 | WINPTHREAD_API int pthread_cond_timedwait(pthread_cond_t *cv, pthread_mutex_t *external_mutex, const struct timespec *t);
      |                                           ^~~~~~~~~~~~~~
      |                                           pthread_once_t
C:/cygwin64/usr/x86_64-w64-mingw32/sys-root/mingw/include/pthread.h:342:59: error: 'cv' was not declared in this scope
  342 | WINPTHREAD_API int pthread_cond_timedwait(pthread_cond_t *cv, pthread_mutex_t *external_mutex, const struct timespec *t);
      |                                                           ^~
C:/cygwin64/usr/x86_64-w64-mingw32/sys-root/mingw/include/pthread.h:342:63: error: 'pthread_mutex_t' was not declared in this scope; did you mean 'pthread_once_t'?
  342 | WINPTHREAD_API int pthread_cond_timedwait(pthread_cond_t *cv, pthread_mutex_t *external_mutex, const struct timespec *t);
      |                                                               ^~~~~~~~~~~~~~~
      |                                                               pthread_once_t
C:/cygwin64/usr/x86_64-w64-mingw32/sys-root/mingw/include/pthread.h:342:80: error: 'external_mutex' was not declared in this scope
  342 | WINPTHREAD_API int pthread_cond_timedwait(pthread_cond_t *cv, pthread_mutex_t *external_mutex, const struct timespec *t);
      |                                                                                ^~~~~~~~~~~~~~
C:/cygwin64/usr/x86_64-w64-mingw32/sys-root/mingw/include/pthread.h:342:96: error: expected primary-expression before 'const'
  342 | WINPTHREAD_API int pthread_cond_timedwait(pthread_cond_t *cv, pthread_mutex_t *external_mutex, const struct timespec *t);
      |                                                                                                ^~~~~
C:/cygwin64/usr/x86_64-w64-mingw32/sys-root/mingw/include/pthread.h:342:120: error: expression list treated as compound expression in initializer [-fpermissive]
  342 | WINPTHREAD_API int pthread_cond_timedwait(pthread_cond_t *cv, pthread_mutex_t *external_mutex, const struct timespec *t);
      |
       ^
C:/cygwin64/usr/x86_64-w64-mingw32/sys-root/mingw/include/pthread.h:343:55: error: 'pthread_cond_t' was not declared in this scope; did you mean 'pthread_once_t'?
  343 | WINPTHREAD_API int pthread_cond_timedwait_relative_np(pthread_cond_t *cv, pthread_mutex_t *external_mutex, const struct timespec *t);
      |                                                       ^~~~~~~~~~~~~~
      |                                                       pthread_once_t
C:/cygwin64/usr/x86_64-w64-mingw32/sys-root/mingw/include/pthread.h:343:71: error: 'cv' was not declared in this scope
  343 | WINPTHREAD_API int pthread_cond_timedwait_relative_np(pthread_cond_t *cv, pthread_mutex_t *external_mutex, const struct timespec *t);
      |                                                                       ^~
C:/cygwin64/usr/x86_64-w64-mingw32/sys-root/mingw/include/pthread.h:343:75: error: 'pthread_mutex_t' was not declared in this scope; did you mean 'pthread_once_t'?
  343 | WINPTHREAD_API int pthread_cond_timedwait_relative_np(pthread_cond_t *cv, pthread_mutex_t *external_mutex, const struct timespec *t);
      |                                                                           ^~~~~~~~~~~~~~~
      |                                                                           pthread_once_t
C:/cygwin64/usr/x86_64-w64-mingw32/sys-root/mingw/include/pthread.h:343:92: error: 'external_mutex' was not declared in this scope
  343 | WINPTHREAD_API int pthread_cond_timedwait_relative_np(pthread_cond_t *cv, pthread_mutex_t *external_mutex, const struct timespec *t);
      |                                                                                            ^~~~~~~~~~~~~~
C:/cygwin64/usr/x86_64-w64-mingw32/sys-root/mingw/include/pthread.h:343:108: error: expected primary-expression before const'
  343 | WINPTHREAD_API int pthread_cond_timedwait_relative_np(pthread_cond_t *cv, pthread_mutex_t *external_mutex, cons struct timespec *t);
      |                                                                                                            ^~~~
In file included from /usr/lib/gcc/x86_64-pc-cygwin/11/include/c++/x86_64-pc-cygwin/bits/gthr-default.h:35,
                 from /usr/lib/gcc/x86_64-pc-cygwin/11/include/c++/x86_64-pc-cygwin/bits/gthr.h:148,
                 from /usr/lib/gcc/x86_64-pc-cygwin/11/include/c++/ext/atomicity.h:35,
                 from /usr/lib/gcc/x86_64-pc-cygwin/11/include/c++/bits/ios_base.h:39,
                 from /usr/lib/gcc/x86_64-pc-cygwin/11/include/c++/ios:42,
                 from /usr/lib/gcc/x86_64-pc-cygwin/11/include/c++/ostream:38,
                 from /usr/lib/gcc/x86_64-pc-cygwin/11/include/c++/iostream:39,
                 from C:/Users/chang/OneDrive/Documents/GitHub/KataGo/cpp/core/../core/global.h:14,
                 from C:/Users/chang/OneDrive/Documents/GitHub/KataGo/cpp/core/global.cpp:1:
C:/cygwin64/usr/x86_64-w64-mingw32/sys-root/mingw/include/pthread.h:343:132: error: expression list treated as compound expression in initializer [-fpermissive]
  343 | WINPTHREAD_API int pthread_cond_timedwait_relative_np(pthread_cond_t *cv, pthread_mutex_t *external_mutex, const struct timespec *t);
      |
                   ^
C:/cygwin64/usr/x86_64-w64-mingw32/sys-root/mingw/include/pthread.h:345:39: error: 'pthread_mutex_t' was not declared in this scope; did you mean 'pthread_once_t'?
  345 | WINPTHREAD_API int pthread_mutex_lock(pthread_mutex_t *m);
      |                                       ^~~~~~~~~~~~~~~
      |                                       pthread_once_t
C:/cygwin64/usr/x86_64-w64-mingw32/sys-root/mingw/include/pthread.h:345:56: error: 'm' was not declared in this scope; did you mean 'tm'?
  345 | WINPTHREAD_API int pthread_mutex_lock(pthread_mutex_t *m);
      |                                                        ^
      |                                                        tm
C:/cygwin64/usr/x86_64-w64-mingw32/sys-root/mingw/include/pthread.h:346:44: error: 'pthread_mutex_t' was not declared in this scope; did you mean 'pthread_once_t'?
  346 | WINPTHREAD_API int pthread_mutex_timedlock(pthread_mutex_t *m, const struct timespec *ts);
      |                                            ^~~~~~~~~~~~~~~
      |                                            pthread_once_t
C:/cygwin64/usr/x86_64-w64-mingw32/sys-root/mingw/include/pthread.h:346:61: error: 'm' was not declared in this scope; did you mean 'tm'?
  346 | WINPTHREAD_API int pthread_mutex_timedlock(pthread_mutex_t *m, const struct timespec *ts);
      |                                                             ^
      |                                                             tm
C:/cygwin64/usr/x86_64-w64-mingw32/sys-root/mingw/include/pthread.h:346:64: error: expected primary-expression before 'const'
  346 | WINPTHREAD_API int pthread_mutex_timedlock(pthread_mutex_t *m, const struct timespec *ts);
      |                                                                ^~~~~
C:/cygwin64/usr/x86_64-w64-mingw32/sys-root/mingw/include/pthread.h:346:89: error: expression list treated as compound expression in initializer [-fpermissive]
  346 | WINPTHREAD_API int pthread_mutex_timedlock(pthread_mutex_t *m, const struct timespec *ts);
      |                                                                                         ^
C:/cygwin64/usr/x86_64-w64-mingw32/sys-root/mingw/include/pthread.h:347:41: error: 'pthread_mutex_t' was not declared in this scope; did you mean 'pthread_once_t'?
  347 | WINPTHREAD_API int pthread_mutex_unlock(pthread_mutex_t *m);
      |                                         ^~~~~~~~~~~~~~~
      |                                         pthread_once_t
C:/cygwin64/usr/x86_64-w64-mingw32/sys-root/mingw/include/pthread.h:347:58: error: 'm' was not declared in this scope; did you mean 'tm'?
  347 | WINPTHREAD_API int pthread_mutex_unlock(pthread_mutex_t *m);
      |                                                          ^
      |                                                          tm
C:/cygwin64/usr/x86_64-w64-mingw32/sys-root/mingw/include/pthread.h:348:42: error: 'pthread_mutex_t' was not declared in this scope; did you mean 'pthread_once_t'?
  348 | WINPTHREAD_API int pthread_mutex_trylock(pthread_mutex_t *m);
      |                                          ^~~~~~~~~~~~~~~
      |                                          pthread_once_t
C:/cygwin64/usr/x86_64-w64-mingw32/sys-root/mingw/include/pthread.h:348:59: error: 'm' was not declared in this scope; did you mean 'tm'?
  348 | WINPTHREAD_API int pthread_mutex_trylock(pthread_mutex_t *m);
      |                                                           ^
      |                                                           tm
C:/cygwin64/usr/x86_64-w64-mingw32/sys-root/mingw/include/pthread.h:349:39: error: 'pthread_mutex_t' was not declared in this scope; did you mean 'pthread_mutex_init'?
  349 | WINPTHREAD_API int pthread_mutex_init(pthread_mutex_t *m, const pthread_mutexattr_t *a);
      |                                       ^~~~~~~~~~~~~~~
      |                                       pthread_mutex_init
C:/cygwin64/usr/x86_64-w64-mingw32/sys-root/mingw/include/pthread.h:349:56: error: 'm' was not declared in this scope; did you mean 'tm'?
  349 | WINPTHREAD_API int pthread_mutex_init(pthread_mutex_t *m, const pthread_mutexattr_t *a);
      |                                                        ^
      |                                                        tm
C:/cygwin64/usr/x86_64-w64-mingw32/sys-root/mingw/include/pthread.h:349:59: error: expected primary-expression before 'const'
  349 | WINPTHREAD_API int pthread_mutex_init(pthread_mutex_t *m, const pthread_mutexattr_t *a);
      |                                                           ^~~~~
C:/cygwin64/usr/x86_64-w64-mingw32/sys-root/mingw/include/pthread.h:349:87: error: expression list treated as compound expression in initializer [-fpermissive]
  349 | WINPTHREAD_API int pthread_mutex_init(pthread_mutex_t *m, const pthread_mutexattr_t *a);
      |                                                                                       ^
C:/cygwin64/usr/x86_64-w64-mingw32/sys-root/mingw/include/pthread.h:350:42: error: 'pthread_mutex_t' was not declared in this scope; did you mean 'pthread_mutex_init'?
  350 | WINPTHREAD_API int pthread_mutex_destroy(pthread_mutex_t *m);
      |                                          ^~~~~~~~~~~~~~~
      |                                          pthread_mutex_init
C:/cygwin64/usr/x86_64-w64-mingw32/sys-root/mingw/include/pthread.h:350:59: error: 'm' was not declared in this scope; did you mean 'tm'?
  350 | WINPTHREAD_API int pthread_mutex_destroy(pthread_mutex_t *m);
      |                                                           ^
      |                                                           tm
C:/cygwin64/usr/x86_64-w64-mingw32/sys-root/mingw/include/pthread.h:356:38: error: 'pthread_spinlock_t' was not declared in this scope; did you mean 'pthread_spin_init'?
  356 | WINPTHREAD_API int pthread_spin_init(pthread_spinlock_t *l, int pshared);
      |                                      ^~~~~~~~~~~~~~~~~~
      |                                      pthread_spin_init
C:/cygwin64/usr/x86_64-w64-mingw32/sys-root/mingw/include/pthread.h:356:58: error: 'l' was not declared in this scope
  356 | WINPTHREAD_API int pthread_spin_init(pthread_spinlock_t *l, int pshared);
      |                                                          ^
C:/cygwin64/usr/x86_64-w64-mingw32/sys-root/mingw/include/pthread.h:356:61: error: expected primary-expression before 'int'
  356 | WINPTHREAD_API int pthread_spin_init(pthread_spinlock_t *l, int pshared);
      |                                                             ^~~
C:/cygwin64/usr/x86_64-w64-mingw32/sys-root/mingw/include/pthread.h:356:72: error: expression list treated as compound expression in initializer [-fpermissive]
  356 | WINPTHREAD_API int pthread_spin_init(pthread_spinlock_t *l, int pshared);
      |                                                                        ^
C:/cygwin64/usr/x86_64-w64-mingw32/sys-root/mingw/include/pthread.h:357:41: error: 'pthread_spinlock_t' was not declared in this scope; did you mean 'pthread_spin_init'?
  357 | WINPTHREAD_API int pthread_spin_destroy(pthread_spinlock_t *l);
      |                                         ^~~~~~~~~~~~~~~~~~
      |                                         pthread_spin_init
C:/cygwin64/usr/x86_64-w64-mingw32/sys-root/mingw/include/pthread.h:357:61: error: 'l' was not declared in this scope
  357 | WINPTHREAD_API int pthread_spin_destroy(pthread_spinlock_t *l);
      |                                                             ^
C:/cygwin64/usr/x86_64-w64-mingw32/sys-root/mingw/include/pthread.h:359:38: error: 'pthread_spinlock_t' was not declared in this scope; did you mean 'pthread_spin_lock'?
  359 | WINPTHREAD_API int pthread_spin_lock(pthread_spinlock_t *l);
      |                                      ^~~~~~~~~~~~~~~~~~
      |                                      pthread_spin_lock
C:/cygwin64/usr/x86_64-w64-mingw32/sys-root/mingw/include/pthread.h:359:58: error: 'l' was not declared in this scope
  359 | WINPTHREAD_API int pthread_spin_lock(pthread_spinlock_t *l);
      |                                                          ^
C:/cygwin64/usr/x86_64-w64-mingw32/sys-root/mingw/include/pthread.h:360:41: error: 'pthread_spinlock_t' was not declared in this scope; did you mean 'pthread_spin_lock'?
  360 | WINPTHREAD_API int pthread_spin_trylock(pthread_spinlock_t *l);
      |                                         ^~~~~~~~~~~~~~~~~~
      |                                         pthread_spin_lock
C:/cygwin64/usr/x86_64-w64-mingw32/sys-root/mingw/include/pthread.h:360:61: error: 'l' was not declared in this scope
  360 | WINPTHREAD_API int pthread_spin_trylock(pthread_spinlock_t *l);
      |                                                             ^
C:/cygwin64/usr/x86_64-w64-mingw32/sys-root/mingw/include/pthread.h:361:40: error: 'pthread_spinlock_t' was not declared in this scope; did you mean 'pthread_spin_lock'?
  361 | WINPTHREAD_API int pthread_spin_unlock(pthread_spinlock_t *l);
      |                                        ^~~~~~~~~~~~~~~~~~
      |                                        pthread_spin_lock
C:/cygwin64/usr/x86_64-w64-mingw32/sys-root/mingw/include/pthread.h:361:60: error: 'l' was not declared in this scope
  361 | WINPTHREAD_API int pthread_spin_unlock(pthread_spinlock_t *l);
      |                                                            ^
C:/cygwin64/usr/x86_64-w64-mingw32/sys-root/mingw/include/pthread.h:414:42: error: 'pthread_t' was not declared in this scope; did you mean 'pthread_exit'?
  414 | WINPTHREAD_API void * pthread_gethandle (pthread_t t);
      |                                          ^~~~~~~~~
      |                                          pthread_exit
C:/cygwin64/usr/x86_64-w64-mingw32/sys-root/mingw/include/pthread.h:420:38: error: 'pthread_t' was not declared in this scope; did you mean 'pthread_exit'?
  420 | WINPTHREAD_API int _pthread_tryjoin (pthread_t t, void **res);
      |                                      ^~~~~~~~~
      |                                      pthread_exit
C:/cygwin64/usr/x86_64-w64-mingw32/sys-root/mingw/include/pthread.h:420:51: error: expected primary-expression before 'void'
  420 | WINPTHREAD_API int _pthread_tryjoin (pthread_t t, void **res);
      |                                                   ^~~~
C:/cygwin64/usr/x86_64-w64-mingw32/sys-root/mingw/include/pthread.h:420:61: error: expression list treated as compound expression in initializer [-fpermissive]
  420 | WINPTHREAD_API int _pthread_tryjoin (pthread_t t, void **res);
      |                                                             ^
In file included from /usr/lib/gcc/x86_64-pc-cygwin/11/include/c++/x86_64-pc-cygwin/bits/gthr.h:148,
                 from /usr/lib/gcc/x86_64-pc-cygwin/11/include/c++/ext/atomicity.h:35,
                 from /usr/lib/gcc/x86_64-pc-cygwin/11/include/c++/bits/ios_base.h:39,
                 from /usr/lib/gcc/x86_64-pc-cygwin/11/include/c++/ios:42,
                 from /usr/lib/gcc/x86_64-pc-cygwin/11/include/c++/ostream:38,
                 from /usr/lib/gcc/x86_64-pc-cygwin/11/include/c++/iostream:39,
                 from C:/Users/chang/OneDrive/Documents/GitHub/KataGo/cpp/core/../core/global.h:14,
                 from C:/Users/chang/OneDrive/Documents/GitHub/KataGo/cpp/core/global.cpp:1:
/usr/lib/gcc/x86_64-pc-cygwin/11/include/c++/x86_64-pc-cygwin/bits/gthr-default.h:47:9: error: 'pthread_t' does not name a type; did you mean '_threadid'?
   47 | typedef pthread_t __gthread_t;
      |         ^~~~~~~~~
      |         _threadid
/usr/lib/gcc/x86_64-pc-cygwin/11/include/c++/x86_64-pc-cygwin/bits/gthr-default.h:50:9: error: 'pthread_mutex_t' does not name a type; did you mean 'pthread_once_t'?
   50 | typedef pthread_mutex_t __gthread_mutex_t;
      |         ^~~~~~~~~~~~~~~
      |         pthread_once_t
/usr/lib/gcc/x86_64-pc-cygwin/11/include/c++/x86_64-pc-cygwin/bits/gthr-default.h:51:9: error: 'pthread_mutex_t' does not name a type; did you mean 'pthread_once_t'?
   51 | typedef pthread_mutex_t __gthread_recursive_mutex_t;
      |         ^~~~~~~~~~~~~~~
      |         pthread_once_t
/usr/lib/gcc/x86_64-pc-cygwin/11/include/c++/x86_64-pc-cygwin/bits/gthr-default.h:52:9: error: 'pthread_cond_t' does not name a type; did you mean 'pthread_once_t'?
   52 | typedef pthread_cond_t __gthread_cond_t;
      |         ^~~~~~~~~~~~~~
      |         pthread_once_t
/usr/lib/gcc/x86_64-pc-cygwin/11/include/c++/x86_64-pc-cygwin/bits/gthr-default.h:660:19: error: '__gthread_t' was not declared in this scope; did you mean '__gthread_key_t'?
  660 | __gthread_create (__gthread_t *__threadid, void *(*__func) (void*),
      |                   ^~~~~~~~~~~
      |                   __gthread_key_t
/usr/lib/gcc/x86_64-pc-cygwin/11/include/c++/x86_64-pc-cygwin/bits/gthr-default.h:660:32: error: '__threadid' was not declared in this scope; did you mean '_threadid'?
  660 | __gthread_create (__gthread_t *__threadid, void *(*__func) (void*),
      |                                ^~~~~~~~~~
      |                                _threadid
/usr/lib/gcc/x86_64-pc-cygwin/11/include/c++/x86_64-pc-cygwin/bits/gthr-default.h:660:44: error: expected primary-expression before 'void'
  660 | __gthread_create (__gthread_t *__threadid, void *(*__func) (void*),
      |                                            ^~~~
/usr/lib/gcc/x86_64-pc-cygwin/11/include/c++/x86_64-pc-cygwin/bits/gthr-default.h:661:19: error: expected primary-expression before 'void'
  661 |                   void *__args)
      |                   ^~~~
/usr/lib/gcc/x86_64-pc-cygwin/11/include/c++/x86_64-pc-cygwin/bits/gthr-default.h:661:31: error: expression list treated as compound expression in initializer [-fpermissive]
  661 |                   void *__args)
      |                               ^
/usr/lib/gcc/x86_64-pc-cygwin/11/include/c++/x86_64-pc-cygwin/bits/gthr-default.h:667:17: error: '__gthread_t' was not declared in this scope; did you mean '__gthread_key_t'?
  667 | __gthread_join (__gthread_t __threadid, void **__value_ptr)
      |                 ^~~~~~~~~~~
      |                 __gthread_key_t
/usr/lib/gcc/x86_64-pc-cygwin/11/include/c++/x86_64-pc-cygwin/bits/gthr-default.h:667:41: error: expected primary-expression before 'void'
  667 | __gthread_join (__gthread_t __threadid, void **__value_ptr)
      |                                         ^~~~
/usr/lib/gcc/x86_64-pc-cygwin/11/include/c++/x86_64-pc-cygwin/bits/gthr-default.h:667:59: error: expression list treated as compound expression in initializer [-fpermissive]
  667 | __gthread_join (__gthread_t __threadid, void **__value_ptr)
      |                                                           ^
/usr/lib/gcc/x86_64-pc-cygwin/11/include/c++/x86_64-pc-cygwin/bits/gthr-default.h:673:19: error: '__gthread_t' was not declared in this scope; did you mean '__gthread_key_t'?
  673 | __gthread_detach (__gthread_t __threadid)
      |                   ^~~~~~~~~~~
      |                   __gthread_key_t
/usr/lib/gcc/x86_64-pc-cygwin/11/include/c++/x86_64-pc-cygwin/bits/gthr-default.h:679:18: error: '__gthread_t' was not declared in this scope; did you mean '__gthread_key_t'?
  679 | __gthread_equal (__gthread_t __t1, __gthread_t __t2)
      |                  ^~~~~~~~~~~
      |                  __gthread_key_t
/usr/lib/gcc/x86_64-pc-cygwin/11/include/c++/x86_64-pc-cygwin/bits/gthr-default.h:679:36: error: '__gthread_t' was not declared in this scope; did you mean '__gthread_key_t'?
  679 | __gthread_equal (__gthread_t __t1, __gthread_t __t2)
      |                                    ^~~~~~~~~~~
      |                                    __gthread_key_t
/usr/lib/gcc/x86_64-pc-cygwin/11/include/c++/x86_64-pc-cygwin/bits/gthr-default.h:679:52: error: expression list treated as compound expression in initializer [-fpermissive]
  679 | __gthread_equal (__gthread_t __t1, __gthread_t __t2)
      |                                                    ^
/usr/lib/gcc/x86_64-pc-cygwin/11/include/c++/x86_64-pc-cygwin/bits/gthr-default.h:684:15: error: '__gthread_t' does not name a type; did you mean '__gthread_key_t'?
  684 | static inline __gthread_t
      |               ^~~~~~~~~~~
      |               __gthread_key_t
/usr/lib/gcc/x86_64-pc-cygwin/11/include/c++/x86_64-pc-cygwin/bits/gthr-default.h:730:1: error: variable or field '__gthread_mutex_init_function' declared void
  730 | __gthread_mutex_init_function (__gthread_mutex_t *__mutex)
      | ^~~~~~~~~~~~~~~~~~~~~~~~~~~~~
/usr/lib/gcc/x86_64-pc-cygwin/11/include/c++/x86_64-pc-cygwin/bits/gthr-default.h:730:32: error: '__gthread_mutex_t' was not declared in this scope; did you mean '__gthread_time_t'?
  730 | __gthread_mutex_init_function (__gthread_mutex_t *__mutex)
      |                                ^~~~~~~~~~~~~~~~~
      |                                __gthread_time_t
/usr/lib/gcc/x86_64-pc-cygwin/11/include/c++/x86_64-pc-cygwin/bits/gthr-default.h:730:51: error: '__mutex' was not declared in this scope
  730 | __gthread_mutex_init_function (__gthread_mutex_t *__mutex)
      |                                                   ^~~~~~~
/usr/lib/gcc/x86_64-pc-cygwin/11/include/c++/x86_64-pc-cygwin/bits/gthr-default.h:737:26: error: '__gthread_mutex_t' was not declared in this scope; did you mean '__gthread_time_t'?
  737 | __gthread_mutex_destroy (__gthread_mutex_t *__mutex)
      |                          ^~~~~~~~~~~~~~~~~
      |                          __gthread_time_t
/usr/lib/gcc/x86_64-pc-cygwin/11/include/c++/x86_64-pc-cygwin/bits/gthr-default.h:737:45: error: '__mutex' was not declared in this scope
  737 | __gthread_mutex_destroy (__gthread_mutex_t *__mutex)
      |                                             ^~~~~~~
/usr/lib/gcc/x86_64-pc-cygwin/11/include/c++/x86_64-pc-cygwin/bits/gthr-default.h:746:23: error: '__gthread_mutex_t' was not declared in this scope; did you mean '__gthread_time_t'?
  746 | __gthread_mutex_lock (__gthread_mutex_t *__mutex)
      |                       ^~~~~~~~~~~~~~~~~
      |                       __gthread_time_t
/usr/lib/gcc/x86_64-pc-cygwin/11/include/c++/x86_64-pc-cygwin/bits/gthr-default.h:746:42: error: '__mutex' was not declared in this scope
  746 | __gthread_mutex_lock (__gthread_mutex_t *__mutex)
      |                                          ^~~~~~~
/usr/lib/gcc/x86_64-pc-cygwin/11/include/c++/x86_64-pc-cygwin/bits/gthr-default.h:755:26: error: '__gthread_mutex_t' was not declared in this scope; did you mean '__gthread_time_t'?
  755 | __gthread_mutex_trylock (__gthread_mutex_t *__mutex)
      |                          ^~~~~~~~~~~~~~~~~
      |                          __gthread_time_t
/usr/lib/gcc/x86_64-pc-cygwin/11/include/c++/x86_64-pc-cygwin/bits/gthr-default.h:755:45: error: '__mutex' was not declared in this scope
  755 | __gthread_mutex_trylock (__gthread_mutex_t *__mutex)
      |                                             ^~~~~~~
/usr/lib/gcc/x86_64-pc-cygwin/11/include/c++/x86_64-pc-cygwin/bits/gthr-default.h:765:28: error: '__gthread_mutex_t' was not declared in this scope; did you mean '__gthread_time_t'?
  765 | __gthread_mutex_timedlock (__gthread_mutex_t *__mutex,
      |                            ^~~~~~~~~~~~~~~~~
      |                            __gthread_time_t
/usr/lib/gcc/x86_64-pc-cygwin/11/include/c++/x86_64-pc-cygwin/bits/gthr-default.h:765:47: error: '__mutex' was not declared in this scope
  765 | __gthread_mutex_timedlock (__gthread_mutex_t *__mutex,
      |                                               ^~~~~~~
/usr/lib/gcc/x86_64-pc-cygwin/11/include/c++/x86_64-pc-cygwin/bits/gthr-default.h:766:28: error: expected primary-expression before 'const'
  766 |                            const __gthread_time_t *__abs_timeout)
      |                            ^~~~~
/usr/lib/gcc/x86_64-pc-cygwin/11/include/c++/x86_64-pc-cygwin/bits/gthr-default.h:766:65: error: expression list treated as compound expression in initializer [-fpermissive]
  766 |                            const __gthread_time_t *__abs_timeout)
      |                                                                 ^
/usr/lib/gcc/x86_64-pc-cygwin/11/include/c++/x86_64-pc-cygwin/bits/gthr-default.h:776:25: error: '__gthread_mutex_t' was not declared in this scope; did you mean '__gthread_time_t'?
  776 | __gthread_mutex_unlock (__gthread_mutex_t *__mutex)
      |                         ^~~~~~~~~~~~~~~~~
      |                         __gthread_time_t
/usr/lib/gcc/x86_64-pc-cygwin/11/include/c++/x86_64-pc-cygwin/bits/gthr-default.h:776:44: error: '__mutex' was not declared in this scope
  776 | __gthread_mutex_unlock (__gthread_mutex_t *__mutex)
      |                                            ^~~~~~~
/usr/lib/gcc/x86_64-pc-cygwin/11/include/c++/x86_64-pc-cygwin/bits/gthr-default.h:787:42: error: '__gthread_recursive_mutex_t' was not declared in this scope
  787 | __gthread_recursive_mutex_init_function (__gthread_recursive_mutex_t *__mutex)
      |                                          ^~~~~~~~~~~~~~~~~~~~~~~~~~~
/usr/lib/gcc/x86_64-pc-cygwin/11/include/c++/x86_64-pc-cygwin/bits/gthr-default.h:787:71: error: '__mutex' was not declared in this scope
  787 | __gthread_recursive_mutex_init_function (__gthread_recursive_mutex_t *__mutex)
      |                                                                       ^~~~~~~
/usr/lib/gcc/x86_64-pc-cygwin/11/include/c++/x86_64-pc-cygwin/bits/gthr-default.h:809:33: error: '__gthread_recursive_mutex_t' was not declared in this scope; did you mean '__gthread_recursive_mutex_lock'?
  809 | __gthread_recursive_mutex_lock (__gthread_recursive_mutex_t *__mutex)
      |                                 ^~~~~~~~~~~~~~~~~~~~~~~~~~~
      |                                 __gthread_recursive_mutex_lock
/usr/lib/gcc/x86_64-pc-cygwin/11/include/c++/x86_64-pc-cygwin/bits/gthr-default.h:809:62: error: '__mutex' was not declared in this scope
  809 | __gthread_recursive_mutex_lock (__gthread_recursive_mutex_t *__mutex)
      |                                                              ^~~~~~~
/usr/lib/gcc/x86_64-pc-cygwin/11/include/c++/x86_64-pc-cygwin/bits/gthr-default.h:815:36: error: '__gthread_recursive_mutex_t' was not declared in this scope; did you mean '__gthread_recursive_mutex_lock'?
  815 | __gthread_recursive_mutex_trylock (__gthread_recursive_mutex_t *__mutex)
      |                                    ^~~~~~~~~~~~~~~~~~~~~~~~~~~
      |                                    __gthread_recursive_mutex_lock
/usr/lib/gcc/x86_64-pc-cygwin/11/include/c++/x86_64-pc-cygwin/bits/gthr-default.h:815:65: error: '__mutex' was not declared in this scope
  815 | __gthread_recursive_mutex_trylock (__gthread_recursive_mutex_t *__mutex)
      |                                                                 ^~~~~~~
/usr/lib/gcc/x86_64-pc-cygwin/11/include/c++/x86_64-pc-cygwin/bits/gthr-default.h:822:38: error: '__gthread_recursive_mutex_t' was not declared in this scope; did you mean '__gthread_recursive_mutex_lock'?
  822 | __gthread_recursive_mutex_timedlock (__gthread_recursive_mutex_t *__mutex,
      |                                      ^~~~~~~~~~~~~~~~~~~~~~~~~~~
      |                                      __gthread_recursive_mutex_lock
/usr/lib/gcc/x86_64-pc-cygwin/11/include/c++/x86_64-pc-cygwin/bits/gthr-default.h:822:67: error: '__mutex' was not declared in this scope
  822 | __gthread_recursive_mutex_timedlock (__gthread_recursive_mutex_t *__mutex,
      |                                                                   ^~~~~~~
/usr/lib/gcc/x86_64-pc-cygwin/11/include/c++/x86_64-pc-cygwin/bits/gthr-default.h:823:38: error: expected primary-expression before 'const'
  823 |                                      const __gthread_time_t *__abs_timeout)
      |                                      ^~~~~
/usr/lib/gcc/x86_64-pc-cygwin/11/include/c++/x86_64-pc-cygwin/bits/gthr-default.h:823:75: error: expression list treated as compound expression in initializer [-fpermissive]
  823 |                                      const __gthread_time_t *__abs_timeout)
      |                                                                           ^
/usr/lib/gcc/x86_64-pc-cygwin/11/include/c++/x86_64-pc-cygwin/bits/gthr-default.h:830:35: error: '__gthread_recursive_mutex_t' was not declared in this scope; did you mean '__gthread_recursive_mutex_lock'?
  830 | __gthread_recursive_mutex_unlock (__gthread_recursive_mutex_t *__mutex)
      |                                   ^~~~~~~~~~~~~~~~~~~~~~~~~~~
      |                                   __gthread_recursive_mutex_lock
/usr/lib/gcc/x86_64-pc-cygwin/11/include/c++/x86_64-pc-cygwin/bits/gthr-default.h:830:64: error: '__mutex' was not declared in this scope
  830 | __gthread_recursive_mutex_unlock (__gthread_recursive_mutex_t *__mutex)
      |                                                                ^~~~~~~
/usr/lib/gcc/x86_64-pc-cygwin/11/include/c++/x86_64-pc-cygwin/bits/gthr-default.h:836:36: error: '__gthread_recursive_mutex_t' was not declared in this scope; did you mean '__gthread_recursive_mutex_lock'?
  836 | __gthread_recursive_mutex_destroy (__gthread_recursive_mutex_t *__mutex)
      |                                    ^~~~~~~~~~~~~~~~~~~~~~~~~~~
      |                                    __gthread_recursive_mutex_lock
/usr/lib/gcc/x86_64-pc-cygwin/11/include/c++/x86_64-pc-cygwin/bits/gthr-default.h:836:65: error: '__mutex' was not declared in this scope
  836 | __gthread_recursive_mutex_destroy (__gthread_recursive_mutex_t *__mutex)
      |                                                                 ^~~~~~~
/usr/lib/gcc/x86_64-pc-cygwin/11/include/c++/x86_64-pc-cygwin/bits/gthr-default.h:851:27: error: '__gthread_cond_t' was not declared in this scope; did you mean '__gthread_once_t'?
  851 | __gthread_cond_broadcast (__gthread_cond_t *__cond)
      |                           ^~~~~~~~~~~~~~~~
      |                           __gthread_once_t
/usr/lib/gcc/x86_64-pc-cygwin/11/include/c++/x86_64-pc-cygwin/bits/gthr-default.h:851:45: error: '__cond' was not declared in this scope
  851 | __gthread_cond_broadcast (__gthread_cond_t *__cond)
      |                                             ^~~~~~
/usr/lib/gcc/x86_64-pc-cygwin/11/include/c++/x86_64-pc-cygwin/bits/gthr-default.h:857:24: error: '__gthread_cond_t' was not declared in this scope; did you mean '__gthread_once_t'?
  857 | __gthread_cond_signal (__gthread_cond_t *__cond)
      |                        ^~~~~~~~~~~~~~~~
      |                        __gthread_once_t
/usr/lib/gcc/x86_64-pc-cygwin/11/include/c++/x86_64-pc-cygwin/bits/gthr-default.h:857:42: error: '__cond' was not declared in this scope
  857 | __gthread_cond_signal (__gthread_cond_t *__cond)
      |                                          ^~~~~~
/usr/lib/gcc/x86_64-pc-cygwin/11/include/c++/x86_64-pc-cygwin/bits/gthr-default.h:863:22: error: '__gthread_cond_t' was not declared in this scope; did you mean '__gthread_once_t'?
  863 | __gthread_cond_wait (__gthread_cond_t *__cond, __gthread_mutex_t *__mutex)
      |                      ^~~~~~~~~~~~~~~~
      |                      __gthread_once_t
/usr/lib/gcc/x86_64-pc-cygwin/11/include/c++/x86_64-pc-cygwin/bits/gthr-default.h:863:40: error: '__cond' was not declared in this scope
  863 | __gthread_cond_wait (__gthread_cond_t *__cond, __gthread_mutex_t *__mutex)
      |                                        ^~~~~~
/usr/lib/gcc/x86_64-pc-cygwin/11/include/c++/x86_64-pc-cygwin/bits/gthr-default.h:863:48: error: '__gthread_mutex_t' was not declared in this scope; did you mean '__gthread_time_t'?
  863 | __gthread_cond_wait (__gthread_cond_t *__cond, __gthread_mutex_t *__mutex)
      |                                                ^~~~~~~~~~~~~~~~~
      |                                                __gthread_time_t
/usr/lib/gcc/x86_64-pc-cygwin/11/include/c++/x86_64-pc-cygwin/bits/gthr-default.h:863:67: error: '__mutex' was not declared in this scope
  863 | __gthread_cond_wait (__gthread_cond_t *__cond, __gthread_mutex_t *__mutex)
      |                                                                   ^~~~~~~
/usr/lib/gcc/x86_64-pc-cygwin/11/include/c++/x86_64-pc-cygwin/bits/gthr-default.h:863:74: error: expression list treated as compound expression in initializer [-fpermissive]
  863 | __gthread_cond_wait (__gthread_cond_t *__cond, __gthread_mutex_t *__mutex)
      |                                                                          ^
/usr/lib/gcc/x86_64-pc-cygwin/11/include/c++/x86_64-pc-cygwin/bits/gthr-default.h:869:27: error: '__gthread_cond_t' was not declared in this scope; did you mean '__gthread_once_t'?
  869 | __gthread_cond_timedwait (__gthread_cond_t *__cond, __gthread_mutex_t *__mutex,
      |                           ^~~~~~~~~~~~~~~~
      |                           __gthread_once_t
/usr/lib/gcc/x86_64-pc-cygwin/11/include/c++/x86_64-pc-cygwin/bits/gthr-default.h:869:45: error: '__cond' was not declared in this scope
  869 | __gthread_cond_timedwait (__gthread_cond_t *__cond, __gthread_mutex_t *__mutex,
      |                                             ^~~~~~
/usr/lib/gcc/x86_64-pc-cygwin/11/include/c++/x86_64-pc-cygwin/bits/gthr-default.h:869:53: error: '__gthread_mutex_t' was not declared in this scope; did you mean '__gthread_time_t'?
  869 | __gthread_cond_timedwait (__gthread_cond_t *__cond, __gthread_mutex_t *__mutex,
      |                                                     ^~~~~~~~~~~~~~~~~
      |                                                     __gthread_time_t
/usr/lib/gcc/x86_64-pc-cygwin/11/include/c++/x86_64-pc-cygwin/bits/gthr-default.h:869:72: error: '__mutex' was not declared in this scope
  869 | __gthread_cond_timedwait (__gthread_cond_t *__cond, __gthread_mutex_t *__mutex,
      |                                                                        ^~~~~~~
/usr/lib/gcc/x86_64-pc-cygwin/11/include/c++/x86_64-pc-cygwin/bits/gthr-default.h:870:27: error: expected primary-expression before 'const'
  870 |                           const __gthread_time_t *__abs_timeout)
      |                           ^~~~~
/usr/lib/gcc/x86_64-pc-cygwin/11/include/c++/x86_64-pc-cygwin/bits/gthr-default.h:870:64: error: expression list treated as compound expression in initializer [-fpermissive]
  870 |                           const __gthread_time_t *__abs_timeout)
      |                                                                ^
/usr/lib/gcc/x86_64-pc-cygwin/11/include/c++/x86_64-pc-cygwin/bits/gthr-default.h:876:32: error: '__gthread_cond_t' was not declared in this scope; did you mean '__gthread_once_t'?
  876 | __gthread_cond_wait_recursive (__gthread_cond_t *__cond,
      |                                ^~~~~~~~~~~~~~~~
      |                                __gthread_once_t
/usr/lib/gcc/x86_64-pc-cygwin/11/include/c++/x86_64-pc-cygwin/bits/gthr-default.h:876:50: error: '__cond' was not declared in this scope
  876 | __gthread_cond_wait_recursive (__gthread_cond_t *__cond,
      |                                                  ^~~~~~
/usr/lib/gcc/x86_64-pc-cygwin/11/include/c++/x86_64-pc-cygwin/bits/gthr-default.h:877:32: error: '__gthread_recursive_mutex_t' was not declared in this scope; did you mean '__gthread_recursive_mutex_lock'?
  877 |                                __gthread_recursive_mutex_t *__mutex)
      |                                ^~~~~~~~~~~~~~~~~~~~~~~~~~~
      |                                __gthread_recursive_mutex_lock
/usr/lib/gcc/x86_64-pc-cygwin/11/include/c++/x86_64-pc-cygwin/bits/gthr-default.h:877:61: error: '__mutex' was not declared in this scope
  877 |                                __gthread_recursive_mutex_t *__mutex)
      |                                                             ^~~~~~~
/usr/lib/gcc/x86_64-pc-cygwin/11/include/c++/x86_64-pc-cygwin/bits/gthr-default.h:877:68: error: expression list treated as compound expression in initializer [-fpermissive]
  877 |                                __gthread_recursive_mutex_t *__mutex)
      |                                                                    ^
/usr/lib/gcc/x86_64-pc-cygwin/11/include/c++/x86_64-pc-cygwin/bits/gthr-default.h:883:25: error: '__gthread_cond_t' was not declared in this scope; did you mean '__gthread_once_t'?
  883 | __gthread_cond_destroy (__gthread_cond_t* __cond)
      |                         ^~~~~~~~~~~~~~~~
      |                         __gthread_once_t
/usr/lib/gcc/x86_64-pc-cygwin/11/include/c++/x86_64-pc-cygwin/bits/gthr-default.h:883:43: error: '__cond' was not declared in this scope
  883 | __gthread_cond_destroy (__gthread_cond_t* __cond)
      |                                           ^~~~~~
In file included from /usr/x86_64-w64-mingw32/sys-root/mingw/include/_cygwin.h:14,
                 from C:/cygwin64/usr/x86_64-w64-mingw32/sys-root/mingw/include/_mingw.h:15,
                 from C:/cygwin64/usr/x86_64-w64-mingw32/sys-root/mingw/include/corecrt.h:10,
                 from C:/cygwin64/usr/x86_64-w64-mingw32/sys-root/mingw/include/crtdefs.h:10,
                 from C:/cygwin64/usr/x86_64-w64-mingw32/sys-root/mingw/include/stddef.h:7,
                 from /usr/include/stdlib.h:16,
                 from /usr/lib/gcc/x86_64-pc-cygwin/11/include/c++/cstdlib:75,
                 from /usr/lib/gcc/x86_64-pc-cygwin/11/include/c++/bits/stl_algo.h:59,
                 from /usr/lib/gcc/x86_64-pc-cygwin/11/include/c++/algorithm:62,
                 from C:/Users/chang/OneDrive/Documents/GitHub/KataGo/cpp/core/../core/global.h:11,
                 from C:/Users/chang/OneDrive/Documents/GitHub/KataGo/cpp/core/global.cpp:1:
/usr/lib/gcc/x86_64-pc-cygwin/11/include/c++/ext/string_conversions.h: In constructor '__gnu_cxx::__stoa(_TRet (*)(const _CharT*, _CharT**, _Base ...), const char*, const _CharT*, std::size_t*, _Base ...)::_Save_errno::_Save_errno()':
/usr/lib/gcc/x86_64-pc-cygwin/11/include/c++/ext/string_conversions.h:63:34: error: there are no arguments to '_errno' that depend on a template parameter, so a declaration of '_errno' must be available [-fpermissive]
   63 |         _Save_errno() : _M_errno(errno) { errno = 0; }
      |                                  ^~~~~
/usr/lib/gcc/x86_64-pc-cygwin/11/include/c++/ext/string_conversions.h:63:34: note: (if you use '-fpermissive', G++ will accept your code, but allowing the use of an undeclared name is deprecated)
/usr/lib/gcc/x86_64-pc-cygwin/11/include/c++/ext/string_conversions.h:63:43: error: there are no arguments to '_errno' that depend on a template parameter, so a declaration of '_errno' must be available [-fpermissive]
   63 |         _Save_errno() : _M_errno(errno) { errno = 0; }
      |                                           ^~~~~
/usr/lib/gcc/x86_64-pc-cygwin/11/include/c++/ext/string_conversions.h: In destructor '__gnu_cxx::__stoa(_TRet (*)(const _CharT*, _CharT**, _Base ...), const char*, const _CharT*, std::size_t*, _Base ...)::_Save_errno::~_Save_errno()':
/usr/lib/gcc/x86_64-pc-cygwin/11/include/c++/ext/string_conversions.h:64:30: error: there are no arguments to '_errno' that depend on a template parameter, so a declaration of '_errno' must be available [-fpermissive]
   64 |         ~_Save_errno() { if (errno == 0) errno = _M_errno; }
      |                              ^~~~~
/usr/lib/gcc/x86_64-pc-cygwin/11/include/c++/ext/string_conversions.h:64:42: error: there are no arguments to '_errno' that depend on a template parameter, so a declaration of '_errno' must be available [-fpermissive]
   64 |         ~_Save_errno() { if (errno == 0) errno = _M_errno; }
      |                                          ^~~~~
/usr/lib/gcc/x86_64-pc-cygwin/11/include/c++/ext/string_conversions.h: In function '_Ret __gnu_cxx::__stoa(_TRet (*)(const _CharT*, _CharT**, _Base ...), const char*, const _CharT*, std::size_t*, _Base ...)':
/usr/lib/gcc/x86_64-pc-cygwin/11/include/c++/ext/string_conversions.h:84:16: error: there are no arguments to '_errno' that depend on a template parameter, so a declaration of '_errno' must be available [-fpermissive]
   84 |       else if (errno == ERANGE
      |                ^~~~~
In file included from /usr/lib/gcc/x86_64-pc-cygwin/11/include/c++/ios:43,
                 from /usr/lib/gcc/x86_64-pc-cygwin/11/include/c++/ostream:38,
                 from /usr/lib/gcc/x86_64-pc-cygwin/11/include/c++/iostream:39,
                 from C:/Users/chang/OneDrive/Documents/GitHub/KataGo/cpp/core/../core/global.h:14,
                 from C:/Users/chang/OneDrive/Documents/GitHub/KataGo/cpp/core/global.cpp:1:
/usr/lib/gcc/x86_64-pc-cygwin/11/include/c++/streambuf: In instantiation of 'class std::basic_streambuf<wchar_t>':
/usr/lib/gcc/x86_64-pc-cygwin/11/include/c++/bits/streambuf.tcc:160:25:   required from here
/usr/lib/gcc/x86_64-pc-cygwin/11/include/c++/streambuf:133:57: error: no type named 'int_type' in 'std::basic_streambuf<wchar_t>::traits_type' {aka 'struct std::char_traits<wchar_t>'}
  133 |       typedef typename traits_type::int_type            int_type;
      |                                                         ^~~~~~~~
In file included from /usr/lib/gcc/x86_64-pc-cygwin/11/include/c++/cwctype:50,
                 from /usr/lib/gcc/x86_64-pc-cygwin/11/include/c++/bits/locale_facets.h:39,
                 from /usr/lib/gcc/x86_64-pc-cygwin/11/include/c++/bits/basic_ios.h:37,
                 from /usr/lib/gcc/x86_64-pc-cygwin/11/include/c++/ios:44,
                 from /usr/lib/gcc/x86_64-pc-cygwin/11/include/c++/ostream:38,
                 from /usr/lib/gcc/x86_64-pc-cygwin/11/include/c++/iostream:39,
                 from C:/Users/chang/OneDrive/Documents/GitHub/KataGo/cpp/core/../core/global.h:14,
                 from C:/Users/chang/OneDrive/Documents/GitHub/KataGo/cpp/core/global.cpp:1:
C:/cygwin64/usr/x86_64-w64-mingw32/sys-root/mingw/include/wctype.h: At global scope:
C:/cygwin64/usr/x86_64-w64-mingw32/sys-root/mingw/include/wctype.h:177:3: error: 'wint_t' does not name a type; did you mean 'uint8_t'?
  177 |   wint_t __cdecl towctrans(wint_t,wctrans_t);
      |   ^~~~~~
      |   uint8_t
C:/cygwin64/usr/x86_64-w64-mingw32/sys-root/mingw/include/wctype.h:179:3: error: 'wctype_t' does not name a type
  179 |   wctype_t __cdecl wctype(const char *);
      |   ^~~~~~~~
In file included from /usr/lib/gcc/x86_64-pc-cygwin/11/include/c++/bits/locale_facets.h:39,
                 from /usr/lib/gcc/x86_64-pc-cygwin/11/include/c++/bits/basic_ios.h:37,
                 from /usr/lib/gcc/x86_64-pc-cygwin/11/include/c++/ios:44,
                 from /usr/lib/gcc/x86_64-pc-cygwin/11/include/c++/ostream:38,
                 from /usr/lib/gcc/x86_64-pc-cygwin/11/include/c++/iostream:39,
                 from C:/Users/chang/OneDrive/Documents/GitHub/KataGo/cpp/core/../core/global.h:14,
                 from C:/Users/chang/OneDrive/Documents/GitHub/KataGo/cpp/core/global.cpp:1:
/usr/lib/gcc/x86_64-pc-cygwin/11/include/c++/cwctype:83:11: error: 'wctype_t' has not been declared in '::'
   83 |   using ::wctype_t;
      |           ^~~~~~~~
/usr/lib/gcc/x86_64-pc-cygwin/11/include/c++/cwctype:84:11: error: 'wint_t' has not been declared in '::'
   84 |   using ::wint_t;
      |           ^~~~~~
/usr/lib/gcc/x86_64-pc-cygwin/11/include/c++/cwctype:101:11: error: 'towctrans' has not been declared in '::'
  101 |   using ::towctrans;
      |           ^~~~~~~~~
/usr/lib/gcc/x86_64-pc-cygwin/11/include/c++/cwctype:102:11: error: 'towlower' has not been declared in '::'
  102 |   using ::towlower;
      |           ^~~~~~~~
/usr/lib/gcc/x86_64-pc-cygwin/11/include/c++/cwctype:103:11: error: 'towupper' has not been declared in '::'
  103 |   using ::towupper;
      |           ^~~~~~~~
/usr/lib/gcc/x86_64-pc-cygwin/11/include/c++/cwctype:105:11: error: 'wctype' has not been declared in '::'
  105 |   using ::wctype;
      |           ^~~~~~
In file included from /usr/lib/gcc/x86_64-pc-cygwin/11/include/c++/bits/locale_facets.h:41,
                 from /usr/lib/gcc/x86_64-pc-cygwin/11/include/c++/bits/basic_ios.h:37,
                 from /usr/lib/gcc/x86_64-pc-cygwin/11/include/c++/ios:44,
                 from /usr/lib/gcc/x86_64-pc-cygwin/11/include/c++/ostream:38,
                 from /usr/lib/gcc/x86_64-pc-cygwin/11/include/c++/iostream:39,
                 from C:/Users/chang/OneDrive/Documents/GitHub/KataGo/cpp/core/../core/global.h:14,
                 from C:/Users/chang/OneDrive/Documents/GitHub/KataGo/cpp/core/global.cpp:1:
/usr/lib/gcc/x86_64-pc-cygwin/11/include/c++/x86_64-pc-cygwin/bits/ctype_base.h:44:35: error: '_U' was not declared in this scope
   44 |     static const mask upper     = _U;
      |                                   ^~
/usr/lib/gcc/x86_64-pc-cygwin/11/include/c++/x86_64-pc-cygwin/bits/ctype_base.h:45:35: error: '_L' was not declared in this scope
   45 |     static const mask lower     = _L;
      |                                   ^~
/usr/lib/gcc/x86_64-pc-cygwin/11/include/c++/x86_64-pc-cygwin/bits/ctype_base.h:46:35: error: '_U' was not declared in this scope
   46 |     static const mask alpha     = _U | _L;
      |                                   ^~
/usr/lib/gcc/x86_64-pc-cygwin/11/include/c++/x86_64-pc-cygwin/bits/ctype_base.h:46:40: error: '_L' was not declared in this scope
   46 |     static const mask alpha     = _U | _L;
      |                                        ^~
/usr/lib/gcc/x86_64-pc-cygwin/11/include/c++/x86_64-pc-cygwin/bits/ctype_base.h:47:35: error: '_N' was not declared in this scope
   47 |     static const mask digit     = _N;
      |                                   ^~
/usr/lib/gcc/x86_64-pc-cygwin/11/include/c++/x86_64-pc-cygwin/bits/ctype_base.h:48:35: error: '_X' was not declared in this scope
   48 |     static const mask xdigit    = _X | _N;
      |                                   ^~
/usr/lib/gcc/x86_64-pc-cygwin/11/include/c++/x86_64-pc-cygwin/bits/ctype_base.h:48:40: error: '_N' was not declared in this scope
   48 |     static const mask xdigit    = _X | _N;
      |                                        ^~
/usr/lib/gcc/x86_64-pc-cygwin/11/include/c++/x86_64-pc-cygwin/bits/ctype_base.h:49:35: error: '_S' was not declared in this scope
   49 |     static const mask space     = _S;
      |                                   ^~
/usr/lib/gcc/x86_64-pc-cygwin/11/include/c++/x86_64-pc-cygwin/bits/ctype_base.h:50:35: error: '_P' was not declared in this scope
   50 |     static const mask print     = _P | _U | _L | _N | _B;
      |                                   ^~
/usr/lib/gcc/x86_64-pc-cygwin/11/include/c++/x86_64-pc-cygwin/bits/ctype_base.h:50:40: error: '_U' was not declared in this scope
   50 |     static const mask print     = _P | _U | _L | _N | _B;
      |                                        ^~
/usr/lib/gcc/x86_64-pc-cygwin/11/include/c++/x86_64-pc-cygwin/bits/ctype_base.h:50:45: error: '_L' was not declared in this scope
   50 |     static const mask print     = _P | _U | _L | _N | _B;
      |                                             ^~
/usr/lib/gcc/x86_64-pc-cygwin/11/include/c++/x86_64-pc-cygwin/bits/ctype_base.h:50:50: error: '_N' was not declared in this scope
   50 |     static const mask print     = _P | _U | _L | _N | _B;
      |                                                  ^~
/usr/lib/gcc/x86_64-pc-cygwin/11/include/c++/x86_64-pc-cygwin/bits/ctype_base.h:50:55: error: '_B' was not declared in this scope
   50 |     static const mask print     = _P | _U | _L | _N | _B;
      |                                                       ^~
/usr/lib/gcc/x86_64-pc-cygwin/11/include/c++/x86_64-pc-cygwin/bits/ctype_base.h:51:35: error: '_P' was not declared in this scope
   51 |     static const mask graph     = _P | _U | _L | _N;
      |                                   ^~
/usr/lib/gcc/x86_64-pc-cygwin/11/include/c++/x86_64-pc-cygwin/bits/ctype_base.h:51:40: error: '_U' was not declared in this scope
   51 |     static const mask graph     = _P | _U | _L | _N;
      |                                        ^~
/usr/lib/gcc/x86_64-pc-cygwin/11/include/c++/x86_64-pc-cygwin/bits/ctype_base.h:51:45: error: '_L' was not declared in this scope
   51 |     static const mask graph     = _P | _U | _L | _N;
      |                                             ^~
/usr/lib/gcc/x86_64-pc-cygwin/11/include/c++/x86_64-pc-cygwin/bits/ctype_base.h:51:50: error: '_N' was not declared in this scope
   51 |     static const mask graph     = _P | _U | _L | _N;
      |                                                  ^~
/usr/lib/gcc/x86_64-pc-cygwin/11/include/c++/x86_64-pc-cygwin/bits/ctype_base.h:52:35: error: '_C' was not declared in this scope
   52 |     static const mask cntrl     = _C;
      |                                   ^~
/usr/lib/gcc/x86_64-pc-cygwin/11/include/c++/x86_64-pc-cygwin/bits/ctype_base.h:53:35: error: '_P' was not declared in this scope
   53 |     static const mask punct     = _P;
      |                                   ^~
/usr/lib/gcc/x86_64-pc-cygwin/11/include/c++/x86_64-pc-cygwin/bits/ctype_base.h:54:35: error: '_U' was not declared in this scope
   54 |     static const mask alnum     = _U | _L | _N;
      |                                   ^~
/usr/lib/gcc/x86_64-pc-cygwin/11/include/c++/x86_64-pc-cygwin/bits/ctype_base.h:54:40: error: '_L' was not declared in this scope
   54 |     static const mask alnum     = _U | _L | _N;
      |                                        ^~
/usr/lib/gcc/x86_64-pc-cygwin/11/include/c++/x86_64-pc-cygwin/bits/ctype_base.h:54:45: error: '_N' was not declared in this scope
   54 |     static const mask alnum     = _U | _L | _N;
      |                                             ^~
In file included from /usr/lib/gcc/x86_64-pc-cygwin/11/include/c++/bits/basic_ios.h:37,
                 from /usr/lib/gcc/x86_64-pc-cygwin/11/include/c++/ios:44,
                 from /usr/lib/gcc/x86_64-pc-cygwin/11/include/c++/ostream:38,
                 from /usr/lib/gcc/x86_64-pc-cygwin/11/include/c++/iostream:39,
                 from C:/Users/chang/OneDrive/Documents/GitHub/KataGo/cpp/core/../core/global.h:14,
                 from C:/Users/chang/OneDrive/Documents/GitHub/KataGo/cpp/core/global.cpp:1:
/usr/lib/gcc/x86_64-pc-cygwin/11/include/c++/bits/locale_facets.h:1195:15: error: 'wctype_t' does not name a type; did you mean 'ctype'?
 1195 |       typedef wctype_t          __wmask_type;
      |               ^~~~~~~~
      |               ctype
/usr/lib/gcc/x86_64-pc-cygwin/11/include/c++/bits/locale_facets.h:1203:7: error: 'wint_t' does not name a type; did you mean 'uint8_t'?
 1203 |       wint_t                    _M_widen[1 + static_cast<unsigned char>(-1)];
      |       ^~~~~~
      |       uint8_t
/usr/lib/gcc/x86_64-pc-cygwin/11/include/c++/bits/locale_facets.h:1207:7: error: '__wmask_type' does not name a type; did you mean '__false_type'?
 1207 |       __wmask_type              _M_wmask[16];
      |       ^~~~~~~~~~~~
      |       __false_type
/usr/lib/gcc/x86_64-pc-cygwin/11/include/c++/bits/locale_facets.h:1236:7: error: '__wmask_type' does not name a type; did you mean '__false_type'?
 1236 |       __wmask_type
      |       ^~~~~~~~~~~~
      |       __false_type
In file included from /usr/lib/gcc/x86_64-pc-cygwin/11/include/c++/ios:44,
                 from /usr/lib/gcc/x86_64-pc-cygwin/11/include/c++/ostream:38,
                 from /usr/lib/gcc/x86_64-pc-cygwin/11/include/c++/iostream:39,
                 from C:/Users/chang/OneDrive/Documents/GitHub/KataGo/cpp/core/../core/global.h:14,
                 from C:/Users/chang/OneDrive/Documents/GitHub/KataGo/cpp/core/global.cpp:1:
/usr/lib/gcc/x86_64-pc-cygwin/11/include/c++/bits/basic_ios.h: In instantiation of 'class std::basic_ios<wchar_t>':
/usr/lib/gcc/x86_64-pc-cygwin/11/include/c++/bits/basic_ios.tcc:181:25:   required from here
/usr/lib/gcc/x86_64-pc-cygwin/11/include/c++/bits/basic_ios.h:77:54: error: no type named 'int_type' in 'struct std::char_traits<wchar_t>'
   77 |       typedef typename _Traits::int_type             int_type;
      |                                                      ^~~~~~~~
In file included from /usr/lib/gcc/x86_64-pc-cygwin/11/include/c++/iostream:39,
                 from C:/Users/chang/OneDrive/Documents/GitHub/KataGo/cpp/core/../core/global.h:14,
                 from C:/Users/chang/OneDrive/Documents/GitHub/KataGo/cpp/core/global.cpp:1:
/usr/lib/gcc/x86_64-pc-cygwin/11/include/c++/ostream: In instantiation of 'class std::basic_ostream<wchar_t>':
/usr/lib/gcc/x86_64-pc-cygwin/11/include/c++/bits/ostream.tcc:382:25:   required from here
/usr/lib/gcc/x86_64-pc-cygwin/11/include/c++/ostream:63:57: error: no type named 'int_type' in 'struct std::char_traits<wchar_t>'
   63 |       typedef typename _Traits::int_type                int_type;
      |                                                         ^~~~~~~~
In file included from /usr/lib/gcc/x86_64-pc-cygwin/11/include/c++/iostream:40,
                 from C:/Users/chang/OneDrive/Documents/GitHub/KataGo/cpp/core/../core/global.h:14,
                 from C:/Users/chang/OneDrive/Documents/GitHub/KataGo/cpp/core/global.cpp:1:
/usr/lib/gcc/x86_64-pc-cygwin/11/include/c++/istream: In instantiation of 'class std::basic_istream<wchar_t>':
/usr/lib/gcc/x86_64-pc-cygwin/11/include/c++/istream:663:27:   required from here
/usr/lib/gcc/x86_64-pc-cygwin/11/include/c++/istream:63:57: error: no type named 'int_type' in 'struct std::char_traits<wchar_t>'
   63 |       typedef typename _Traits::int_type                int_type;
      |                                                         ^~~~~~~~
/usr/lib/gcc/x86_64-pc-cygwin/11/include/c++/istream:673:5: error: template-id 'ignore<>' for 'std::basic_istream<wchar_t>& std::basic_istream<wchar_t>::ignore(...)' does not match any template declaration
  673 |     basic_istream<wchar_t>::
      |     ^~~~~~~~~~~~~~~~~~~~~~
/usr/lib/gcc/x86_64-pc-cygwin/11/include/c++/istream:457:7: note: candidates are: 'std::basic_istream<_CharT, _Traits>::__istream_type& std::basic_istream<_CharT, _Traits>::ignore() [with _CharT = wchar_t; _Traits = std::char_traits<wchar_t>; std::basic_istream<_CharT, _Traits>::__istream_type = std::basic_istream<wchar_t>]'
  457 |       ignore();
      |       ^~~~~~
/usr/lib/gcc/x86_64-pc-cygwin/11/include/c++/istream:668:5: note:                 'std::basic_istream<_CharT, _Traits>::__istream_type& std::basic_istream<_CharT, _Traits>::ignore(std::streamsize) [with _CharT = wchar_t; _Traits = std::char_traits<wchar_t>; std::basic_istream<_CharT, _Traits>::__istream_type = std::basic_istream<wchar_t>; std::streamsize = long int]'
  668 |     basic_istream<wchar_t>::
      |     ^~~~~~~~~~~~~~~~~~~~~~
/usr/lib/gcc/x86_64-pc-cygwin/11/include/c++/istream: In instantiation of 'class std::basic_istream<wchar_t>::sentry':
/usr/lib/gcc/x86_64-pc-cygwin/11/include/c++/bits/istream.tcc:1100:25:   required from here
/usr/lib/gcc/x86_64-pc-cygwin/11/include/c++/istream:697:57: error: no type named 'int_type' in 'struct std::char_traits<wchar_t>'
  697 |       typedef typename _Traits::int_type                __int_type;
      |                                                         ^~~~~~~~~~
/usr/lib/gcc/x86_64-pc-cygwin/11/include/c++/istream: In instantiation of 'class std::basic_iostream<wchar_t>':
/usr/lib/gcc/x86_64-pc-cygwin/11/include/c++/bits/istream.tcc:1119:25:   required from here
/usr/lib/gcc/x86_64-pc-cygwin/11/include/c++/istream:899:57: error: no type named 'int_type' in 'struct std::char_traits<wchar_t>'
  899 |       typedef typename _Traits::int_type                int_type;
      |                                                         ^~~~~~~~
In file included from /usr/lib/gcc/x86_64-pc-cygwin/11/include/c++/memory:72,
                 from C:/Users/chang/OneDrive/Documents/GitHub/KataGo/cpp/core/../core/global.h:22,
                 from C:/Users/chang/OneDrive/Documents/GitHub/KataGo/cpp/core/global.cpp:1:
/usr/lib/gcc/x86_64-pc-cygwin/11/include/c++/bits/align.h: In function 'void* std::align(std::size_t, std::size_t, void*&, std::size_t&)':
/usr/lib/gcc/x86_64-pc-cygwin/11/include/c++/bits/align.h:66:42: error: 'uintptr_t' does not name a type
   66 |   const auto __intptr = reinterpret_cast<uintptr_t>(__ptr);
      |                                          ^~~~~~~~~
/usr/lib/gcc/x86_64-pc-cygwin/11/include/c++/bits/align.h:36:1: note: 'uintptr_t' is defined in header '<cstdint>'; did you forget to '#include <cstdint>'?
   35 | #include <bit>          // std::has_single_bit
  +++ |+#include <cstdint>
   36 | #include <stdint.h>     // uintptr_t
In file included from /usr/lib/gcc/x86_64-pc-cygwin/11/include/c++/bits/shared_ptr_base.h:62,
                 from /usr/lib/gcc/x86_64-pc-cygwin/11/include/c++/bits/shared_ptr.h:53,
                 from /usr/lib/gcc/x86_64-pc-cygwin/11/include/c++/memory:77,
                 from C:/Users/chang/OneDrive/Documents/GitHub/KataGo/cpp/core/../core/global.h:22,
                 from C:/Users/chang/OneDrive/Documents/GitHub/KataGo/cpp/core/global.cpp:1:
/usr/lib/gcc/x86_64-pc-cygwin/11/include/c++/ext/concurrence.h: At global scope:
/usr/lib/gcc/x86_64-pc-cygwin/11/include/c++/ext/concurrence.h:121:5: error: '__gthread_mutex_t' does not name a type; did you mean '__gthread_time_t'?
  121 |     __gthread_mutex_t _M_mutex;
      |     ^~~~~~~~~~~~~~~~~
      |     __gthread_time_t
/usr/lib/gcc/x86_64-pc-cygwin/11/include/c++/ext/concurrence.h:166:5: error: '__gthread_mutex_t' does not name a type; did you mean '__gthread_time_t'?
  166 |     __gthread_mutex_t* gthread_mutex(void)
      |     ^~~~~~~~~~~~~~~~~
      |     __gthread_time_t
/usr/lib/gcc/x86_64-pc-cygwin/11/include/c++/ext/concurrence.h: In constructor '__gnu_cxx::__mutex::__mutex()':
/usr/lib/gcc/x86_64-pc-cygwin/11/include/c++/ext/concurrence.h:132:40: error: '_M_mutex' was not declared in this scope; did you mean '__mutex'?
  132 |         __GTHREAD_MUTEX_INIT_FUNCTION(&_M_mutex);
      |                                        ^~~~~~~~
      |                                        __mutex
In file included from /usr/lib/gcc/x86_64-pc-cygwin/11/include/c++/x86_64-pc-cygwin/bits/gthr.h:148,
                 from /usr/lib/gcc/x86_64-pc-cygwin/11/include/c++/ext/atomicity.h:35,
                 from /usr/lib/gcc/x86_64-pc-cygwin/11/include/c++/bits/ios_base.h:39,
                 from /usr/lib/gcc/x86_64-pc-cygwin/11/include/c++/ios:42,
                 from /usr/lib/gcc/x86_64-pc-cygwin/11/include/c++/ostream:38,
                 from /usr/lib/gcc/x86_64-pc-cygwin/11/include/c++/iostream:39,
                 from C:/Users/chang/OneDrive/Documents/GitHub/KataGo/cpp/core/../core/global.h:14,
                 from C:/Users/chang/OneDrive/Documents/GitHub/KataGo/cpp/core/global.cpp:1:
/usr/lib/gcc/x86_64-pc-cygwin/11/include/c++/ext/concurrence.h:132:9: error: '__gthread_mutex_init_function' was not declared in this scope; did you mean '__gthread_recursive_mutex_init_function'?
  132 |         __GTHREAD_MUTEX_INIT_FUNCTION(&_M_mutex);
      |         ^~~~~~~~~~~~~~~~~~~~~~~~~~~~~
In file included from /usr/lib/gcc/x86_64-pc-cygwin/11/include/c++/bits/shared_ptr_base.h:62,
                 from /usr/lib/gcc/x86_64-pc-cygwin/11/include/c++/bits/shared_ptr.h:53,
                 from /usr/lib/gcc/x86_64-pc-cygwin/11/include/c++/memory:77,
                 from C:/Users/chang/OneDrive/Documents/GitHub/KataGo/cpp/core/../core/global.h:22,
                 from C:/Users/chang/OneDrive/Documents/GitHub/KataGo/cpp/core/global.cpp:1:
/usr/lib/gcc/x86_64-pc-cygwin/11/include/c++/ext/concurrence.h: In destructor '__gnu_cxx::__mutex::~__mutex()':
/usr/lib/gcc/x86_64-pc-cygwin/11/include/c++/ext/concurrence.h:140:34: error: '_M_mutex' was not declared in this scope; did you mean '__mutex'?
  140 |         __gthread_mutex_destroy(&_M_mutex);
      |                                  ^~~~~~~~
      |                                  __mutex
/usr/lib/gcc/x86_64-pc-cygwin/11/include/c++/ext/concurrence.h:140:42: error: '__gthread_mutex_destroy' cannot be used as a function
  140 |         __gthread_mutex_destroy(&_M_mutex);
      |                                          ^
/usr/lib/gcc/x86_64-pc-cygwin/11/include/c++/ext/concurrence.h: In member function 'void __gnu_cxx::__mutex::lock()':
/usr/lib/gcc/x86_64-pc-cygwin/11/include/c++/ext/concurrence.h:149:37: error: '_M_mutex' was not declared in this scope; did you mean '__mutex'?
  149 |           if (__gthread_mutex_lock(&_M_mutex) != 0)
      |                                     ^~~~~~~~
      |                                     __mutex
/usr/lib/gcc/x86_64-pc-cygwin/11/include/c++/ext/concurrence.h:149:45: error: '__gthread_mutex_lock' cannot be used as a function
  149 |           if (__gthread_mutex_lock(&_M_mutex) != 0)
      |                                             ^
/usr/lib/gcc/x86_64-pc-cygwin/11/include/c++/ext/concurrence.h: In member function 'void __gnu_cxx::__mutex::unlock()':
/usr/lib/gcc/x86_64-pc-cygwin/11/include/c++/ext/concurrence.h:160:39: error: '_M_mutex' was not declared in this scope; did you mean '__mutex'?
  160 |           if (__gthread_mutex_unlock(&_M_mutex) != 0)
      |                                       ^~~~~~~~
      |                                       __mutex
/usr/lib/gcc/x86_64-pc-cygwin/11/include/c++/ext/concurrence.h:160:47: error: '__gthread_mutex_unlock' cannot be used as a function
  160 |           if (__gthread_mutex_unlock(&_M_mutex) != 0)
      |                                               ^
/usr/lib/gcc/x86_64-pc-cygwin/11/include/c++/ext/concurrence.h: At global scope:
/usr/lib/gcc/x86_64-pc-cygwin/11/include/c++/ext/concurrence.h:174:5: error: '__gthread_recursive_mutex_t' does not name a type
  174 |     __gthread_recursive_mutex_t _M_mutex = __GTHREAD_RECURSIVE_MUTEX_INIT;
      |     ^~~~~~~~~~~~~~~~~~~~~~~~~~~
/usr/lib/gcc/x86_64-pc-cygwin/11/include/c++/ext/concurrence.h:221:5: error: '__gthread_recursive_mutex_t' does not name a type
  221 |     __gthread_recursive_mutex_t* gthread_recursive_mutex(void)
      |     ^~~~~~~~~~~~~~~~~~~~~~~~~~~
/usr/lib/gcc/x86_64-pc-cygwin/11/include/c++/ext/concurrence.h: In member function 'void __gnu_cxx::__recursive_mutex::lock()':
/usr/lib/gcc/x86_64-pc-cygwin/11/include/c++/ext/concurrence.h:204:47: error: '_M_mutex' was not declared in this scope; did you mean '__mutex'?
  204 |           if (__gthread_recursive_mutex_lock(&_M_mutex) != 0)
      |                                               ^~~~~~~~
      |                                               __mutex
/usr/lib/gcc/x86_64-pc-cygwin/11/include/c++/ext/concurrence.h:204:55: error: '__gthread_recursive_mutex_lock' cannot be used as a function
  204 |           if (__gthread_recursive_mutex_lock(&_M_mutex) != 0)
      |                                                       ^
/usr/lib/gcc/x86_64-pc-cygwin/11/include/c++/ext/concurrence.h: In member function 'void __gnu_cxx::__recursive_mutex::unlock()':
/usr/lib/gcc/x86_64-pc-cygwin/11/include/c++/ext/concurrence.h:215:49: error: '_M_mutex' was not declared in this scope; did you mean '__mutex'?
  215 |           if (__gthread_recursive_mutex_unlock(&_M_mutex) != 0)
      |                                                 ^~~~~~~~
      |                                                 __mutex
/usr/lib/gcc/x86_64-pc-cygwin/11/include/c++/ext/concurrence.h:215:57: error: '__gthread_recursive_mutex_unlock' cannot be used as a function
  215 |           if (__gthread_recursive_mutex_unlock(&_M_mutex) != 0)
      |                                                         ^
/usr/lib/gcc/x86_64-pc-cygwin/11/include/c++/ext/concurrence.h: At global scope:
/usr/lib/gcc/x86_64-pc-cygwin/11/include/c++/ext/concurrence.h:252:5: error: '__gthread_cond_t' does not name a type; did you mean '__gthread_once_t'?
  252 |     __gthread_cond_t _M_cond = __GTHREAD_COND_INIT;
      |     ^~~~~~~~~~~~~~~~
      |     __gthread_once_t
/usr/lib/gcc/x86_64-pc-cygwin/11/include/c++/ext/concurrence.h: In member function 'void __gnu_cxx::__cond::broadcast()':
/usr/lib/gcc/x86_64-pc-cygwin/11/include/c++/ext/concurrence.h:282:41: error: '_M_cond' was not declared in this scope; did you mean '__cond'?
  282 |           if (__gthread_cond_broadcast(&_M_cond) != 0)
      |                                         ^~~~~~~
      |                                         __cond
/usr/lib/gcc/x86_64-pc-cygwin/11/include/c++/ext/concurrence.h:282:48: error: '__gthread_cond_broadcast' cannot be used as a function
  282 |           if (__gthread_cond_broadcast(&_M_cond) != 0)
      |                                                ^
/usr/lib/gcc/x86_64-pc-cygwin/11/include/c++/ext/concurrence.h: In member function 'void __gnu_cxx::__cond::wait(__gnu_cxx::__mutex*)':
/usr/lib/gcc/x86_64-pc-cygwin/11/include/c++/ext/concurrence.h:292:36: error: '_M_cond' was not declared in this scope; did you mean '__cond'?
  292 |           if (__gthread_cond_wait(&_M_cond, mutex->gthread_mutex()) != 0)
      |                                    ^~~~~~~
      |                                    __cond
/usr/lib/gcc/x86_64-pc-cygwin/11/include/c++/ext/concurrence.h:292:52: error: 'class __gnu_cxx::__mutex' has no member named 'gthread_mutex'
  292 |           if (__gthread_cond_wait(&_M_cond, mutex->gthread_mutex()) != 0)
      |                                                    ^~~~~~~~~~~~~
/usr/lib/gcc/x86_64-pc-cygwin/11/include/c++/ext/concurrence.h:292:67: error: '__gthread_cond_wait' cannot be used as a function
  292 |           if (__gthread_cond_wait(&_M_cond, mutex->gthread_mutex()) != 0)
      |                                                                   ^
/usr/lib/gcc/x86_64-pc-cygwin/11/include/c++/ext/concurrence.h: In member function 'void __gnu_cxx::__cond::wait_recursive(__gnu_cxx::__recursive_mutex*)':
/usr/lib/gcc/x86_64-pc-cygwin/11/include/c++/ext/concurrence.h:302:46: error: '_M_cond' was not declared in this scope; did you mean '__cond'?
  302 |           if (__gthread_cond_wait_recursive(&_M_cond,
      |                                              ^~~~~~~
      |                                              __cond
/usr/lib/gcc/x86_64-pc-cygwin/11/include/c++/ext/concurrence.h:303:52: error: 'class __gnu_cxx::__recursive_mutex' has no member named 'gthread_recursive_mutex'; did you mean '__recursive_mutex'?
  303 |                                             mutex->gthread_recursive_mutex())
      |                                                    ^~~~~~~~~~~~~~~~~~~~~~~
      |                                                    __recursive_mutex
/usr/lib/gcc/x86_64-pc-cygwin/11/include/c++/ext/concurrence.h:303:77: error: '__gthread_cond_wait_recursive' cannot be used as a function
  303 |                                             mutex->gthread_recursive_mutex())
      |                                                                             ^
In file included from /usr/lib/gcc/x86_64-pc-cygwin/11/include/c++/chrono:42,
                 from C:/Users/chang/OneDrive/Documents/GitHub/KataGo/cpp/core/global.cpp:9:
/usr/lib/gcc/x86_64-pc-cygwin/11/include/c++/ctime: At global scope:
/usr/lib/gcc/x86_64-pc-cygwin/11/include/c++/ctime:61:11: error: 'time_t' has not been declared in '::'
   61 |   using ::time_t;
      |           ^~~~~~
/usr/lib/gcc/x86_64-pc-cygwin/11/include/c++/ctime:66:11: error: 'mktime' has not been declared in '::'
   66 |   using ::mktime;
      |           ^~~~~~
/usr/lib/gcc/x86_64-pc-cygwin/11/include/c++/ctime:67:11: error: 'time' has not been declared in '::'
   67 |   using ::time;
      |           ^~~~
In file included from C:/Users/chang/OneDrive/Documents/GitHub/KataGo/cpp/core/global.cpp:9:
/usr/lib/gcc/x86_64-pc-cygwin/11/include/c++/chrono:1142:19: error: 'time_t' in namespace 'std' does not name a type; did you mean 'time_put'?
 1142 |       static std::time_t
      |                   ^~~~~~
      |                   time_put
/usr/lib/gcc/x86_64-pc-cygwin/11/include/c++/chrono:1150:24: error: 'std::time_t' has not been declared
 1150 |       from_time_t(std::time_t __t) noexcept
      |                        ^~~~~~
In file included from /usr/lib/gcc/x86_64-pc-cygwin/11/include/c++/x86_64-pc-cygwin/bits/basic_file.h:40,
                 from /usr/lib/gcc/x86_64-pc-cygwin/11/include/c++/fstream:42,
                 from C:/Users/chang/OneDrive/Documents/GitHub/KataGo/cpp/core/global.cpp:14:
/usr/lib/gcc/x86_64-pc-cygwin/11/include/c++/x86_64-pc-cygwin/bits/c++io.h:42:11: error: '__gthread_mutex_t' does not name a type; did you mean '__gthread_time_t'?
   42 |   typedef __gthread_mutex_t __c_lock;
      |           ^~~~~~~~~~~~~~~~~
      |           __gthread_time_t
In file included from /usr/lib/gcc/x86_64-pc-cygwin/11/include/c++/fstream:42,
                 from C:/Users/chang/OneDrive/Documents/GitHub/KataGo/cpp/core/global.cpp:14:
/usr/lib/gcc/x86_64-pc-cygwin/11/include/c++/x86_64-pc-cygwin/bits/basic_file.h:63:28: error: expected ')' before '*' token
   63 |       __basic_file(__c_lock* __lock = 0) throw ();
      |                   ~        ^
      |                            )
/usr/lib/gcc/x86_64-pc-cygwin/11/include/c++/x86_64-pc-cygwin/bits/basic_file.h:66:41: error: '__c_lock' has not been declared
   66 |       __basic_file(__basic_file&& __rv, __c_lock* = 0) noexcept
      |                                         ^~~~~~~~
In file included from C:/Users/chang/OneDrive/Documents/GitHub/KataGo/cpp/core/global.cpp:14:
/usr/lib/gcc/x86_64-pc-cygwin/11/include/c++/fstream:120:7: error: '__c_lock' does not name a type; did you mean '__c_locale'?
  120 |       __c_lock                  _M_lock;
      |       ^~~~~~~~
      |       __c_locale
In file included from /usr/lib/gcc/x86_64-pc-cygwin/11/include/c++/fstream:1298,
                 from C:/Users/chang/OneDrive/Documents/GitHub/KataGo/cpp/core/global.cpp:14:
/usr/lib/gcc/x86_64-pc-cygwin/11/include/c++/bits/fstream.tcc: In constructor 'std::basic_filebuf<_CharT, _Traits>::basic_filebuf()':
/usr/lib/gcc/x86_64-pc-cygwin/11/include/c++/bits/fstream.tcc:81:43: error: class 'std::basic_filebuf<_CharT, _Traits>' does not have any field named '_M_lock'
   81 |     basic_filebuf() : __streambuf_type(), _M_lock(), _M_file(&_M_lock),
      |                                           ^~~~~~~
/usr/lib/gcc/x86_64-pc-cygwin/11/include/c++/bits/fstream.tcc:81:63: error: '_M_lock' was not declared in this scope; did you mean 'clock'?
   81 |     basic_filebuf() : __streambuf_type(), _M_lock(), _M_file(&_M_lock),
      |                                                               ^~~~~~~
      |                                                               clock
/usr/lib/gcc/x86_64-pc-cygwin/11/include/c++/bits/fstream.tcc: In constructor 'std::basic_filebuf<_CharT, _Traits>::basic_filebuf(std::basic_filebuf<_CharT, _Traits>&&)':
/usr/lib/gcc/x86_64-pc-cygwin/11/include/c++/bits/fstream.tcc:98:5: error: class 'std::basic_filebuf<_CharT, _Traits>' does not have any field named '_M_lock'
   98 |     _M_lock(), _M_file(std::move(__rhs._M_file), &_M_lock),
      |     ^~~~~~~
/usr/lib/gcc/x86_64-pc-cygwin/11/include/c++/bits/fstream.tcc:98:51: error: '_M_lock' was not declared in this scope; did you mean 'clock'?
   98 |     _M_lock(), _M_file(std::move(__rhs._M_file), &_M_lock),
      |                                                   ^~~~~~~
      |                                                   clock
In file included from /usr/x86_64-w64-mingw32/sys-root/mingw/include/_cygwin.h:14,
                 from C:/cygwin64/usr/x86_64-w64-mingw32/sys-root/mingw/include/_mingw.h:15,
                 from C:/cygwin64/usr/x86_64-w64-mingw32/sys-root/mingw/include/corecrt.h:10,
                 from C:/cygwin64/usr/x86_64-w64-mingw32/sys-root/mingw/include/crtdefs.h:10,
                 from C:/cygwin64/usr/x86_64-w64-mingw32/sys-root/mingw/include/stddef.h:7,
                 from /usr/include/stdlib.h:16,
                 from /usr/lib/gcc/x86_64-pc-cygwin/11/include/c++/cstdlib:75,
                 from /usr/lib/gcc/x86_64-pc-cygwin/11/include/c++/bits/stl_algo.h:59,
                 from /usr/lib/gcc/x86_64-pc-cygwin/11/include/c++/algorithm:62,
                 from C:/Users/chang/OneDrive/Documents/GitHub/KataGo/cpp/core/../core/global.h:11,
                 from C:/Users/chang/OneDrive/Documents/GitHub/KataGo/cpp/core/global.cpp:1:
/usr/lib/gcc/x86_64-pc-cygwin/11/include/c++/bits/fstream.tcc: In member function 'virtual std::basic_filebuf<_CharT, _Traits>::int_type std::basic_filebuf<_CharT, _Traits>::underflow()':
/usr/lib/gcc/x86_64-pc-cygwin/11/include/c++/bits/fstream.tcc:475:60: error: there are no arguments to '_errno' that depend on a template parameter, so a declaration of '_errno' must be available [-fpermissive]
  475 |                                 "error reading the file"), errno);
      |                                                            ^~~~~
/usr/lib/gcc/x86_64-pc-cygwin/11/include/c++/bits/fstream.tcc: In member function 'virtual std::streamsize std::basic_filebuf<_CharT, _Traits>::xsgetn(_CharT*, std::streamsize)':
/usr/lib/gcc/x86_64-pc-cygwin/11/include/c++/bits/fstream.tcc:721:68: error: there are no arguments to '_errno' that depend on a template parameter, so a declaration of '_errno' must be available [-fpermissive]
  721 |                                         "error reading the file"), errno);
      |                                                                    ^~~~~
In file included from C:/Users/chang/OneDrive/Documents/GitHub/KataGo/cpp/core/global.cpp:14:
/usr/lib/gcc/x86_64-pc-cygwin/11/include/c++/fstream: In instantiation of 'class std::basic_filebuf<wchar_t>':
/usr/lib/gcc/x86_64-pc-cygwin/11/include/c++/bits/fstream.tcc:1092:25:   required from here
/usr/lib/gcc/x86_64-pc-cygwin/11/include/c++/fstream:105:57: error: no type named 'int_type' in 'std::basic_filebuf<wchar_t>::traits_type' {aka 'struct std::char_traits<wchar_t>'}
  105 |       typedef typename traits_type::int_type            int_type;
      |                                                         ^~~~~~~~
/usr/lib/gcc/x86_64-pc-cygwin/11/include/c++/fstream: In instantiation of 'class std::basic_ifstream<wchar_t>':
/usr/lib/gcc/x86_64-pc-cygwin/11/include/c++/bits/fstream.tcc:1093:25:   required from here
/usr/lib/gcc/x86_64-pc-cygwin/11/include/c++/fstream:503:57: error: no type named 'int_type' in 'std::basic_ifstream<wchar_t>::traits_type' {aka 'struct std::char_traits<wchar_t>'}
  503 |       typedef typename traits_type::int_type            int_type;
      |                                                         ^~~~~~~~
/usr/lib/gcc/x86_64-pc-cygwin/11/include/c++/fstream: In instantiation of 'class std::basic_ofstream<wchar_t>':
/usr/lib/gcc/x86_64-pc-cygwin/11/include/c++/bits/fstream.tcc:1094:25:   required from here
/usr/lib/gcc/x86_64-pc-cygwin/11/include/c++/fstream:764:57: error: no type named 'int_type' in 'std::basic_ofstream<wchar_t>::traits_type' {aka 'struct std::char_traits<wchar_t>'}
  764 |       typedef typename traits_type::int_type            int_type;
      |                                                         ^~~~~~~~
/usr/lib/gcc/x86_64-pc-cygwin/11/include/c++/fstream: In instantiation of 'class std::basic_fstream<wchar_t>':
/usr/lib/gcc/x86_64-pc-cygwin/11/include/c++/bits/fstream.tcc:1095:25:   required from here
/usr/lib/gcc/x86_64-pc-cygwin/11/include/c++/fstream:1027:57: error: no type named 'int_type' in 'std::basic_fstream<wchar_t>::traits_type' {aka 'struct std::char_traits<wchar_t>'}
 1027 |       typedef typename traits_type::int_type            int_type;
      |                                                         ^~~~~~~~
In file included from /usr/lib/gcc/x86_64-pc-cygwin/11/include/c++/bits/quoted_string.h:38,
                 from /usr/lib/gcc/x86_64-pc-cygwin/11/include/c++/iomanip:45,
                 from C:/Users/chang/OneDrive/Documents/GitHub/KataGo/cpp/core/global.cpp:16:
/usr/lib/gcc/x86_64-pc-cygwin/11/include/c++/sstream: In instantiation of 'class std::basic_stringbuf<wchar_t>':
/usr/lib/gcc/x86_64-pc-cygwin/11/include/c++/bits/sstream.tcc:297:25:   required from here
/usr/lib/gcc/x86_64-pc-cygwin/11/include/c++/sstream:90:57: error: no type named 'int_type' in 'std::basic_stringbuf<wchar_t>::traits_type' {aka 'struct std::char_traits<wchar_t>'}
   90 |       typedef typename traits_type::int_type            int_type;
      |                                                         ^~~~~~~~
/usr/lib/gcc/x86_64-pc-cygwin/11/include/c++/sstream: In instantiation of 'class std::basic_istringstream<wchar_t>':
/usr/lib/gcc/x86_64-pc-cygwin/11/include/c++/bits/sstream.tcc:298:25:   required from here
/usr/lib/gcc/x86_64-pc-cygwin/11/include/c++/sstream:546:57: error: no type named 'int_type' in 'std::basic_istringstream<wchar_t>::traits_type' {aka 'struct std::char_traits<wchar_t>'}
  546 |       typedef typename traits_type::int_type            int_type;
      |                                                         ^~~~~~~~
/usr/lib/gcc/x86_64-pc-cygwin/11/include/c++/sstream: In instantiation of 'class std::basic_ostringstream<wchar_t>':
/usr/lib/gcc/x86_64-pc-cygwin/11/include/c++/bits/sstream.tcc:299:25:   required from here
/usr/lib/gcc/x86_64-pc-cygwin/11/include/c++/sstream:767:57: error: no type named 'int_type' in 'std::basic_ostringstream<wchar_t>::traits_type' {aka 'struct std::char_traits<wchar_t>'}
  767 |       typedef typename traits_type::int_type            int_type;
      |                                                         ^~~~~~~~
/usr/lib/gcc/x86_64-pc-cygwin/11/include/c++/sstream: In instantiation of 'class std::basic_stringstream<wchar_t>':
/usr/lib/gcc/x86_64-pc-cygwin/11/include/c++/bits/sstream.tcc:300:25:   required from here
/usr/lib/gcc/x86_64-pc-cygwin/11/include/c++/sstream:988:57: error: no type named 'int_type' in 'std::basic_stringstream<wchar_t>::traits_type' {aka 'struct std::char_traits<wchar_t>'}
  988 |       typedef typename traits_type::int_type            int_type;
      |                                                         ^~~~~~~~
In file included from /usr/x86_64-w64-mingw32/sys-root/mingw/include/_cygwin.h:14,
                 from C:/cygwin64/usr/x86_64-w64-mingw32/sys-root/mingw/include/_mingw.h:15,
                 from C:/cygwin64/usr/x86_64-w64-mingw32/sys-root/mingw/include/corecrt.h:10,
                 from C:/cygwin64/usr/x86_64-w64-mingw32/sys-root/mingw/include/crtdefs.h:10,
                 from C:/cygwin64/usr/x86_64-w64-mingw32/sys-root/mingw/include/stddef.h:7,
                 from /usr/include/stdlib.h:16,
                 from /usr/lib/gcc/x86_64-pc-cygwin/11/include/c++/cstdlib:75,
                 from /usr/lib/gcc/x86_64-pc-cygwin/11/include/c++/bits/stl_algo.h:59,
                 from /usr/lib/gcc/x86_64-pc-cygwin/11/include/c++/algorithm:62,
                 from C:/Users/chang/OneDrive/Documents/GitHub/KataGo/cpp/core/../core/global.h:11,
                 from C:/Users/chang/OneDrive/Documents/GitHub/KataGo/cpp/core/global.cpp:1:
/usr/lib/gcc/x86_64-pc-cygwin/11/include/c++/ext/string_conversions.h: In instantiation of '__gnu_cxx::__stoa(_TRet (*)(const _CharT*, _CharT**, _Base ...), const char*, const _CharT*, std::size_t*, _Base ...)::_Save_errno::_Save_errno() [with _TRet = long int; _Ret = int; _CharT = char; _Base = {int}]':
/usr/lib/gcc/x86_64-pc-cygwin/11/include/c++/ext/string_conversions.h:66:7:   required from '_Ret __gnu_cxx::__stoa(_TRet (*)(const _CharT*, _CharT**, _Base ...), const char*, const _CharT*, std::size_t*, _Base ...) [with _TRet = long int; _Ret = int; _CharT = char; _Base = {int}; std::size_t = long unsigned int]'
/usr/lib/gcc/x86_64-pc-cygwin/11/include/c++/bits/basic_string.h:6620:40:   required from here
/usr/lib/gcc/x86_64-pc-cygwin/11/include/c++/ext/string_conversions.h:63:34: error: '_errno' was not declared in this scope; did you mean 'errno'?
   63 |         _Save_errno() : _M_errno(errno) { errno = 0; }
      |                                  ^~~~~
/usr/lib/gcc/x86_64-pc-cygwin/11/include/c++/ext/string_conversions.h: In instantiation of '_Ret __gnu_cxx::__stoa(_TRet (*)(const _CharT*, _CharT**, _Base ...), const char*, const _CharT*, std::size_t*, _Base ...) [with _TRet = long int; _Ret = int; _CharT = char; _Base = {int}; std::size_t = long unsigned int]':
/usr/lib/gcc/x86_64-pc-cygwin/11/include/c++/bits/basic_string.h:6620:40:   required from here
/usr/lib/gcc/x86_64-pc-cygwin/11/include/c++/ext/string_conversions.h:84:16: error: '_errno' was not declared in this scope; did you mean 'errno'?
   84 |       else if (errno == ERANGE
      |                ^~~~~
/usr/lib/gcc/x86_64-pc-cygwin/11/include/c++/ext/string_conversions.h: In instantiation of '__gnu_cxx::__stoa(_TRet (*)(const _CharT*, _CharT**, _Base ...), const char*, const _CharT*, std::size_t*, _Base ...)::_Save_errno::_Save_errno() [with _TRet = long int; _Ret = long int; _CharT = char; _Base = {int}]':
/usr/lib/gcc/x86_64-pc-cygwin/11/include/c++/ext/string_conversions.h:66:7:   required from '_Ret __gnu_cxx::__stoa(_TRet (*)(const _CharT*, _CharT**, _Base ...), const char*, const _CharT*, std::size_t*, _Base ...) [with _TRet = long int; _Ret = long int; _CharT = char; _Base = {int}; std::size_t = long unsigned int]'
/usr/lib/gcc/x86_64-pc-cygwin/11/include/c++/bits/basic_string.h:6625:29:   required from here
/usr/lib/gcc/x86_64-pc-cygwin/11/include/c++/ext/string_conversions.h:63:34: error: '_errno' was not declared in this scope; did you mean 'errno'?
   63 |         _Save_errno() : _M_errno(errno) { errno = 0; }
      |                                  ^~~~~
/usr/lib/gcc/x86_64-pc-cygwin/11/include/c++/ext/string_conversions.h: In instantiation of '_Ret __gnu_cxx::__stoa(_TRet (*)(const _CharT*, _CharT**, _Base ...), const char*, const _CharT*, std::size_t*, _Base ...) [with _TRet = long int; _Ret = long int; _CharT = char; _Base = {int}; std::size_t = long unsigned int]':
/usr/lib/gcc/x86_64-pc-cygwin/11/include/c++/bits/basic_string.h:6625:29:   required from here
/usr/lib/gcc/x86_64-pc-cygwin/11/include/c++/ext/string_conversions.h:84:16: error: '_errno' was not declared in this scope; did you mean 'errno'?
   84 |       else if (errno == ERANGE
      |                ^~~~~
/usr/lib/gcc/x86_64-pc-cygwin/11/include/c++/ext/string_conversions.h: In instantiation of '__gnu_cxx::__stoa(_TRet (*)(const _CharT*, _CharT**, _Base ...), const char*, const _CharT*, std::size_t*, _Base ...)::_Save_errno::_Save_errno() [with _TRet = long unsigned int; _Ret = long unsigned int; _CharT = char; _Base = {int}]':
/usr/lib/gcc/x86_64-pc-cygwin/11/include/c++/ext/string_conversions.h:66:7:   required from '_Ret __gnu_cxx::__stoa(_TRet (*)(const _CharT*, _CharT**, _Base ...), const char*, const _CharT*, std::size_t*, _Base ...) [with _TRet = long unsigned int; _Ret = long unsigned int; _CharT = char; _Base = {int}; std::size_t = long unsigned int]'
/usr/lib/gcc/x86_64-pc-cygwin/11/include/c++/bits/basic_string.h:6630:29:   required from here
/usr/lib/gcc/x86_64-pc-cygwin/11/include/c++/ext/string_conversions.h:63:34: error: '_errno' was not declared in this scope; did you mean 'errno'?
   63 |         _Save_errno() : _M_errno(errno) { errno = 0; }
      |                                  ^~~~~
/usr/lib/gcc/x86_64-pc-cygwin/11/include/c++/ext/string_conversions.h: In instantiation of '_Ret __gnu_cxx::__stoa(_TRet (*)(const _CharT*, _CharT**, _Base ...), const char*, const _CharT*, std::size_t*, _Base ...) [with _TRet = long unsigned int; _Ret = long unsigned int; _CharT = char; _Base = {int}; std::size_t = long unsigned int]':
/usr/lib/gcc/x86_64-pc-cygwin/11/include/c++/bits/basic_string.h:6630:29:   required from here
/usr/lib/gcc/x86_64-pc-cygwin/11/include/c++/ext/string_conversions.h:84:16: error: '_errno' was not declared in this scope; did you mean 'errno'?
   84 |       else if (errno == ERANGE
      |                ^~~~~
/usr/lib/gcc/x86_64-pc-cygwin/11/include/c++/ext/string_conversions.h: In instantiation of '__gnu_cxx::__stoa(_TRet (*)(const _CharT*, _CharT**, _Base ...), const char*, const _CharT*, std::size_t*, _Base ...)::_Save_errno::_Save_errno() [with _TRet = long long int; _Ret = long long int; _CharT = char; _Base = {int}]':
/usr/lib/gcc/x86_64-pc-cygwin/11/include/c++/ext/string_conversions.h:66:7:   required from '_Ret __gnu_cxx::__stoa(_TRet (*)(const _CharT*, _CharT**, _Base ...), const char*, const _CharT*, std::size_t*, _Base ...) [with _TRet = long long int; _Ret = long long int; _CharT = char; _Base = {int}; std::size_t = long unsigned int]'
/usr/lib/gcc/x86_64-pc-cygwin/11/include/c++/bits/basic_string.h:6635:29:   required from here
/usr/lib/gcc/x86_64-pc-cygwin/11/include/c++/ext/string_conversions.h:63:34: error: '_errno' was not declared in this scope; did you mean 'errno'?
   63 |         _Save_errno() : _M_errno(errno) { errno = 0; }
      |                                  ^~~~~
/usr/lib/gcc/x86_64-pc-cygwin/11/include/c++/ext/string_conversions.h: In instantiation of '_Ret __gnu_cxx::__stoa(_TRet (*)(const _CharT*, _CharT**, _Base ...), const char*, const _CharT*, std::size_t*, _Base ...) [with _TRet = long long int; _Ret = long long int; _CharT = char; _Base = {int}; std::size_t = long unsigned int]':
/usr/lib/gcc/x86_64-pc-cygwin/11/include/c++/bits/basic_string.h:6635:29:   required from here
/usr/lib/gcc/x86_64-pc-cygwin/11/include/c++/ext/string_conversions.h:84:16: error: '_errno' was not declared in this scope; did you mean 'errno'?
   84 |       else if (errno == ERANGE
      |                ^~~~~
/usr/lib/gcc/x86_64-pc-cygwin/11/include/c++/ext/string_conversions.h: In instantiation of '__gnu_cxx::__stoa(_TRet (*)(const _CharT*, _CharT**, _Base ...), const char*, const _CharT*, std::size_t*, _Base ...)::_Save_errno::_Save_errno() [with _TRet = long long unsigned int; _Ret = long long unsigned int; _CharT = char; _Base = {int}]':
/usr/lib/gcc/x86_64-pc-cygwin/11/include/c++/ext/string_conversions.h:66:7:   required from '_Ret __gnu_cxx::__stoa(_TRet (*)(const _CharT*, _CharT**, _Base ...), const char*, const _CharT*, std::size_t*, _Base ...) [with _TRet = long long unsigned int; _Ret = long long unsigned int; _CharT = char; _Base = {int}; std::size_t = long unsigned int]'
/usr/lib/gcc/x86_64-pc-cygwin/11/include/c++/bits/basic_string.h:6640:29:   required from here
/usr/lib/gcc/x86_64-pc-cygwin/11/include/c++/ext/string_conversions.h:63:34: error: '_errno' was not declared in this scope; did you mean 'errno'?
   63 |         _Save_errno() : _M_errno(errno) { errno = 0; }
      |                                  ^~~~~
/usr/lib/gcc/x86_64-pc-cygwin/11/include/c++/ext/string_conversions.h: In instantiation of '_Ret __gnu_cxx::__stoa(_TRet (*)(const _CharT*, _CharT**, _Base ...), const char*, const _CharT*, std::size_t*, _Base ...) [with _TRet = long long unsigned int; _Ret = long long unsigned int; _CharT = char; _Base = {int}; std::size_t = long unsigned int]':
/usr/lib/gcc/x86_64-pc-cygwin/11/include/c++/bits/basic_string.h:6640:29:   required from here
/usr/lib/gcc/x86_64-pc-cygwin/11/include/c++/ext/string_conversions.h:84:16: error: '_errno' was not declared in this scope; did you mean 'errno'?
   84 |       else if (errno == ERANGE
      |                ^~~~~
/usr/lib/gcc/x86_64-pc-cygwin/11/include/c++/ext/string_conversions.h: In instantiation of '__gnu_cxx::__stoa(_TRet (*)(const _CharT*, _CharT**, _Base ...), const char*, const _CharT*, std::size_t*, _Base ...)::_Save_errno::_Save_errno() [with _TRet = float; _Ret = float; _CharT = char; _Base = {}]':
/usr/lib/gcc/x86_64-pc-cygwin/11/include/c++/ext/string_conversions.h:66:7:   required from '_Ret __gnu_cxx::__stoa(_TRet (*)(const _CharT*, _CharT**, _Base ...), const char*, const _CharT*, std::size_t*, _Base ...) [with _TRet = float; _Ret = float; _CharT = char; _Base = {}; std::size_t = long unsigned int]'
/usr/lib/gcc/x86_64-pc-cygwin/11/include/c++/bits/basic_string.h:6646:29:   required from here
/usr/lib/gcc/x86_64-pc-cygwin/11/include/c++/ext/string_conversions.h:63:34: error: '_errno' was not declared in this scope; did you mean 'errno'?
   63 |         _Save_errno() : _M_errno(errno) { errno = 0; }
      |                                  ^~~~~
/usr/lib/gcc/x86_64-pc-cygwin/11/include/c++/ext/string_conversions.h: In instantiation of '_Ret __gnu_cxx::__stoa(_TRet (*)(const _CharT*, _CharT**, _Base ...), const char*, const _CharT*, std::size_t*, _Base ...) [with _TRet = float; _Ret = float; _CharT = char; _Base = {}; std::size_t = long unsigned int]':
/usr/lib/gcc/x86_64-pc-cygwin/11/include/c++/bits/basic_string.h:6646:29:   required from here
/usr/lib/gcc/x86_64-pc-cygwin/11/include/c++/ext/string_conversions.h:84:16: error: '_errno' was not declared in this scope; did you mean 'errno'?
   84 |       else if (errno == ERANGE
      |                ^~~~~
/usr/lib/gcc/x86_64-pc-cygwin/11/include/c++/ext/string_conversions.h: In instantiation of '__gnu_cxx::__stoa(_TRet (*)(const _CharT*, _CharT**, _Base ...), const char*, const _CharT*, std::size_t*, _Base ...)::_Save_errno::_Save_errno() [with _TRet = double; _Ret = double; _CharT = char; _Base = {}]':
/usr/lib/gcc/x86_64-pc-cygwin/11/include/c++/ext/string_conversions.h:66:7:   required from '_Ret __gnu_cxx::__stoa(_TRet (*)(const _CharT*, _CharT**, _Base ...), const char*, const _CharT*, std::size_t*, _Base ...) [with _TRet = double; _Ret = double; _CharT = char; _Base = {}; std::size_t = long unsigned int]'
/usr/lib/gcc/x86_64-pc-cygwin/11/include/c++/bits/basic_string.h:6650:29:   required from here
/usr/lib/gcc/x86_64-pc-cygwin/11/include/c++/ext/string_conversions.h:63:34: error: '_errno' was not declared in this scope; did you mean 'errno'?
   63 |         _Save_errno() : _M_errno(errno) { errno = 0; }
      |                                  ^~~~~
/usr/lib/gcc/x86_64-pc-cygwin/11/include/c++/ext/string_conversions.h: In instantiation of '_Ret __gnu_cxx::__stoa(_TRet (*)(const _CharT*, _CharT**, _Base ...), const char*, const _CharT*, std::size_t*, _Base ...) [with _TRet = double; _Ret = double; _CharT = char; _Base = {}; std::size_t = long unsigned int]':
/usr/lib/gcc/x86_64-pc-cygwin/11/include/c++/bits/basic_string.h:6650:29:   required from here
/usr/lib/gcc/x86_64-pc-cygwin/11/include/c++/ext/string_conversions.h:84:16: error: '_errno' was not declared in this scope; did you mean 'errno'?
   84 |       else if (errno == ERANGE
      |                ^~~~~
/usr/lib/gcc/x86_64-pc-cygwin/11/include/c++/ext/string_conversions.h: In instantiation of '__gnu_cxx::__stoa(_TRet (*)(const _CharT*, _CharT**, _Base ...), const char*, const _CharT*, std::size_t*, _Base ...)::_Save_errno::_Save_errno() [with _TRet = long double; _Ret = long double; _CharT = char; _Base = {}]':
/usr/lib/gcc/x86_64-pc-cygwin/11/include/c++/ext/string_conversions.h:66:7:   required from '_Ret __gnu_cxx::__stoa(_TRet (*)(const _CharT*, _CharT**, _Base ...), const char*, const _CharT*, std::size_t*, _Base ...) [with _TRet = long double; _Ret = long double; _CharT = char; _Base = {}; std::size_t = long unsigned int]'
/usr/lib/gcc/x86_64-pc-cygwin/11/include/c++/bits/basic_string.h:6654:29:   required from here
/usr/lib/gcc/x86_64-pc-cygwin/11/include/c++/ext/string_conversions.h:63:34: error: '_errno' was not declared in this scope; did you mean 'errno'?
   63 |         _Save_errno() : _M_errno(errno) { errno = 0; }
      |                                  ^~~~~
/usr/lib/gcc/x86_64-pc-cygwin/11/include/c++/ext/string_conversions.h: In instantiation of '_Ret __gnu_cxx::__stoa(_TRet (*)(const _CharT*, _CharT**, _Base ...), const char*, const _CharT*, std::size_t*, _Base ...) [with _TRet = long double; _Ret = long double; _CharT = char; _Base = {}; std::size_t = long unsigned int]':
/usr/lib/gcc/x86_64-pc-cygwin/11/include/c++/bits/basic_string.h:6654:29:   required from here
/usr/lib/gcc/x86_64-pc-cygwin/11/include/c++/ext/string_conversions.h:84:16: error: '_errno' was not declared in this scope; did you mean 'errno'?
   84 |       else if (errno == ERANGE
      |                ^~~~~
/usr/lib/gcc/x86_64-pc-cygwin/11/include/c++/ext/string_conversions.h: In instantiation of '__gnu_cxx::__stoa(_TRet (*)(const _CharT*, _CharT**, _Base ...), const char*, const _CharT*, std::size_t*, _Base ...)::_Save_errno::_Save_errno() [with _TRet = long int; _Ret = int; _CharT = wchar_t; _Base = {int}]':
/usr/lib/gcc/x86_64-pc-cygwin/11/include/c++/ext/string_conversions.h:66:7:   required from '_Ret __gnu_cxx::__stoa(_TRet (*)(const _CharT*, _CharT**, _Base ...), const char*, const _CharT*, std::size_t*, _Base ...) [with _TRet = long int; _Ret = int; _CharT = wchar_t; _Base = {int}; std::size_t = long unsigned int]'
/usr/lib/gcc/x86_64-pc-cygwin/11/include/c++/bits/basic_string.h:6751:40:   required from here
/usr/lib/gcc/x86_64-pc-cygwin/11/include/c++/ext/string_conversions.h:63:34: error: '_errno' was not declared in this scope; did you mean 'errno'?
   63 |         _Save_errno() : _M_errno(errno) { errno = 0; }
      |                                  ^~~~~
/usr/lib/gcc/x86_64-pc-cygwin/11/include/c++/ext/string_conversions.h: In instantiation of '_Ret __gnu_cxx::__stoa(_TRet (*)(const _CharT*, _CharT**, _Base ...), const char*, const _CharT*, std::size_t*, _Base ...) [with _TRet = long int; _Ret = int; _CharT = wchar_t; _Base = {int}; std::size_t = long unsigned int]':
/usr/lib/gcc/x86_64-pc-cygwin/11/include/c++/bits/basic_string.h:6751:40:   required from here
/usr/lib/gcc/x86_64-pc-cygwin/11/include/c++/ext/string_conversions.h:84:16: error: '_errno' was not declared in this scope; did you mean 'errno'?
   84 |       else if (errno == ERANGE
      |                ^~~~~
/usr/lib/gcc/x86_64-pc-cygwin/11/include/c++/ext/string_conversions.h: In instantiation of '__gnu_cxx::__stoa(_TRet (*)(const _CharT*, _CharT**, _Base ...), const char*, const _CharT*, std::size_t*, _Base ...)::_Save_errno::_Save_errno() [with _TRet = long int; _Ret = long int; _CharT = wchar_t; _Base = {int}]':
/usr/lib/gcc/x86_64-pc-cygwin/11/include/c++/ext/string_conversions.h:66:7:   required from '_Ret __gnu_cxx::__stoa(_TRet (*)(const _CharT*, _CharT**, _Base ...), const char*, const _CharT*, std::size_t*, _Base ...) [with _TRet = long int; _Ret = long int; _CharT = wchar_t; _Base = {int}; std::size_t = long unsigned int]'
/usr/lib/gcc/x86_64-pc-cygwin/11/include/c++/bits/basic_string.h:6756:29:   required from here
/usr/lib/gcc/x86_64-pc-cygwin/11/include/c++/ext/string_conversions.h:63:34: error: '_errno' was not declared in this scope; did you mean 'errno'?
   63 |         _Save_errno() : _M_errno(errno) { errno = 0; }
      |                                  ^~~~~
/usr/lib/gcc/x86_64-pc-cygwin/11/include/c++/ext/string_conversions.h: In instantiation of '_Ret __gnu_cxx::__stoa(_TRet (*)(const _CharT*, _CharT**, _Base ...), const char*, const _CharT*, std::size_t*, _Base ...) [with _TRet = long int; _Ret = long int; _CharT = wchar_t; _Base = {int}; std::size_t = long unsigned int]':
/usr/lib/gcc/x86_64-pc-cygwin/11/include/c++/bits/basic_string.h:6756:29:   required from here
/usr/lib/gcc/x86_64-pc-cygwin/11/include/c++/ext/string_conversions.h:84:16: error: '_errno' was not declared in this scope; did you mean 'errno'?
   84 |       else if (errno == ERANGE
      |                ^~~~~
/usr/lib/gcc/x86_64-pc-cygwin/11/include/c++/ext/string_conversions.h: In instantiation of '__gnu_cxx::__stoa(_TRet (*)(const _CharT*, _CharT**, _Base ...), const char*, const _CharT*, std::size_t*, _Base ...)::_Save_errno::_Save_errno() [with _TRet = long unsigned int; _Ret = long unsigned int; _CharT = wchar_t; _Base = {int}]':
/usr/lib/gcc/x86_64-pc-cygwin/11/include/c++/ext/string_conversions.h:66:7:   required from '_Ret __gnu_cxx::__stoa(_TRet (*)(const _CharT*, _CharT**, _Base ...), const char*, const _CharT*, std::size_t*, _Base ...) [with _TRet = long unsigned int; _Ret = long unsigned int; _CharT = wchar_t; _Base = {int}; std::size_t = long unsigned int]'
/usr/lib/gcc/x86_64-pc-cygwin/11/include/c++/bits/basic_string.h:6761:29:   required from here
/usr/lib/gcc/x86_64-pc-cygwin/11/include/c++/ext/string_conversions.h:63:34: error: '_errno' was not declared in this scope; did you mean 'errno'?
   63 |         _Save_errno() : _M_errno(errno) { errno = 0; }
      |                                  ^~~~~
/usr/lib/gcc/x86_64-pc-cygwin/11/include/c++/ext/string_conversions.h: In instantiation of '_Ret __gnu_cxx::__stoa(_TRet (*)(const _CharT*, _CharT**, _Base ...), const char*, const _CharT*, std::size_t*, _Base ...) [with _TRet = long unsigned int; _Ret = long unsigned int; _CharT = wchar_t; _Base = {int}; std::size_t = long unsigned int]':
/usr/lib/gcc/x86_64-pc-cygwin/11/include/c++/bits/basic_string.h:6761:29:   required from here
/usr/lib/gcc/x86_64-pc-cygwin/11/include/c++/ext/string_conversions.h:84:16: error: '_errno' was not declared in this scope; did you mean 'errno'?
   84 |       else if (errno == ERANGE
      |                ^~~~~
/usr/lib/gcc/x86_64-pc-cygwin/11/include/c++/ext/string_conversions.h: In instantiation of '__gnu_cxx::__stoa(_TRet (*)(const _CharT*, _CharT**, _Base ...), const char*, const _CharT*, std::size_t*, _Base ...)::_Save_errno::_Save_errno() [with _TRet = long long int; _Ret = long long int; _CharT = wchar_t; _Base = {int}]':
/usr/lib/gcc/x86_64-pc-cygwin/11/include/c++/ext/string_conversions.h:66:7:   required from '_Ret __gnu_cxx::__stoa(_TRet (*)(const _CharT*, _CharT**, _Base ...), const char*, const _CharT*, std::size_t*, _Base ...) [with _TRet = long long int; _Ret = long long int; _CharT = wchar_t; _Base = {int}; std::size_t = long unsigned int]'
/usr/lib/gcc/x86_64-pc-cygwin/11/include/c++/bits/basic_string.h:6766:29:   required from here
/usr/lib/gcc/x86_64-pc-cygwin/11/include/c++/ext/string_conversions.h:63:34: error: '_errno' was not declared in this scope; did you mean 'errno'?
   63 |         _Save_errno() : _M_errno(errno) { errno = 0; }
      |                                  ^~~~~
/usr/lib/gcc/x86_64-pc-cygwin/11/include/c++/ext/string_conversions.h: In instantiation of '_Ret __gnu_cxx::__stoa(_TRet (*)(const _CharT*, _CharT**, _Base ...), const char*, const _CharT*, std::size_t*, _Base ...) [with _TRet = long long int; _Ret = long long int; _CharT = wchar_t; _Base = {int}; std::size_t = long unsigned int]':
/usr/lib/gcc/x86_64-pc-cygwin/11/include/c++/bits/basic_string.h:6766:29:   required from here
/usr/lib/gcc/x86_64-pc-cygwin/11/include/c++/ext/string_conversions.h:84:16: error: '_errno' was not declared in this scope; did you mean 'errno'?
   84 |       else if (errno == ERANGE
      |                ^~~~~
/usr/lib/gcc/x86_64-pc-cygwin/11/include/c++/ext/string_conversions.h: In instantiation of '__gnu_cxx::__stoa(_TRet (*)(const _CharT*, _CharT**, _Base ...), const char*, const _CharT*, std::size_t*, _Base ...)::_Save_errno::_Save_errno() [with _TRet = long long unsigned int; _Ret = long long unsigned int; _CharT = wchar_t; _Base = {int}]':
/usr/lib/gcc/x86_64-pc-cygwin/11/include/c++/ext/string_conversions.h:66:7:   required from '_Ret __gnu_cxx::__stoa(_TRet (*)(const _CharT*, _CharT**, _Base ...), const char*, const _CharT*, std::size_t*, _Base ...) [with _TRet = long long unsigned int; _Ret = long long unsigned int; _CharT = wchar_t; _Base = {int}; std::size_t = long unsigned int]'
/usr/lib/gcc/x86_64-pc-cygwin/11/include/c++/bits/basic_string.h:6771:29:   required from here
/usr/lib/gcc/x86_64-pc-cygwin/11/include/c++/ext/string_conversions.h:63:34: error: '_errno' was not declared in this scope; did you mean 'errno'?
   63 |         _Save_errno() : _M_errno(errno) { errno = 0; }
      |                                  ^~~~~
/usr/lib/gcc/x86_64-pc-cygwin/11/include/c++/ext/string_conversions.h: In instantiation of '_Ret __gnu_cxx::__stoa(_TRet (*)(const _CharT*, _CharT**, _Base ...), const char*, const _CharT*, std::size_t*, _Base ...) [with _TRet = long long unsigned int; _Ret = long long unsigned int; _CharT = wchar_t; _Base = {int}; std::size_t = long unsigned int]':
/usr/lib/gcc/x86_64-pc-cygwin/11/include/c++/bits/basic_string.h:6771:29:   required from here
/usr/lib/gcc/x86_64-pc-cygwin/11/include/c++/ext/string_conversions.h:84:16: error: '_errno' was not declared in this scope; did you mean 'errno'?
   84 |       else if (errno == ERANGE
      |                ^~~~~
/usr/lib/gcc/x86_64-pc-cygwin/11/include/c++/ext/string_conversions.h: In instantiation of '__gnu_cxx::__stoa(_TRet (*)(const _CharT*, _CharT**, _Base ...), const char*, const _CharT*, std::size_t*, _Base ...)::_Save_errno::_Save_errno() [with _TRet = float; _Ret = float; _CharT = wchar_t; _Base = {}]':
/usr/lib/gcc/x86_64-pc-cygwin/11/include/c++/ext/string_conversions.h:66:7:   required from '_Ret __gnu_cxx::__stoa(_TRet (*)(const _CharT*, _CharT**, _Base ...), const char*, const _CharT*, std::size_t*, _Base ...) [with _TRet = float; _Ret = float; _CharT = wchar_t; _Base = {}; std::size_t = long unsigned int]'
/usr/lib/gcc/x86_64-pc-cygwin/11/include/c++/bits/basic_string.h:6777:29:   required from here
/usr/lib/gcc/x86_64-pc-cygwin/11/include/c++/ext/string_conversions.h:63:34: error: '_errno' was not declared in this scope; did you mean 'errno'?
   63 |         _Save_errno() : _M_errno(errno) { errno = 0; }
      |                                  ^~~~~
/usr/lib/gcc/x86_64-pc-cygwin/11/include/c++/ext/string_conversions.h: In instantiation of '_Ret __gnu_cxx::__stoa(_TRet (*)(const _CharT*, _CharT**, _Base ...), const char*, const _CharT*, std::size_t*, _Base ...) [with _TRet = float; _Ret = float; _CharT = wchar_t; _Base = {}; std::size_t = long unsigned int]':
/usr/lib/gcc/x86_64-pc-cygwin/11/include/c++/bits/basic_string.h:6777:29:   required from here
/usr/lib/gcc/x86_64-pc-cygwin/11/include/c++/ext/string_conversions.h:84:16: error: '_errno' was not declared in this scope; did you mean 'errno'?
   84 |       else if (errno == ERANGE
      |                ^~~~~
/usr/lib/gcc/x86_64-pc-cygwin/11/include/c++/ext/string_conversions.h: In instantiation of '__gnu_cxx::__stoa(_TRet (*)(const _CharT*, _CharT**, _Base ...), const char*, const _CharT*, std::size_t*, _Base ...)::_Save_errno::_Save_errno() [with _TRet = double; _Ret = double; _CharT = wchar_t; _Base = {}]':
/usr/lib/gcc/x86_64-pc-cygwin/11/include/c++/ext/string_conversions.h:66:7:   required from '_Ret __gnu_cxx::__stoa(_TRet (*)(const _CharT*, _CharT**, _Base ...), const char*, const _CharT*, std::size_t*, _Base ...) [with _TRet = double; _Ret = double; _CharT = wchar_t; _Base = {}; std::size_t = long unsigned int]'
/usr/lib/gcc/x86_64-pc-cygwin/11/include/c++/bits/basic_string.h:6781:29:   required from here
/usr/lib/gcc/x86_64-pc-cygwin/11/include/c++/ext/string_conversions.h:63:34: error: '_errno' was not declared in this scope; did you mean 'errno'?
   63 |         _Save_errno() : _M_errno(errno) { errno = 0; }
      |                                  ^~~~~
/usr/lib/gcc/x86_64-pc-cygwin/11/include/c++/ext/string_conversions.h: In instantiation of '_Ret __gnu_cxx::__stoa(_TRet (*)(const _CharT*, _CharT**, _Base ...), const char*, const _CharT*, std::size_t*, _Base ...) [with _TRet = double; _Ret = double; _CharT = wchar_t; _Base = {}; std::size_t = long unsigned int]':
/usr/lib/gcc/x86_64-pc-cygwin/11/include/c++/bits/basic_string.h:6781:29:   required from here
/usr/lib/gcc/x86_64-pc-cygwin/11/include/c++/ext/string_conversions.h:84:16: error: '_errno' was not declared in this scope; did you mean 'errno'?
   84 |       else if (errno == ERANGE
      |                ^~~~~
/usr/lib/gcc/x86_64-pc-cygwin/11/include/c++/ext/string_conversions.h: In instantiation of '__gnu_cxx::__stoa(_TRet (*)(const _CharT*, _CharT**, _Base ...), const char*, const _CharT*, std::size_t*, _Base ...)::_Save_errno::_Save_errno() [with _TRet = long double; _Ret = long double; _CharT = wchar_t; _Base = {}]':
/usr/lib/gcc/x86_64-pc-cygwin/11/include/c++/ext/string_conversions.h:66:7:   required from '_Ret __gnu_cxx::__stoa(_TRet (*)(const _CharT*, _CharT**, _Base ...), const char*, const _CharT*, std::size_t*, _Base ...) [with _TRet = long double; _Ret = long double; _CharT = wchar_t; _Base = {}; std::size_t = long unsigned int]'
/usr/lib/gcc/x86_64-pc-cygwin/11/include/c++/bits/basic_string.h:6785:29:   required from here
/usr/lib/gcc/x86_64-pc-cygwin/11/include/c++/ext/string_conversions.h:63:34: error: '_errno' was not declared in this scope; did you mean 'errno'?
   63 |         _Save_errno() : _M_errno(errno) { errno = 0; }
      |                                  ^~~~~
/usr/lib/gcc/x86_64-pc-cygwin/11/include/c++/ext/string_conversions.h: In instantiation of '_Ret __gnu_cxx::__stoa(_TRet (*)(const _CharT*, _CharT**, _Base ...), const char*, const _CharT*, std::size_t*, _Base ...) [with _TRet = long double; _Ret = long double; _CharT = wchar_t; _Base = {}; std::size_t = long unsigned int]':
/usr/lib/gcc/x86_64-pc-cygwin/11/include/c++/bits/basic_string.h:6785:29:   required from here
/usr/lib/gcc/x86_64-pc-cygwin/11/include/c++/ext/string_conversions.h:84:16: error: '_errno' was not declared in this scope; did you mean 'errno'?
   84 |       else if (errno == ERANGE
      |                ^~~~~
make[2]: *** [CMakeFiles/katago.dir/build.make:84: CMakeFiles/katago.dir/core/global.cpp.obj] Error 1
make[1]: *** [CMakeFiles/Makefile2:83: CMakeFiles/katago.dir/all] Error 2
make: *** [Makefile:91: all] Error 2

